<?xml version="1.0" encoding="UTF-8"?>
<testsuite name="CSCI5308.GroupFormationTool.CoursesTest.StudentCSVParserTest" tests="1" skipped="0" failures="0" errors="0" timestamp="2020-07-17T03:33:01" hostname="DESKTOP-U6HMV4A" time="0.004">
  <properties/>
  <testcase name="parseCSVFile()" classname="CSCI5308.GroupFormationTool.CoursesTest.StudentCSVParserTest" time="0.004"/>
  <system-out><![CDATA[2020-07-17 00:33:01.653 [THREAD -- Test worker] [CLASS -- o.s.t.c.s.AbstractTestContextBootstrapper] INFO  org.springframework.boot.test.context.SpringBootTestContextBootstrapper - Neither @ContextConfiguration nor @ContextHierarchy found for test class [CSCI5308.GroupFormationTool.CoursesTest.StudentCSVParserTest], using SpringBootContextLoader
2020-07-17 00:33:01.654 [THREAD -- Test worker] [CLASS -- o.s.t.c.s.AbstractContextLoader] INFO  org.springframework.test.context.support.AbstractContextLoader - Could not detect default resource locations for test class [CSCI5308.GroupFormationTool.CoursesTest.StudentCSVParserTest]: no resource found for suffixes {-context.xml, Context.groovy}.
2020-07-17 00:33:01.655 [THREAD -- Test worker] [CLASS -- o.s.t.c.s.AnnotationConfigContextLoaderUtils] INFO  org.springframework.test.context.support.AnnotationConfigContextLoaderUtils - Could not detect default configuration classes for test class [CSCI5308.GroupFormationTool.CoursesTest.StudentCSVParserTest]: StudentCSVParserTest does not declare any static, non-private, non-final, nested classes annotated with @Configuration.
2020-07-17 00:33:01.658 [THREAD -- Test worker] [CLASS -- o.s.b.t.c.SpringBootTestContextBootstrapper] INFO  org.springframework.boot.test.context.SpringBootTestContextBootstrapper - Found @SpringBootConfiguration CSCI5308.GroupFormationTool.GroupFormationToolApplication for test class CSCI5308.GroupFormationTool.CoursesTest.StudentCSVParserTest
2020-07-17 00:33:01.660 [THREAD -- Test worker] [CLASS -- o.s.t.c.s.AbstractTestContextBootstrapper] INFO  org.springframework.boot.test.context.SpringBootTestContextBootstrapper - Loaded default TestExecutionListener class names from location [META-INF/spring.factories]: [org.springframework.security.test.context.support.WithSecurityContextTestExecutionListener, org.springframework.security.test.context.support.ReactorContextTestExecutionListener, org.springframework.boot.test.autoconfigure.restdocs.RestDocsTestExecutionListener, org.springframework.boot.test.autoconfigure.web.client.MockRestServiceServerResetTestExecutionListener, org.springframework.boot.test.autoconfigure.web.servlet.MockMvcPrintOnlyOnFailureTestExecutionListener, org.springframework.boot.test.autoconfigure.web.servlet.WebDriverTestExecutionListener, org.springframework.boot.test.mock.mockito.MockitoTestExecutionListener, org.springframework.boot.test.mock.mockito.ResetMocksTestExecutionListener, org.springframework.test.context.web.ServletTestExecutionListener, org.springframework.test.context.support.DirtiesContextBeforeModesTestExecutionListener, org.springframework.test.context.support.DependencyInjectionTestExecutionListener, org.springframework.test.context.support.DirtiesContextTestExecutionListener, org.springframework.test.context.transaction.TransactionalTestExecutionListener, org.springframework.test.context.jdbc.SqlScriptsTestExecutionListener, org.springframework.test.context.event.EventPublishingTestExecutionListener]
2020-07-17 00:33:01.662 [THREAD -- Test worker] [CLASS -- o.s.t.c.s.AbstractTestContextBootstrapper] INFO  org.springframework.boot.test.context.SpringBootTestContextBootstrapper - Using TestExecutionListeners: [org.springframework.test.context.web.ServletTestExecutionListener@2881e5a7, org.springframework.test.context.support.DirtiesContextBeforeModesTestExecutionListener@6f1a71d0, org.springframework.boot.test.mock.mockito.MockitoTestExecutionListener@58699249, org.springframework.boot.test.autoconfigure.SpringBootDependencyInjectionTestExecutionListener@27fc53aa, org.springframework.test.context.support.DirtiesContextTestExecutionListener@77362f, org.springframework.security.test.context.support.WithSecurityContextTestExecutionListener@3c5f4300, org.springframework.test.context.event.EventPublishingTestExecutionListener@28306518, org.springframework.security.test.context.support.ReactorContextTestExecutionListener@6d1412b7, org.springframework.boot.test.autoconfigure.restdocs.RestDocsTestExecutionListener@54eb8774, org.springframework.boot.test.autoconfigure.web.client.MockRestServiceServerResetTestExecutionListener@126a99aa, org.springframework.boot.test.autoconfigure.web.servlet.MockMvcPrintOnlyOnFailureTestExecutionListener@3959265a, org.springframework.boot.test.autoconfigure.web.servlet.WebDriverTestExecutionListener@74950a6c, org.springframework.boot.test.mock.mockito.ResetMocksTestExecutionListener@7ccdf3ad]
]]></system-out>
  <system-err><![CDATA[]]></system-err>
</testsuite>
