<?xml version="1.0" encoding="UTF-8"?>
<testsuite name="CSCI5308.GroupFormationTool.AnswersTest.AnswerTest" tests="1" skipped="0" failures="0" errors="0" timestamp="2020-07-17T01:35:01" hostname="Camp_Nou" time="0.024">
  <properties/>
  <testcase name="AnswerConstructorTest()" classname="CSCI5308.GroupFormationTool.AnswersTest.AnswerTest" time="0.024"/>
  <system-out><![CDATA[2020-07-16 22:35:01.346  INFO 16504 --- [    Test worker] .b.t.c.SpringBootTestContextBootstrapper : Neither @ContextConfiguration nor @ContextHierarchy found for test class [CSCI5308.GroupFormationTool.AnswersTest.AnswerTest], using SpringBootContextLoader
2020-07-16 22:35:01.347  INFO 16504 --- [    Test worker] o.s.t.c.support.AbstractContextLoader    : Could not detect default resource locations for test class [CSCI5308.GroupFormationTool.AnswersTest.AnswerTest]: no resource found for suffixes {-context.xml, Context.groovy}.
2020-07-16 22:35:01.348  INFO 16504 --- [    Test worker] t.c.s.AnnotationConfigContextLoaderUtils : Could not detect default configuration classes for test class [CSCI5308.GroupFormationTool.AnswersTest.AnswerTest]: AnswerTest does not declare any static, non-private, non-final, nested classes annotated with @Configuration.
2020-07-16 22:35:01.361  INFO 16504 --- [    Test worker] .b.t.c.SpringBootTestContextBootstrapper : Found @SpringBootConfiguration CSCI5308.GroupFormationTool.GroupFormationToolApplication for test class CSCI5308.GroupFormationTool.AnswersTest.AnswerTest
2020-07-16 22:35:01.364  INFO 16504 --- [    Test worker] .b.t.c.SpringBootTestContextBootstrapper : Loaded default TestExecutionListener class names from location [META-INF/spring.factories]: [org.springframework.security.test.context.support.WithSecurityContextTestExecutionListener, org.springframework.security.test.context.support.ReactorContextTestExecutionListener, org.springframework.boot.test.autoconfigure.restdocs.RestDocsTestExecutionListener, org.springframework.boot.test.autoconfigure.web.client.MockRestServiceServerResetTestExecutionListener, org.springframework.boot.test.autoconfigure.web.servlet.MockMvcPrintOnlyOnFailureTestExecutionListener, org.springframework.boot.test.autoconfigure.web.servlet.WebDriverTestExecutionListener, org.springframework.boot.test.mock.mockito.MockitoTestExecutionListener, org.springframework.boot.test.mock.mockito.ResetMocksTestExecutionListener, org.springframework.test.context.web.ServletTestExecutionListener, org.springframework.test.context.support.DirtiesContextBeforeModesTestExecutionListener, org.springframework.test.context.support.DependencyInjectionTestExecutionListener, org.springframework.test.context.support.DirtiesContextTestExecutionListener, org.springframework.test.context.transaction.TransactionalTestExecutionListener, org.springframework.test.context.jdbc.SqlScriptsTestExecutionListener, org.springframework.test.context.event.EventPublishingTestExecutionListener]
2020-07-16 22:35:01.366  INFO 16504 --- [    Test worker] .b.t.c.SpringBootTestContextBootstrapper : Using TestExecutionListeners: [org.springframework.test.context.web.ServletTestExecutionListener@28afcf39, org.springframework.test.context.support.DirtiesContextBeforeModesTestExecutionListener@c0cc838, org.springframework.boot.test.mock.mockito.MockitoTestExecutionListener@651c319, org.springframework.boot.test.autoconfigure.SpringBootDependencyInjectionTestExecutionListener@2b5401b1, org.springframework.test.context.support.DirtiesContextTestExecutionListener@7d54c5e5, org.springframework.security.test.context.support.WithSecurityContextTestExecutionListener@17f38f7f, org.springframework.test.context.event.EventPublishingTestExecutionListener@1fb2df93, org.springframework.security.test.context.support.ReactorContextTestExecutionListener@14e01c5d, org.springframework.boot.test.autoconfigure.restdocs.RestDocsTestExecutionListener@4f4098c9, org.springframework.boot.test.autoconfigure.web.client.MockRestServiceServerResetTestExecutionListener@44c36e29, org.springframework.boot.test.autoconfigure.web.servlet.MockMvcPrintOnlyOnFailureTestExecutionListener@4d846f65, org.springframework.boot.test.autoconfigure.web.servlet.WebDriverTestExecutionListener@5912907c, org.springframework.boot.test.mock.mockito.ResetMocksTestExecutionListener@12dfdd47]
]]></system-out>
  <system-err><![CDATA[]]></system-err>
</testsuite>
