<?xml version="1.0" encoding="UTF-8"?>
<testsuite name="CSCI5308.GroupFormationTool.CoursesTest.CourseUserRelationshipTest" tests="3" skipped="0" failures="0" errors="0" timestamp="2020-07-17T02:28:10" hostname="DESKTOP-U6HMV4A" time="0.106">
  <properties/>
  <testcase name="userHasRoleInCourse()" classname="CSCI5308.GroupFormationTool.CoursesTest.CourseUserRelationshipTest" time="0.096"/>
  <testcase name="enrollUserInCourse()" classname="CSCI5308.GroupFormationTool.CoursesTest.CourseUserRelationshipTest" time="0.003"/>
  <testcase name="loadAllRoluesForUserInCourse()" classname="CSCI5308.GroupFormationTool.CoursesTest.CourseUserRelationshipTest" time="0.006"/>
  <system-out><![CDATA[2020-07-16 23:28:10.847 [o.s.t.c.s.AbstractTestContextBootstrapper] INFO  - Neither @ContextConfiguration nor @ContextHierarchy found for test class [CSCI5308.GroupFormationTool.CoursesTest.CourseUserRelationshipTest], using SpringBootContextLoader
2020-07-16 23:28:10.849 [o.s.t.c.s.AbstractContextLoader] INFO  - Could not detect default resource locations for test class [CSCI5308.GroupFormationTool.CoursesTest.CourseUserRelationshipTest]: no resource found for suffixes {-context.xml, Context.groovy}.
2020-07-16 23:28:10.849 [o.s.t.c.s.AnnotationConfigContextLoaderUtils] INFO  - Could not detect default configuration classes for test class [CSCI5308.GroupFormationTool.CoursesTest.CourseUserRelationshipTest]: CourseUserRelationshipTest does not declare any static, non-private, non-final, nested classes annotated with @Configuration.
2020-07-16 23:28:10.851 [o.s.b.t.c.SpringBootTestContextBootstrapper] INFO  - Found @SpringBootConfiguration CSCI5308.GroupFormationTool.GroupFormationToolApplication for test class CSCI5308.GroupFormationTool.CoursesTest.CourseUserRelationshipTest
2020-07-16 23:28:10.853 [o.s.t.c.s.AbstractTestContextBootstrapper] INFO  - Loaded default TestExecutionListener class names from location [META-INF/spring.factories]: [org.springframework.security.test.context.support.WithSecurityContextTestExecutionListener, org.springframework.security.test.context.support.ReactorContextTestExecutionListener, org.springframework.boot.test.autoconfigure.restdocs.RestDocsTestExecutionListener, org.springframework.boot.test.autoconfigure.web.client.MockRestServiceServerResetTestExecutionListener, org.springframework.boot.test.autoconfigure.web.servlet.MockMvcPrintOnlyOnFailureTestExecutionListener, org.springframework.boot.test.autoconfigure.web.servlet.WebDriverTestExecutionListener, org.springframework.boot.test.mock.mockito.MockitoTestExecutionListener, org.springframework.boot.test.mock.mockito.ResetMocksTestExecutionListener, org.springframework.test.context.web.ServletTestExecutionListener, org.springframework.test.context.support.DirtiesContextBeforeModesTestExecutionListener, org.springframework.test.context.support.DependencyInjectionTestExecutionListener, org.springframework.test.context.support.DirtiesContextTestExecutionListener, org.springframework.test.context.transaction.TransactionalTestExecutionListener, org.springframework.test.context.jdbc.SqlScriptsTestExecutionListener, org.springframework.test.context.event.EventPublishingTestExecutionListener]
2020-07-16 23:28:10.857 [o.s.t.c.s.AbstractTestContextBootstrapper] INFO  - Using TestExecutionListeners: [org.springframework.test.context.web.ServletTestExecutionListener@4e60f417, org.springframework.test.context.support.DirtiesContextBeforeModesTestExecutionListener@47d6c0ce, org.springframework.boot.test.mock.mockito.MockitoTestExecutionListener@a85779d, org.springframework.boot.test.autoconfigure.SpringBootDependencyInjectionTestExecutionListener@5e3d498f, org.springframework.test.context.support.DirtiesContextTestExecutionListener@1734de13, org.springframework.security.test.context.support.WithSecurityContextTestExecutionListener@6695bc8b, org.springframework.test.context.event.EventPublishingTestExecutionListener@478d165b, org.springframework.security.test.context.support.ReactorContextTestExecutionListener@73c85e14, org.springframework.boot.test.autoconfigure.restdocs.RestDocsTestExecutionListener@42bdd238, org.springframework.boot.test.autoconfigure.web.client.MockRestServiceServerResetTestExecutionListener@9075f00, org.springframework.boot.test.autoconfigure.web.servlet.MockMvcPrintOnlyOnFailureTestExecutionListener@2617afb5, org.springframework.boot.test.autoconfigure.web.servlet.WebDriverTestExecutionListener@171e6d9d, org.springframework.boot.test.mock.mockito.ResetMocksTestExecutionListener@3b1e5154]
2020-07-16 23:28:10.862 [C.G.A.User] INFO  - setting Defaults to User
2020-07-16 23:28:10.958 [C.G.A.User] INFO  - setting Defaults to User
2020-07-16 23:28:10.962 [C.G.A.User] INFO  - setting Defaults to User
]]></system-out>
  <system-err><![CDATA[]]></system-err>
</testsuite>
