<?xml version="1.0" encoding="UTF-8"?>
<testsuite name="CSCI5308.GroupFormationTool.AnswersTest.AnswerTest" tests="5" skipped="0" failures="0" errors="0" timestamp="2020-07-17T03:32:59" hostname="DESKTOP-U6HMV4A" time="0.024">
  <properties/>
  <testcase name="getAnswerValueTest()" classname="CSCI5308.GroupFormationTool.AnswersTest.AnswerTest" time="0.007"/>
  <testcase name="setAnswerValueTest()" classname="CSCI5308.GroupFormationTool.AnswersTest.AnswerTest" time="0.002"/>
  <testcase name="getAnswerIdTest()" classname="CSCI5308.GroupFormationTool.AnswersTest.AnswerTest" time="0.003"/>
  <testcase name="setAnswerIdTest()" classname="CSCI5308.GroupFormationTool.AnswersTest.AnswerTest" time="0.004"/>
  <testcase name="ConstructorTest()" classname="CSCI5308.GroupFormationTool.AnswersTest.AnswerTest" time="0.003"/>
  <system-out><![CDATA[2020-07-17 00:32:59.649 [THREAD -- Test worker] [CLASS -- o.s.t.c.s.AbstractTestContextBootstrapper] INFO  org.springframework.boot.test.context.SpringBootTestContextBootstrapper - Neither @ContextConfiguration nor @ContextHierarchy found for test class [CSCI5308.GroupFormationTool.AnswersTest.AnswerTest], using SpringBootContextLoader
2020-07-17 00:32:59.650 [THREAD -- Test worker] [CLASS -- o.s.t.c.s.AbstractContextLoader] INFO  org.springframework.test.context.support.AbstractContextLoader - Could not detect default resource locations for test class [CSCI5308.GroupFormationTool.AnswersTest.AnswerTest]: no resource found for suffixes {-context.xml, Context.groovy}.
2020-07-17 00:32:59.651 [THREAD -- Test worker] [CLASS -- o.s.t.c.s.AnnotationConfigContextLoaderUtils] INFO  org.springframework.test.context.support.AnnotationConfigContextLoaderUtils - Could not detect default configuration classes for test class [CSCI5308.GroupFormationTool.AnswersTest.AnswerTest]: AnswerTest does not declare any static, non-private, non-final, nested classes annotated with @Configuration.
2020-07-17 00:32:59.660 [THREAD -- Test worker] [CLASS -- o.s.b.t.c.SpringBootTestContextBootstrapper] INFO  org.springframework.boot.test.context.SpringBootTestContextBootstrapper - Found @SpringBootConfiguration CSCI5308.GroupFormationTool.GroupFormationToolApplication for test class CSCI5308.GroupFormationTool.AnswersTest.AnswerTest
2020-07-17 00:32:59.662 [THREAD -- Test worker] [CLASS -- o.s.t.c.s.AbstractTestContextBootstrapper] INFO  org.springframework.boot.test.context.SpringBootTestContextBootstrapper - Loaded default TestExecutionListener class names from location [META-INF/spring.factories]: [org.springframework.security.test.context.support.WithSecurityContextTestExecutionListener, org.springframework.security.test.context.support.ReactorContextTestExecutionListener, org.springframework.boot.test.autoconfigure.restdocs.RestDocsTestExecutionListener, org.springframework.boot.test.autoconfigure.web.client.MockRestServiceServerResetTestExecutionListener, org.springframework.boot.test.autoconfigure.web.servlet.MockMvcPrintOnlyOnFailureTestExecutionListener, org.springframework.boot.test.autoconfigure.web.servlet.WebDriverTestExecutionListener, org.springframework.boot.test.mock.mockito.MockitoTestExecutionListener, org.springframework.boot.test.mock.mockito.ResetMocksTestExecutionListener, org.springframework.test.context.web.ServletTestExecutionListener, org.springframework.test.context.support.DirtiesContextBeforeModesTestExecutionListener, org.springframework.test.context.support.DependencyInjectionTestExecutionListener, org.springframework.test.context.support.DirtiesContextTestExecutionListener, org.springframework.test.context.transaction.TransactionalTestExecutionListener, org.springframework.test.context.jdbc.SqlScriptsTestExecutionListener, org.springframework.test.context.event.EventPublishingTestExecutionListener]
2020-07-17 00:32:59.665 [THREAD -- Test worker] [CLASS -- o.s.t.c.s.AbstractTestContextBootstrapper] INFO  org.springframework.boot.test.context.SpringBootTestContextBootstrapper - Using TestExecutionListeners: [org.springframework.test.context.web.ServletTestExecutionListener@381faa6, org.springframework.test.context.support.DirtiesContextBeforeModesTestExecutionListener@3b3f30bf, org.springframework.boot.test.mock.mockito.MockitoTestExecutionListener@1785232c, org.springframework.boot.test.autoconfigure.SpringBootDependencyInjectionTestExecutionListener@7e238c28, org.springframework.test.context.support.DirtiesContextTestExecutionListener@727b0d80, org.springframework.security.test.context.support.WithSecurityContextTestExecutionListener@300361b8, org.springframework.test.context.event.EventPublishingTestExecutionListener@e21b8d7, org.springframework.security.test.context.support.ReactorContextTestExecutionListener@6c8127f7, org.springframework.boot.test.autoconfigure.restdocs.RestDocsTestExecutionListener@46bc30ea, org.springframework.boot.test.autoconfigure.web.client.MockRestServiceServerResetTestExecutionListener@6d999724, org.springframework.boot.test.autoconfigure.web.servlet.MockMvcPrintOnlyOnFailureTestExecutionListener@6efd7d40, org.springframework.boot.test.autoconfigure.web.servlet.WebDriverTestExecutionListener@b2641f7, org.springframework.boot.test.mock.mockito.ResetMocksTestExecutionListener@2cba0b19]
]]></system-out>
  <system-err><![CDATA[]]></system-err>
</testsuite>
