<?xml version="1.0" encoding="UTF-8"?>
<testsuite name="CSCI5308.GroupFormationTool.GroupFormationToolApplicationTests" tests="1" skipped="0" failures="0" errors="0" timestamp="2020-07-17T02:28:11" hostname="DESKTOP-U6HMV4A" time="0.005">
  <properties/>
  <testcase name="contextLoads()" classname="CSCI5308.GroupFormationTool.GroupFormationToolApplicationTests" time="0.005"/>
  <system-out><![CDATA[2020-07-16 23:28:11.696 [o.s.t.c.s.AbstractTestContextBootstrapper] INFO  - Neither @ContextConfiguration nor @ContextHierarchy found for test class [CSCI5308.GroupFormationTool.GroupFormationToolApplicationTests], using SpringBootContextLoader
2020-07-16 23:28:11.698 [o.s.t.c.s.AbstractContextLoader] INFO  - Could not detect default resource locations for test class [CSCI5308.GroupFormationTool.GroupFormationToolApplicationTests]: no resource found for suffixes {-context.xml, Context.groovy}.
2020-07-16 23:28:11.699 [o.s.t.c.s.AnnotationConfigContextLoaderUtils] INFO  - Could not detect default configuration classes for test class [CSCI5308.GroupFormationTool.GroupFormationToolApplicationTests]: GroupFormationToolApplicationTests does not declare any static, non-private, non-final, nested classes annotated with @Configuration.
2020-07-16 23:28:11.704 [o.s.b.t.c.SpringBootTestContextBootstrapper] INFO  - Found @SpringBootConfiguration CSCI5308.GroupFormationTool.GroupFormationToolApplication for test class CSCI5308.GroupFormationTool.GroupFormationToolApplicationTests
2020-07-16 23:28:11.706 [o.s.t.c.s.AbstractTestContextBootstrapper] INFO  - Loaded default TestExecutionListener class names from location [META-INF/spring.factories]: [org.springframework.security.test.context.support.WithSecurityContextTestExecutionListener, org.springframework.security.test.context.support.ReactorContextTestExecutionListener, org.springframework.boot.test.autoconfigure.restdocs.RestDocsTestExecutionListener, org.springframework.boot.test.autoconfigure.web.client.MockRestServiceServerResetTestExecutionListener, org.springframework.boot.test.autoconfigure.web.servlet.MockMvcPrintOnlyOnFailureTestExecutionListener, org.springframework.boot.test.autoconfigure.web.servlet.WebDriverTestExecutionListener, org.springframework.boot.test.mock.mockito.MockitoTestExecutionListener, org.springframework.boot.test.mock.mockito.ResetMocksTestExecutionListener, org.springframework.test.context.web.ServletTestExecutionListener, org.springframework.test.context.support.DirtiesContextBeforeModesTestExecutionListener, org.springframework.test.context.support.DependencyInjectionTestExecutionListener, org.springframework.test.context.support.DirtiesContextTestExecutionListener, org.springframework.test.context.transaction.TransactionalTestExecutionListener, org.springframework.test.context.jdbc.SqlScriptsTestExecutionListener, org.springframework.test.context.event.EventPublishingTestExecutionListener]
2020-07-16 23:28:11.708 [o.s.t.c.s.AbstractTestContextBootstrapper] INFO  - Using TestExecutionListeners: [org.springframework.test.context.web.ServletTestExecutionListener@d695b80, org.springframework.test.context.support.DirtiesContextBeforeModesTestExecutionListener@7f40f839, org.springframework.boot.test.mock.mockito.MockitoTestExecutionListener@1f27c7ca, org.springframework.boot.test.autoconfigure.SpringBootDependencyInjectionTestExecutionListener@29775a01, org.springframework.test.context.support.DirtiesContextTestExecutionListener@6e85b1f4, org.springframework.security.test.context.support.WithSecurityContextTestExecutionListener@16fc0d2d, org.springframework.test.context.event.EventPublishingTestExecutionListener@37c491af, org.springframework.security.test.context.support.ReactorContextTestExecutionListener@24f07204, org.springframework.boot.test.autoconfigure.restdocs.RestDocsTestExecutionListener@67b96d7f, org.springframework.boot.test.autoconfigure.web.client.MockRestServiceServerResetTestExecutionListener@115a91c0, org.springframework.boot.test.autoconfigure.web.servlet.MockMvcPrintOnlyOnFailureTestExecutionListener@28033ad, org.springframework.boot.test.autoconfigure.web.servlet.WebDriverTestExecutionListener@254711ab, org.springframework.boot.test.mock.mockito.ResetMocksTestExecutionListener@93952e9]
]]></system-out>
  <system-err><![CDATA[]]></system-err>
</testsuite>
