<?xml version="1.0" encoding="UTF-8"?>
<testsuite name="CSCI5308.GroupFormationTool.CoursesTest.StudentCSVParserTest" tests="1" skipped="0" failures="0" errors="0" timestamp="2020-07-17T02:28:11" hostname="DESKTOP-U6HMV4A" time="0.002">
  <properties/>
  <testcase name="parseCSVFile()" classname="CSCI5308.GroupFormationTool.CoursesTest.StudentCSVParserTest" time="0.002"/>
  <system-out><![CDATA[2020-07-16 23:28:11.681 [o.s.t.c.s.AbstractTestContextBootstrapper] INFO  - Neither @ContextConfiguration nor @ContextHierarchy found for test class [CSCI5308.GroupFormationTool.CoursesTest.StudentCSVParserTest], using SpringBootContextLoader
2020-07-16 23:28:11.683 [o.s.t.c.s.AbstractContextLoader] INFO  - Could not detect default resource locations for test class [CSCI5308.GroupFormationTool.CoursesTest.StudentCSVParserTest]: no resource found for suffixes {-context.xml, Context.groovy}.
2020-07-16 23:28:11.683 [o.s.t.c.s.AnnotationConfigContextLoaderUtils] INFO  - Could not detect default configuration classes for test class [CSCI5308.GroupFormationTool.CoursesTest.StudentCSVParserTest]: StudentCSVParserTest does not declare any static, non-private, non-final, nested classes annotated with @Configuration.
2020-07-16 23:28:11.685 [o.s.b.t.c.SpringBootTestContextBootstrapper] INFO  - Found @SpringBootConfiguration CSCI5308.GroupFormationTool.GroupFormationToolApplication for test class CSCI5308.GroupFormationTool.CoursesTest.StudentCSVParserTest
2020-07-16 23:28:11.687 [o.s.t.c.s.AbstractTestContextBootstrapper] INFO  - Loaded default TestExecutionListener class names from location [META-INF/spring.factories]: [org.springframework.security.test.context.support.WithSecurityContextTestExecutionListener, org.springframework.security.test.context.support.ReactorContextTestExecutionListener, org.springframework.boot.test.autoconfigure.restdocs.RestDocsTestExecutionListener, org.springframework.boot.test.autoconfigure.web.client.MockRestServiceServerResetTestExecutionListener, org.springframework.boot.test.autoconfigure.web.servlet.MockMvcPrintOnlyOnFailureTestExecutionListener, org.springframework.boot.test.autoconfigure.web.servlet.WebDriverTestExecutionListener, org.springframework.boot.test.mock.mockito.MockitoTestExecutionListener, org.springframework.boot.test.mock.mockito.ResetMocksTestExecutionListener, org.springframework.test.context.web.ServletTestExecutionListener, org.springframework.test.context.support.DirtiesContextBeforeModesTestExecutionListener, org.springframework.test.context.support.DependencyInjectionTestExecutionListener, org.springframework.test.context.support.DirtiesContextTestExecutionListener, org.springframework.test.context.transaction.TransactionalTestExecutionListener, org.springframework.test.context.jdbc.SqlScriptsTestExecutionListener, org.springframework.test.context.event.EventPublishingTestExecutionListener]
2020-07-16 23:28:11.689 [o.s.t.c.s.AbstractTestContextBootstrapper] INFO  - Using TestExecutionListeners: [org.springframework.test.context.web.ServletTestExecutionListener@4e867fb0, org.springframework.test.context.support.DirtiesContextBeforeModesTestExecutionListener@41404e41, org.springframework.boot.test.mock.mockito.MockitoTestExecutionListener@17f75c57, org.springframework.boot.test.autoconfigure.SpringBootDependencyInjectionTestExecutionListener@4213dd4b, org.springframework.test.context.support.DirtiesContextTestExecutionListener@3f955146, org.springframework.security.test.context.support.WithSecurityContextTestExecutionListener@7c6432b3, org.springframework.test.context.event.EventPublishingTestExecutionListener@515ccc8c, org.springframework.security.test.context.support.ReactorContextTestExecutionListener@d79ba69, org.springframework.boot.test.autoconfigure.restdocs.RestDocsTestExecutionListener@1873d5e1, org.springframework.boot.test.autoconfigure.web.client.MockRestServiceServerResetTestExecutionListener@45df9df6, org.springframework.boot.test.autoconfigure.web.servlet.MockMvcPrintOnlyOnFailureTestExecutionListener@7250116d, org.springframework.boot.test.autoconfigure.web.servlet.WebDriverTestExecutionListener@32ba47bc, org.springframework.boot.test.mock.mockito.ResetMocksTestExecutionListener@346040d7]
]]></system-out>
  <system-err><![CDATA[]]></system-err>
</testsuite>
