<?xml version="1.0" encoding="UTF-8"?>
<testsuite name="CSCI5308.GroupFormationTool.CoursesTest.StudentCSVParserTest" tests="1" skipped="0" failures="0" errors="0" timestamp="2020-06-18T14:28:51" hostname="Camp_Nou" time="0.005">
  <properties/>
  <testcase name="parseCSVFile()" classname="CSCI5308.GroupFormationTool.CoursesTest.StudentCSVParserTest" time="0.005"/>
  <system-out><![CDATA[2020-06-18 11:28:51.181  INFO 13852 --- [    Test worker] .b.t.c.SpringBootTestContextBootstrapper : Neither @ContextConfiguration nor @ContextHierarchy found for test class [CSCI5308.GroupFormationTool.CoursesTest.StudentCSVParserTest], using SpringBootContextLoader
2020-06-18 11:28:51.183  INFO 13852 --- [    Test worker] o.s.t.c.support.AbstractContextLoader    : Could not detect default resource locations for test class [CSCI5308.GroupFormationTool.CoursesTest.StudentCSVParserTest]: no resource found for suffixes {-context.xml, Context.groovy}.
2020-06-18 11:28:51.184  INFO 13852 --- [    Test worker] t.c.s.AnnotationConfigContextLoaderUtils : Could not detect default configuration classes for test class [CSCI5308.GroupFormationTool.CoursesTest.StudentCSVParserTest]: StudentCSVParserTest does not declare any static, non-private, non-final, nested classes annotated with @Configuration.
2020-06-18 11:28:51.186  INFO 13852 --- [    Test worker] .b.t.c.SpringBootTestContextBootstrapper : Found @SpringBootConfiguration CSCI5308.GroupFormationTool.GroupFormationToolApplication for test class CSCI5308.GroupFormationTool.CoursesTest.StudentCSVParserTest
2020-06-18 11:28:51.189  INFO 13852 --- [    Test worker] .b.t.c.SpringBootTestContextBootstrapper : Loaded default TestExecutionListener class names from location [META-INF/spring.factories]: [org.springframework.security.test.context.support.WithSecurityContextTestExecutionListener, org.springframework.security.test.context.support.ReactorContextTestExecutionListener, org.springframework.boot.test.autoconfigure.restdocs.RestDocsTestExecutionListener, org.springframework.boot.test.autoconfigure.web.client.MockRestServiceServerResetTestExecutionListener, org.springframework.boot.test.autoconfigure.web.servlet.MockMvcPrintOnlyOnFailureTestExecutionListener, org.springframework.boot.test.autoconfigure.web.servlet.WebDriverTestExecutionListener, org.springframework.boot.test.mock.mockito.MockitoTestExecutionListener, org.springframework.boot.test.mock.mockito.ResetMocksTestExecutionListener, org.springframework.test.context.web.ServletTestExecutionListener, org.springframework.test.context.support.DirtiesContextBeforeModesTestExecutionListener, org.springframework.test.context.support.DependencyInjectionTestExecutionListener, org.springframework.test.context.support.DirtiesContextTestExecutionListener, org.springframework.test.context.transaction.TransactionalTestExecutionListener, org.springframework.test.context.jdbc.SqlScriptsTestExecutionListener, org.springframework.test.context.event.EventPublishingTestExecutionListener]
2020-06-18 11:28:51.192  INFO 13852 --- [    Test worker] .b.t.c.SpringBootTestContextBootstrapper : Using TestExecutionListeners: [org.springframework.test.context.web.ServletTestExecutionListener@1ea166c8, org.springframework.test.context.support.DirtiesContextBeforeModesTestExecutionListener@7df0f9aa, org.springframework.boot.test.mock.mockito.MockitoTestExecutionListener@10e61226, org.springframework.boot.test.autoconfigure.SpringBootDependencyInjectionTestExecutionListener@7e5f717, org.springframework.test.context.support.DirtiesContextTestExecutionListener@12e75605, org.springframework.security.test.context.support.WithSecurityContextTestExecutionListener@68a0c05a, org.springframework.test.context.event.EventPublishingTestExecutionListener@48f7984a, org.springframework.security.test.context.support.ReactorContextTestExecutionListener@6002830c, org.springframework.boot.test.autoconfigure.restdocs.RestDocsTestExecutionListener@487db677, org.springframework.boot.test.autoconfigure.web.client.MockRestServiceServerResetTestExecutionListener@26b11d32, org.springframework.boot.test.autoconfigure.web.servlet.MockMvcPrintOnlyOnFailureTestExecutionListener@5270f466, org.springframework.boot.test.autoconfigure.web.servlet.WebDriverTestExecutionListener@269e07c7, org.springframework.boot.test.mock.mockito.ResetMocksTestExecutionListener@375d36d]
]]></system-out>
  <system-err><![CDATA[]]></system-err>
</testsuite>
