<?xml version="1.0" encoding="UTF-8"?>
<testsuite name="CSCI5308.GroupFormationTool.CoursesTest.CourseUserRelationshipTest" tests="3" skipped="0" failures="0" errors="0" timestamp="2020-07-17T03:32:59" hostname="DESKTOP-U6HMV4A" time="0.116">
  <properties/>
  <testcase name="userHasRoleInCourse()" classname="CSCI5308.GroupFormationTool.CoursesTest.CourseUserRelationshipTest" time="0.108"/>
  <testcase name="enrollUserInCourse()" classname="CSCI5308.GroupFormationTool.CoursesTest.CourseUserRelationshipTest" time="0.003"/>
  <testcase name="loadAllRoluesForUserInCourse()" classname="CSCI5308.GroupFormationTool.CoursesTest.CourseUserRelationshipTest" time="0.003"/>
  <system-out><![CDATA[2020-07-17 00:32:59.752 [THREAD -- Test worker] [CLASS -- o.s.t.c.s.AbstractTestContextBootstrapper] INFO  org.springframework.boot.test.context.SpringBootTestContextBootstrapper - Neither @ContextConfiguration nor @ContextHierarchy found for test class [CSCI5308.GroupFormationTool.CoursesTest.CourseUserRelationshipTest], using SpringBootContextLoader
2020-07-17 00:32:59.754 [THREAD -- Test worker] [CLASS -- o.s.t.c.s.AbstractContextLoader] INFO  org.springframework.test.context.support.AbstractContextLoader - Could not detect default resource locations for test class [CSCI5308.GroupFormationTool.CoursesTest.CourseUserRelationshipTest]: no resource found for suffixes {-context.xml, Context.groovy}.
2020-07-17 00:32:59.755 [THREAD -- Test worker] [CLASS -- o.s.t.c.s.AnnotationConfigContextLoaderUtils] INFO  org.springframework.test.context.support.AnnotationConfigContextLoaderUtils - Could not detect default configuration classes for test class [CSCI5308.GroupFormationTool.CoursesTest.CourseUserRelationshipTest]: CourseUserRelationshipTest does not declare any static, non-private, non-final, nested classes annotated with @Configuration.
2020-07-17 00:32:59.758 [THREAD -- Test worker] [CLASS -- o.s.b.t.c.SpringBootTestContextBootstrapper] INFO  org.springframework.boot.test.context.SpringBootTestContextBootstrapper - Found @SpringBootConfiguration CSCI5308.GroupFormationTool.GroupFormationToolApplication for test class CSCI5308.GroupFormationTool.CoursesTest.CourseUserRelationshipTest
2020-07-17 00:32:59.760 [THREAD -- Test worker] [CLASS -- o.s.t.c.s.AbstractTestContextBootstrapper] INFO  org.springframework.boot.test.context.SpringBootTestContextBootstrapper - Loaded default TestExecutionListener class names from location [META-INF/spring.factories]: [org.springframework.security.test.context.support.WithSecurityContextTestExecutionListener, org.springframework.security.test.context.support.ReactorContextTestExecutionListener, org.springframework.boot.test.autoconfigure.restdocs.RestDocsTestExecutionListener, org.springframework.boot.test.autoconfigure.web.client.MockRestServiceServerResetTestExecutionListener, org.springframework.boot.test.autoconfigure.web.servlet.MockMvcPrintOnlyOnFailureTestExecutionListener, org.springframework.boot.test.autoconfigure.web.servlet.WebDriverTestExecutionListener, org.springframework.boot.test.mock.mockito.MockitoTestExecutionListener, org.springframework.boot.test.mock.mockito.ResetMocksTestExecutionListener, org.springframework.test.context.web.ServletTestExecutionListener, org.springframework.test.context.support.DirtiesContextBeforeModesTestExecutionListener, org.springframework.test.context.support.DependencyInjectionTestExecutionListener, org.springframework.test.context.support.DirtiesContextTestExecutionListener, org.springframework.test.context.transaction.TransactionalTestExecutionListener, org.springframework.test.context.jdbc.SqlScriptsTestExecutionListener, org.springframework.test.context.event.EventPublishingTestExecutionListener]
2020-07-17 00:32:59.763 [THREAD -- Test worker] [CLASS -- o.s.t.c.s.AbstractTestContextBootstrapper] INFO  org.springframework.boot.test.context.SpringBootTestContextBootstrapper - Using TestExecutionListeners: [org.springframework.test.context.web.ServletTestExecutionListener@70819a70, org.springframework.test.context.support.DirtiesContextBeforeModesTestExecutionListener@e84cf58, org.springframework.boot.test.mock.mockito.MockitoTestExecutionListener@4bd95d02, org.springframework.boot.test.autoconfigure.SpringBootDependencyInjectionTestExecutionListener@70ad75d0, org.springframework.test.context.support.DirtiesContextTestExecutionListener@c0333af, org.springframework.security.test.context.support.WithSecurityContextTestExecutionListener@2455d378, org.springframework.test.context.event.EventPublishingTestExecutionListener@2565abbd, org.springframework.security.test.context.support.ReactorContextTestExecutionListener@3e7d5934, org.springframework.boot.test.autoconfigure.restdocs.RestDocsTestExecutionListener@2b768b1f, org.springframework.boot.test.autoconfigure.web.client.MockRestServiceServerResetTestExecutionListener@2132431a, org.springframework.boot.test.autoconfigure.web.servlet.MockMvcPrintOnlyOnFailureTestExecutionListener@29023cc2, org.springframework.boot.test.autoconfigure.web.servlet.WebDriverTestExecutionListener@7d62742f, org.springframework.boot.test.mock.mockito.ResetMocksTestExecutionListener@625336ef]
2020-07-17 00:32:59.768 [THREAD -- Test worker] [CLASS -- C.G.A.User] INFO  CSCI5308.GroupFormationTool.GroupFormationToolApplication - setting Defaults to User
2020-07-17 00:32:59.877 [THREAD -- Test worker] [CLASS -- C.G.A.User] INFO  CSCI5308.GroupFormationTool.GroupFormationToolApplication - setting Defaults to User
2020-07-17 00:32:59.880 [THREAD -- Test worker] [CLASS -- C.G.A.User] INFO  CSCI5308.GroupFormationTool.GroupFormationToolApplication - setting Defaults to User
]]></system-out>
  <system-err><![CDATA[]]></system-err>
</testsuite>
