<?xml version="1.0" encoding="UTF-8"?>
<testsuite name="CSCI5308.GroupFormationTool.CoursesTest.StudentCSVImportTest" tests="3" skipped="0" failures="0" errors="0" timestamp="2020-07-16T16:34:32" hostname="DESKTOP-U6HMV4A" time="0.047">
  <properties/>
  <testcase name="getFailureResults()" classname="CSCI5308.GroupFormationTool.CoursesTest.StudentCSVImportTest" time="0.004"/>
  <testcase name="getSuccessResults()" classname="CSCI5308.GroupFormationTool.CoursesTest.StudentCSVImportTest" time="0.004"/>
  <testcase name="enrollStudentFromRecord()" classname="CSCI5308.GroupFormationTool.CoursesTest.StudentCSVImportTest" time="0.037"/>
  <system-out><![CDATA[2020-07-16 13:34:32.161  INFO 12608 --- [    Test worker] .b.t.c.SpringBootTestContextBootstrapper : Neither @ContextConfiguration nor @ContextHierarchy found for test class [CSCI5308.GroupFormationTool.CoursesTest.StudentCSVImportTest], using SpringBootContextLoader
2020-07-16 13:34:32.161  INFO 12608 --- [    Test worker] o.s.t.c.support.AbstractContextLoader    : Could not detect default resource locations for test class [CSCI5308.GroupFormationTool.CoursesTest.StudentCSVImportTest]: no resource found for suffixes {-context.xml, Context.groovy}.
2020-07-16 13:34:32.161  INFO 12608 --- [    Test worker] t.c.s.AnnotationConfigContextLoaderUtils : Could not detect default configuration classes for test class [CSCI5308.GroupFormationTool.CoursesTest.StudentCSVImportTest]: StudentCSVImportTest does not declare any static, non-private, non-final, nested classes annotated with @Configuration.
2020-07-16 13:34:32.169  INFO 12608 --- [    Test worker] .b.t.c.SpringBootTestContextBootstrapper : Found @SpringBootConfiguration CSCI5308.GroupFormationTool.GroupFormationToolApplication for test class CSCI5308.GroupFormationTool.CoursesTest.StudentCSVImportTest
2020-07-16 13:34:32.171  INFO 12608 --- [    Test worker] .b.t.c.SpringBootTestContextBootstrapper : Loaded default TestExecutionListener class names from location [META-INF/spring.factories]: [org.springframework.security.test.context.support.WithSecurityContextTestExecutionListener, org.springframework.security.test.context.support.ReactorContextTestExecutionListener, org.springframework.boot.test.autoconfigure.restdocs.RestDocsTestExecutionListener, org.springframework.boot.test.autoconfigure.web.client.MockRestServiceServerResetTestExecutionListener, org.springframework.boot.test.autoconfigure.web.servlet.MockMvcPrintOnlyOnFailureTestExecutionListener, org.springframework.boot.test.autoconfigure.web.servlet.WebDriverTestExecutionListener, org.springframework.boot.test.mock.mockito.MockitoTestExecutionListener, org.springframework.boot.test.mock.mockito.ResetMocksTestExecutionListener, org.springframework.test.context.web.ServletTestExecutionListener, org.springframework.test.context.support.DirtiesContextBeforeModesTestExecutionListener, org.springframework.test.context.support.DependencyInjectionTestExecutionListener, org.springframework.test.context.support.DirtiesContextTestExecutionListener, org.springframework.test.context.transaction.TransactionalTestExecutionListener, org.springframework.test.context.jdbc.SqlScriptsTestExecutionListener, org.springframework.test.context.event.EventPublishingTestExecutionListener]
2020-07-16 13:34:32.171  INFO 12608 --- [    Test worker] .b.t.c.SpringBootTestContextBootstrapper : Using TestExecutionListeners: [org.springframework.test.context.web.ServletTestExecutionListener@25b51e17, org.springframework.test.context.support.DirtiesContextBeforeModesTestExecutionListener@2d3d921a, org.springframework.boot.test.mock.mockito.MockitoTestExecutionListener@64fe8b27, org.springframework.boot.test.autoconfigure.SpringBootDependencyInjectionTestExecutionListener@71fbd96b, org.springframework.test.context.support.DirtiesContextTestExecutionListener@7cb324e5, org.springframework.security.test.context.support.WithSecurityContextTestExecutionListener@3ddfd42b, org.springframework.test.context.event.EventPublishingTestExecutionListener@2d68c704, org.springframework.security.test.context.support.ReactorContextTestExecutionListener@2777343, org.springframework.boot.test.autoconfigure.restdocs.RestDocsTestExecutionListener@6786ebe4, org.springframework.boot.test.autoconfigure.web.client.MockRestServiceServerResetTestExecutionListener@243b15b3, org.springframework.boot.test.autoconfigure.web.servlet.MockMvcPrintOnlyOnFailureTestExecutionListener@4f00b6d7, org.springframework.boot.test.autoconfigure.web.servlet.WebDriverTestExecutionListener@7654291f, org.springframework.boot.test.mock.mockito.ResetMocksTestExecutionListener@26dd35fa]
]]></system-out>
  <system-err><![CDATA[]]></system-err>
</testsuite>
