<?xml version="1.0" encoding="UTF-8"?>
<testsuite name="CSCI5308.GroupFormationTool.CoursesTest.CourseUserRelationshipTest" tests="3" skipped="0" failures="0" errors="0" timestamp="2020-07-17T01:35:01" hostname="Camp_Nou" time="0.085">
  <properties/>
  <testcase name="userHasRoleInCourse()" classname="CSCI5308.GroupFormationTool.CoursesTest.CourseUserRelationshipTest" time="0.077"/>
  <testcase name="enrollUserInCourse()" classname="CSCI5308.GroupFormationTool.CoursesTest.CourseUserRelationshipTest" time="0.003"/>
  <testcase name="loadAllRoluesForUserInCourse()" classname="CSCI5308.GroupFormationTool.CoursesTest.CourseUserRelationshipTest" time="0.003"/>
  <system-out><![CDATA[2020-07-16 22:35:01.463  INFO 16504 --- [    Test worker] .b.t.c.SpringBootTestContextBootstrapper : Neither @ContextConfiguration nor @ContextHierarchy found for test class [CSCI5308.GroupFormationTool.CoursesTest.CourseUserRelationshipTest], using SpringBootContextLoader
2020-07-16 22:35:01.464  INFO 16504 --- [    Test worker] o.s.t.c.support.AbstractContextLoader    : Could not detect default resource locations for test class [CSCI5308.GroupFormationTool.CoursesTest.CourseUserRelationshipTest]: no resource found for suffixes {-context.xml, Context.groovy}.
2020-07-16 22:35:01.464  INFO 16504 --- [    Test worker] t.c.s.AnnotationConfigContextLoaderUtils : Could not detect default configuration classes for test class [CSCI5308.GroupFormationTool.CoursesTest.CourseUserRelationshipTest]: CourseUserRelationshipTest does not declare any static, non-private, non-final, nested classes annotated with @Configuration.
2020-07-16 22:35:01.467  INFO 16504 --- [    Test worker] .b.t.c.SpringBootTestContextBootstrapper : Found @SpringBootConfiguration CSCI5308.GroupFormationTool.GroupFormationToolApplication for test class CSCI5308.GroupFormationTool.CoursesTest.CourseUserRelationshipTest
2020-07-16 22:35:01.469  INFO 16504 --- [    Test worker] .b.t.c.SpringBootTestContextBootstrapper : Loaded default TestExecutionListener class names from location [META-INF/spring.factories]: [org.springframework.security.test.context.support.WithSecurityContextTestExecutionListener, org.springframework.security.test.context.support.ReactorContextTestExecutionListener, org.springframework.boot.test.autoconfigure.restdocs.RestDocsTestExecutionListener, org.springframework.boot.test.autoconfigure.web.client.MockRestServiceServerResetTestExecutionListener, org.springframework.boot.test.autoconfigure.web.servlet.MockMvcPrintOnlyOnFailureTestExecutionListener, org.springframework.boot.test.autoconfigure.web.servlet.WebDriverTestExecutionListener, org.springframework.boot.test.mock.mockito.MockitoTestExecutionListener, org.springframework.boot.test.mock.mockito.ResetMocksTestExecutionListener, org.springframework.test.context.web.ServletTestExecutionListener, org.springframework.test.context.support.DirtiesContextBeforeModesTestExecutionListener, org.springframework.test.context.support.DependencyInjectionTestExecutionListener, org.springframework.test.context.support.DirtiesContextTestExecutionListener, org.springframework.test.context.transaction.TransactionalTestExecutionListener, org.springframework.test.context.jdbc.SqlScriptsTestExecutionListener, org.springframework.test.context.event.EventPublishingTestExecutionListener]
2020-07-16 22:35:01.474  INFO 16504 --- [    Test worker] .b.t.c.SpringBootTestContextBootstrapper : Using TestExecutionListeners: [org.springframework.test.context.web.ServletTestExecutionListener@6e40c088, org.springframework.test.context.support.DirtiesContextBeforeModesTestExecutionListener@5b588613, org.springframework.boot.test.mock.mockito.MockitoTestExecutionListener@38f4462c, org.springframework.boot.test.autoconfigure.SpringBootDependencyInjectionTestExecutionListener@59dd0acb, org.springframework.test.context.support.DirtiesContextTestExecutionListener@3171c5f8, org.springframework.security.test.context.support.WithSecurityContextTestExecutionListener@2e06a5db, org.springframework.test.context.event.EventPublishingTestExecutionListener@34595311, org.springframework.security.test.context.support.ReactorContextTestExecutionListener@5638c03, org.springframework.boot.test.autoconfigure.restdocs.RestDocsTestExecutionListener@3a02c752, org.springframework.boot.test.autoconfigure.web.client.MockRestServiceServerResetTestExecutionListener@21b185b4, org.springframework.boot.test.autoconfigure.web.servlet.MockMvcPrintOnlyOnFailureTestExecutionListener@5f8e9b48, org.springframework.boot.test.autoconfigure.web.servlet.WebDriverTestExecutionListener@4614172e, org.springframework.boot.test.mock.mockito.ResetMocksTestExecutionListener@6a8070e9]
]]></system-out>
  <system-err><![CDATA[]]></system-err>
</testsuite>
