<?xml version="1.0" encoding="UTF-8"?>
<testsuite name="CSCI5308.GroupFormationTool.CoursesTest.StudentCSVImportTest" tests="3" skipped="0" failures="0" errors="0" timestamp="2020-07-17T02:28:10" hostname="DESKTOP-U6HMV4A" time="0.699">
  <properties/>
  <testcase name="getFailureResults()" classname="CSCI5308.GroupFormationTool.CoursesTest.StudentCSVImportTest" time="0.005"/>
  <testcase name="getSuccessResults()" classname="CSCI5308.GroupFormationTool.CoursesTest.StudentCSVImportTest" time="0.005"/>
  <testcase name="enrollStudentFromRecord()" classname="CSCI5308.GroupFormationTool.CoursesTest.StudentCSVImportTest" time="0.684"/>
  <system-out><![CDATA[2020-07-16 23:28:10.967 [o.s.t.c.s.AbstractTestContextBootstrapper] INFO  - Neither @ContextConfiguration nor @ContextHierarchy found for test class [CSCI5308.GroupFormationTool.CoursesTest.StudentCSVImportTest], using SpringBootContextLoader
2020-07-16 23:28:10.968 [o.s.t.c.s.AbstractContextLoader] INFO  - Could not detect default resource locations for test class [CSCI5308.GroupFormationTool.CoursesTest.StudentCSVImportTest]: no resource found for suffixes {-context.xml, Context.groovy}.
2020-07-16 23:28:10.969 [o.s.t.c.s.AnnotationConfigContextLoaderUtils] INFO  - Could not detect default configuration classes for test class [CSCI5308.GroupFormationTool.CoursesTest.StudentCSVImportTest]: StudentCSVImportTest does not declare any static, non-private, non-final, nested classes annotated with @Configuration.
2020-07-16 23:28:10.970 [o.s.b.t.c.SpringBootTestContextBootstrapper] INFO  - Found @SpringBootConfiguration CSCI5308.GroupFormationTool.GroupFormationToolApplication for test class CSCI5308.GroupFormationTool.CoursesTest.StudentCSVImportTest
2020-07-16 23:28:10.973 [o.s.t.c.s.AbstractTestContextBootstrapper] INFO  - Loaded default TestExecutionListener class names from location [META-INF/spring.factories]: [org.springframework.security.test.context.support.WithSecurityContextTestExecutionListener, org.springframework.security.test.context.support.ReactorContextTestExecutionListener, org.springframework.boot.test.autoconfigure.restdocs.RestDocsTestExecutionListener, org.springframework.boot.test.autoconfigure.web.client.MockRestServiceServerResetTestExecutionListener, org.springframework.boot.test.autoconfigure.web.servlet.MockMvcPrintOnlyOnFailureTestExecutionListener, org.springframework.boot.test.autoconfigure.web.servlet.WebDriverTestExecutionListener, org.springframework.boot.test.mock.mockito.MockitoTestExecutionListener, org.springframework.boot.test.mock.mockito.ResetMocksTestExecutionListener, org.springframework.test.context.web.ServletTestExecutionListener, org.springframework.test.context.support.DirtiesContextBeforeModesTestExecutionListener, org.springframework.test.context.support.DependencyInjectionTestExecutionListener, org.springframework.test.context.support.DirtiesContextTestExecutionListener, org.springframework.test.context.transaction.TransactionalTestExecutionListener, org.springframework.test.context.jdbc.SqlScriptsTestExecutionListener, org.springframework.test.context.event.EventPublishingTestExecutionListener]
2020-07-16 23:28:10.977 [o.s.t.c.s.AbstractTestContextBootstrapper] INFO  - Using TestExecutionListeners: [org.springframework.test.context.web.ServletTestExecutionListener@7611cc78, org.springframework.test.context.support.DirtiesContextBeforeModesTestExecutionListener@37830503, org.springframework.boot.test.mock.mockito.MockitoTestExecutionListener@12ae6706, org.springframework.boot.test.autoconfigure.SpringBootDependencyInjectionTestExecutionListener@68c36588, org.springframework.test.context.support.DirtiesContextTestExecutionListener@104916e4, org.springframework.security.test.context.support.WithSecurityContextTestExecutionListener@3f4db2f3, org.springframework.test.context.event.EventPublishingTestExecutionListener@5e3a744b, org.springframework.security.test.context.support.ReactorContextTestExecutionListener@2da6a521, org.springframework.boot.test.autoconfigure.restdocs.RestDocsTestExecutionListener@75807847, org.springframework.boot.test.autoconfigure.web.client.MockRestServiceServerResetTestExecutionListener@2708862e, org.springframework.boot.test.autoconfigure.web.servlet.MockMvcPrintOnlyOnFailureTestExecutionListener@2a9d36a8, org.springframework.boot.test.autoconfigure.web.servlet.WebDriverTestExecutionListener@328a1177, org.springframework.boot.test.mock.mockito.ResetMocksTestExecutionListener@44be0521]
2020-07-16 23:28:10.998 [C.G.A.User] INFO  - setting Defaults to User
2020-07-16 23:28:10.999 [C.G.A.User] INFO  - Creating new User
2020-07-16 23:28:10.999 [C.G.A.User] ERROR - New User Creation failed
2020-07-16 23:28:11.002 [C.G.D.CallStoredProcedure] INFO  - In Constructor
2020-07-16 23:28:11.004 [C.G.D.ConnectionManager] INFO  - In default Constructor
2020-07-16 23:28:11.664 [C.G.D.CallStoredProcedure] INFO  - performing CleanUp
]]></system-out>
  <system-err><![CDATA[]]></system-err>
</testsuite>
