<?xml version="1.0" encoding="UTF-8"?>
<testsuite name="CSCI5308.GroupFormationTool.CoursesTest.StudentCSVImportTest" tests="3" skipped="0" failures="0" errors="0" timestamp="2020-07-17T02:47:04" hostname="Camp_Nou" time="0.612">
  <properties/>
  <testcase name="getFailureResults()" classname="CSCI5308.GroupFormationTool.CoursesTest.StudentCSVImportTest" time="0.007"/>
  <testcase name="getSuccessResults()" classname="CSCI5308.GroupFormationTool.CoursesTest.StudentCSVImportTest" time="0.005"/>
  <testcase name="enrollStudentFromRecord()" classname="CSCI5308.GroupFormationTool.CoursesTest.StudentCSVImportTest" time="0.598"/>
  <system-out><![CDATA[2020-07-16 23:47:04.509  INFO 5156 --- [    Test worker] .b.t.c.SpringBootTestContextBootstrapper : Neither @ContextConfiguration nor @ContextHierarchy found for test class [CSCI5308.GroupFormationTool.CoursesTest.StudentCSVImportTest], using SpringBootContextLoader
2020-07-16 23:47:04.510  INFO 5156 --- [    Test worker] o.s.t.c.support.AbstractContextLoader    : Could not detect default resource locations for test class [CSCI5308.GroupFormationTool.CoursesTest.StudentCSVImportTest]: no resource found for suffixes {-context.xml, Context.groovy}.
2020-07-16 23:47:04.510  INFO 5156 --- [    Test worker] t.c.s.AnnotationConfigContextLoaderUtils : Could not detect default configuration classes for test class [CSCI5308.GroupFormationTool.CoursesTest.StudentCSVImportTest]: StudentCSVImportTest does not declare any static, non-private, non-final, nested classes annotated with @Configuration.
2020-07-16 23:47:04.513  INFO 5156 --- [    Test worker] .b.t.c.SpringBootTestContextBootstrapper : Found @SpringBootConfiguration CSCI5308.GroupFormationTool.GroupFormationToolApplication for test class CSCI5308.GroupFormationTool.CoursesTest.StudentCSVImportTest
2020-07-16 23:47:04.515  INFO 5156 --- [    Test worker] .b.t.c.SpringBootTestContextBootstrapper : Loaded default TestExecutionListener class names from location [META-INF/spring.factories]: [org.springframework.security.test.context.support.WithSecurityContextTestExecutionListener, org.springframework.security.test.context.support.ReactorContextTestExecutionListener, org.springframework.boot.test.autoconfigure.restdocs.RestDocsTestExecutionListener, org.springframework.boot.test.autoconfigure.web.client.MockRestServiceServerResetTestExecutionListener, org.springframework.boot.test.autoconfigure.web.servlet.MockMvcPrintOnlyOnFailureTestExecutionListener, org.springframework.boot.test.autoconfigure.web.servlet.WebDriverTestExecutionListener, org.springframework.boot.test.mock.mockito.MockitoTestExecutionListener, org.springframework.boot.test.mock.mockito.ResetMocksTestExecutionListener, org.springframework.test.context.web.ServletTestExecutionListener, org.springframework.test.context.support.DirtiesContextBeforeModesTestExecutionListener, org.springframework.test.context.support.DependencyInjectionTestExecutionListener, org.springframework.test.context.support.DirtiesContextTestExecutionListener, org.springframework.test.context.transaction.TransactionalTestExecutionListener, org.springframework.test.context.jdbc.SqlScriptsTestExecutionListener, org.springframework.test.context.event.EventPublishingTestExecutionListener]
2020-07-16 23:47:04.518  INFO 5156 --- [    Test worker] .b.t.c.SpringBootTestContextBootstrapper : Using TestExecutionListeners: [org.springframework.test.context.web.ServletTestExecutionListener@14ea96fd, org.springframework.test.context.support.DirtiesContextBeforeModesTestExecutionListener@6804e06d, org.springframework.boot.test.mock.mockito.MockitoTestExecutionListener@4b7d8062, org.springframework.boot.test.autoconfigure.SpringBootDependencyInjectionTestExecutionListener@5c0747f, org.springframework.test.context.support.DirtiesContextTestExecutionListener@455d5744, org.springframework.security.test.context.support.WithSecurityContextTestExecutionListener@a15c00a, org.springframework.test.context.event.EventPublishingTestExecutionListener@2dcc3fba, org.springframework.security.test.context.support.ReactorContextTestExecutionListener@2ba9d5f0, org.springframework.boot.test.autoconfigure.restdocs.RestDocsTestExecutionListener@46140b6, org.springframework.boot.test.autoconfigure.web.client.MockRestServiceServerResetTestExecutionListener@2050c5a0, org.springframework.boot.test.autoconfigure.web.servlet.MockMvcPrintOnlyOnFailureTestExecutionListener@6c2d1fff, org.springframework.boot.test.autoconfigure.web.servlet.WebDriverTestExecutionListener@94e41df, org.springframework.boot.test.mock.mockito.ResetMocksTestExecutionListener@724d4b0]
]]></system-out>
  <system-err><![CDATA[]]></system-err>
</testsuite>
