<?xml version="1.0" encoding="UTF-8"?>
<testsuite name="CSCI5308.GroupFormationTool.CoursesTest.CourseTest" tests="7" skipped="0" failures="0" errors="0" timestamp="2020-07-17T01:35:01" hostname="Camp_Nou" time="0.038">
  <properties/>
  <testcase name="getTitleTest()" classname="CSCI5308.GroupFormationTool.CoursesTest.CourseTest" time="0.008"/>
  <testcase name="ConstructorTests()" classname="CSCI5308.GroupFormationTool.CoursesTest.CourseTest" time="0.004"/>
  <testcase name="setTitleTest()" classname="CSCI5308.GroupFormationTool.CoursesTest.CourseTest" time="0.004"/>
  <testcase name="createCourseTest()" classname="CSCI5308.GroupFormationTool.CoursesTest.CourseTest" time="0.003"/>
  <testcase name="setIdTest()" classname="CSCI5308.GroupFormationTool.CoursesTest.CourseTest" time="0.004"/>
  <testcase name="getIdTest()" classname="CSCI5308.GroupFormationTool.CoursesTest.CourseTest" time="0.004"/>
  <testcase name="deleteCourseTest()" classname="CSCI5308.GroupFormationTool.CoursesTest.CourseTest" time="0.004"/>
  <system-out><![CDATA[2020-07-16 22:35:01.400  INFO 16504 --- [    Test worker] .b.t.c.SpringBootTestContextBootstrapper : Neither @ContextConfiguration nor @ContextHierarchy found for test class [CSCI5308.GroupFormationTool.CoursesTest.CourseTest], using SpringBootContextLoader
2020-07-16 22:35:01.402  INFO 16504 --- [    Test worker] o.s.t.c.support.AbstractContextLoader    : Could not detect default resource locations for test class [CSCI5308.GroupFormationTool.CoursesTest.CourseTest]: no resource found for suffixes {-context.xml, Context.groovy}.
2020-07-16 22:35:01.402  INFO 16504 --- [    Test worker] t.c.s.AnnotationConfigContextLoaderUtils : Could not detect default configuration classes for test class [CSCI5308.GroupFormationTool.CoursesTest.CourseTest]: CourseTest does not declare any static, non-private, non-final, nested classes annotated with @Configuration.
2020-07-16 22:35:01.414  INFO 16504 --- [    Test worker] .b.t.c.SpringBootTestContextBootstrapper : Found @SpringBootConfiguration CSCI5308.GroupFormationTool.GroupFormationToolApplication for test class CSCI5308.GroupFormationTool.CoursesTest.CourseTest
2020-07-16 22:35:01.416  INFO 16504 --- [    Test worker] .b.t.c.SpringBootTestContextBootstrapper : Loaded default TestExecutionListener class names from location [META-INF/spring.factories]: [org.springframework.security.test.context.support.WithSecurityContextTestExecutionListener, org.springframework.security.test.context.support.ReactorContextTestExecutionListener, org.springframework.boot.test.autoconfigure.restdocs.RestDocsTestExecutionListener, org.springframework.boot.test.autoconfigure.web.client.MockRestServiceServerResetTestExecutionListener, org.springframework.boot.test.autoconfigure.web.servlet.MockMvcPrintOnlyOnFailureTestExecutionListener, org.springframework.boot.test.autoconfigure.web.servlet.WebDriverTestExecutionListener, org.springframework.boot.test.mock.mockito.MockitoTestExecutionListener, org.springframework.boot.test.mock.mockito.ResetMocksTestExecutionListener, org.springframework.test.context.web.ServletTestExecutionListener, org.springframework.test.context.support.DirtiesContextBeforeModesTestExecutionListener, org.springframework.test.context.support.DependencyInjectionTestExecutionListener, org.springframework.test.context.support.DirtiesContextTestExecutionListener, org.springframework.test.context.transaction.TransactionalTestExecutionListener, org.springframework.test.context.jdbc.SqlScriptsTestExecutionListener, org.springframework.test.context.event.EventPublishingTestExecutionListener]
2020-07-16 22:35:01.418  INFO 16504 --- [    Test worker] .b.t.c.SpringBootTestContextBootstrapper : Using TestExecutionListeners: [org.springframework.test.context.web.ServletTestExecutionListener@1c1585f, org.springframework.test.context.support.DirtiesContextBeforeModesTestExecutionListener@2695e64b, org.springframework.boot.test.mock.mockito.MockitoTestExecutionListener@24af64e5, org.springframework.boot.test.autoconfigure.SpringBootDependencyInjectionTestExecutionListener@25e53393, org.springframework.test.context.support.DirtiesContextTestExecutionListener@2e6d84d0, org.springframework.security.test.context.support.WithSecurityContextTestExecutionListener@274398e8, org.springframework.test.context.event.EventPublishingTestExecutionListener@789448a9, org.springframework.security.test.context.support.ReactorContextTestExecutionListener@74618583, org.springframework.boot.test.autoconfigure.restdocs.RestDocsTestExecutionListener@3668c4db, org.springframework.boot.test.autoconfigure.web.client.MockRestServiceServerResetTestExecutionListener@d579e26, org.springframework.boot.test.autoconfigure.web.servlet.MockMvcPrintOnlyOnFailureTestExecutionListener@57dc5e25, org.springframework.boot.test.autoconfigure.web.servlet.WebDriverTestExecutionListener@2fe994c0, org.springframework.boot.test.mock.mockito.ResetMocksTestExecutionListener@5fd7d3fa]
]]></system-out>
  <system-err><![CDATA[]]></system-err>
</testsuite>
