<?xml version="1.0" encoding="UTF-8"?>
<testsuite name="CSCI5308.GroupFormationTool.QuestionsTest.QuestionTest" tests="1" skipped="0" failures="0" errors="0" timestamp="2020-06-18T14:28:51" hostname="Camp_Nou" time="0.007">
  <properties/>
  <testcase name="ConstructorTest()" classname="CSCI5308.GroupFormationTool.QuestionsTest.QuestionTest" time="0.007"/>
  <system-out><![CDATA[2020-06-18 11:28:51.229  INFO 13852 --- [    Test worker] .b.t.c.SpringBootTestContextBootstrapper : Neither @ContextConfiguration nor @ContextHierarchy found for test class [CSCI5308.GroupFormationTool.QuestionsTest.QuestionTest], using SpringBootContextLoader
2020-06-18 11:28:51.230  INFO 13852 --- [    Test worker] o.s.t.c.support.AbstractContextLoader    : Could not detect default resource locations for test class [CSCI5308.GroupFormationTool.QuestionsTest.QuestionTest]: no resource found for suffixes {-context.xml, Context.groovy}.
2020-06-18 11:28:51.231  INFO 13852 --- [    Test worker] t.c.s.AnnotationConfigContextLoaderUtils : Could not detect default configuration classes for test class [CSCI5308.GroupFormationTool.QuestionsTest.QuestionTest]: QuestionTest does not declare any static, non-private, non-final, nested classes annotated with @Configuration.
2020-06-18 11:28:51.239  INFO 13852 --- [    Test worker] .b.t.c.SpringBootTestContextBootstrapper : Found @SpringBootConfiguration CSCI5308.GroupFormationTool.GroupFormationToolApplication for test class CSCI5308.GroupFormationTool.QuestionsTest.QuestionTest
2020-06-18 11:28:51.242  INFO 13852 --- [    Test worker] .b.t.c.SpringBootTestContextBootstrapper : Loaded default TestExecutionListener class names from location [META-INF/spring.factories]: [org.springframework.security.test.context.support.WithSecurityContextTestExecutionListener, org.springframework.security.test.context.support.ReactorContextTestExecutionListener, org.springframework.boot.test.autoconfigure.restdocs.RestDocsTestExecutionListener, org.springframework.boot.test.autoconfigure.web.client.MockRestServiceServerResetTestExecutionListener, org.springframework.boot.test.autoconfigure.web.servlet.MockMvcPrintOnlyOnFailureTestExecutionListener, org.springframework.boot.test.autoconfigure.web.servlet.WebDriverTestExecutionListener, org.springframework.boot.test.mock.mockito.MockitoTestExecutionListener, org.springframework.boot.test.mock.mockito.ResetMocksTestExecutionListener, org.springframework.test.context.web.ServletTestExecutionListener, org.springframework.test.context.support.DirtiesContextBeforeModesTestExecutionListener, org.springframework.test.context.support.DependencyInjectionTestExecutionListener, org.springframework.test.context.support.DirtiesContextTestExecutionListener, org.springframework.test.context.transaction.TransactionalTestExecutionListener, org.springframework.test.context.jdbc.SqlScriptsTestExecutionListener, org.springframework.test.context.event.EventPublishingTestExecutionListener]
2020-06-18 11:28:51.245  INFO 13852 --- [    Test worker] .b.t.c.SpringBootTestContextBootstrapper : Using TestExecutionListeners: [org.springframework.test.context.web.ServletTestExecutionListener@77beed5d, org.springframework.test.context.support.DirtiesContextBeforeModesTestExecutionListener@1d18919a, org.springframework.boot.test.mock.mockito.MockitoTestExecutionListener@c9b04af, org.springframework.boot.test.autoconfigure.SpringBootDependencyInjectionTestExecutionListener@5a3888d, org.springframework.test.context.support.DirtiesContextTestExecutionListener@5774961, org.springframework.security.test.context.support.WithSecurityContextTestExecutionListener@5cba8c14, org.springframework.test.context.event.EventPublishingTestExecutionListener@8505550, org.springframework.security.test.context.support.ReactorContextTestExecutionListener@112e4337, org.springframework.boot.test.autoconfigure.restdocs.RestDocsTestExecutionListener@2e2d3c32, org.springframework.boot.test.autoconfigure.web.client.MockRestServiceServerResetTestExecutionListener@26ffcfcf, org.springframework.boot.test.autoconfigure.web.servlet.MockMvcPrintOnlyOnFailureTestExecutionListener@2c0fe495, org.springframework.boot.test.autoconfigure.web.servlet.WebDriverTestExecutionListener@4f5b2dd8, org.springframework.boot.test.mock.mockito.ResetMocksTestExecutionListener@8d044ad]
]]></system-out>
  <system-err><![CDATA[]]></system-err>
</testsuite>
