<?xml version="1.0" encoding="UTF-8"?>
<testsuite name="CSCI5308.GroupFormationTool.CoursesTest.StudentCSVParserTest" tests="1" skipped="0" failures="0" errors="0" timestamp="2020-07-17T02:47:05" hostname="Camp_Nou" time="0.003">
  <properties/>
  <testcase name="parseCSVFile()" classname="CSCI5308.GroupFormationTool.CoursesTest.StudentCSVParserTest" time="0.003"/>
  <system-out><![CDATA[2020-07-16 23:47:05.137  INFO 5156 --- [    Test worker] .b.t.c.SpringBootTestContextBootstrapper : Neither @ContextConfiguration nor @ContextHierarchy found for test class [CSCI5308.GroupFormationTool.CoursesTest.StudentCSVParserTest], using SpringBootContextLoader
2020-07-16 23:47:05.138  INFO 5156 --- [    Test worker] o.s.t.c.support.AbstractContextLoader    : Could not detect default resource locations for test class [CSCI5308.GroupFormationTool.CoursesTest.StudentCSVParserTest]: no resource found for suffixes {-context.xml, Context.groovy}.
2020-07-16 23:47:05.139  INFO 5156 --- [    Test worker] t.c.s.AnnotationConfigContextLoaderUtils : Could not detect default configuration classes for test class [CSCI5308.GroupFormationTool.CoursesTest.StudentCSVParserTest]: StudentCSVParserTest does not declare any static, non-private, non-final, nested classes annotated with @Configuration.
2020-07-16 23:47:05.141  INFO 5156 --- [    Test worker] .b.t.c.SpringBootTestContextBootstrapper : Found @SpringBootConfiguration CSCI5308.GroupFormationTool.GroupFormationToolApplication for test class CSCI5308.GroupFormationTool.CoursesTest.StudentCSVParserTest
2020-07-16 23:47:05.143  INFO 5156 --- [    Test worker] .b.t.c.SpringBootTestContextBootstrapper : Loaded default TestExecutionListener class names from location [META-INF/spring.factories]: [org.springframework.security.test.context.support.WithSecurityContextTestExecutionListener, org.springframework.security.test.context.support.ReactorContextTestExecutionListener, org.springframework.boot.test.autoconfigure.restdocs.RestDocsTestExecutionListener, org.springframework.boot.test.autoconfigure.web.client.MockRestServiceServerResetTestExecutionListener, org.springframework.boot.test.autoconfigure.web.servlet.MockMvcPrintOnlyOnFailureTestExecutionListener, org.springframework.boot.test.autoconfigure.web.servlet.WebDriverTestExecutionListener, org.springframework.boot.test.mock.mockito.MockitoTestExecutionListener, org.springframework.boot.test.mock.mockito.ResetMocksTestExecutionListener, org.springframework.test.context.web.ServletTestExecutionListener, org.springframework.test.context.support.DirtiesContextBeforeModesTestExecutionListener, org.springframework.test.context.support.DependencyInjectionTestExecutionListener, org.springframework.test.context.support.DirtiesContextTestExecutionListener, org.springframework.test.context.transaction.TransactionalTestExecutionListener, org.springframework.test.context.jdbc.SqlScriptsTestExecutionListener, org.springframework.test.context.event.EventPublishingTestExecutionListener]
2020-07-16 23:47:05.145  INFO 5156 --- [    Test worker] .b.t.c.SpringBootTestContextBootstrapper : Using TestExecutionListeners: [org.springframework.test.context.web.ServletTestExecutionListener@7febd3e6, org.springframework.test.context.support.DirtiesContextBeforeModesTestExecutionListener@52d1d5c0, org.springframework.boot.test.mock.mockito.MockitoTestExecutionListener@6ba77c16, org.springframework.boot.test.autoconfigure.SpringBootDependencyInjectionTestExecutionListener@4bc55502, org.springframework.test.context.support.DirtiesContextTestExecutionListener@6a90cb7f, org.springframework.security.test.context.support.WithSecurityContextTestExecutionListener@36b36c38, org.springframework.test.context.event.EventPublishingTestExecutionListener@66a4e134, org.springframework.security.test.context.support.ReactorContextTestExecutionListener@7a8c5a7, org.springframework.boot.test.autoconfigure.restdocs.RestDocsTestExecutionListener@6b8f3d1e, org.springframework.boot.test.autoconfigure.web.client.MockRestServiceServerResetTestExecutionListener@46f05efb, org.springframework.boot.test.autoconfigure.web.servlet.MockMvcPrintOnlyOnFailureTestExecutionListener@71cba50, org.springframework.boot.test.autoconfigure.web.servlet.WebDriverTestExecutionListener@46d8c2e9, org.springframework.boot.test.mock.mockito.ResetMocksTestExecutionListener@542d60e1]
]]></system-out>
  <system-err><![CDATA[]]></system-err>
</testsuite>
