<?xml version="1.0" encoding="UTF-8"?>
<testsuite name="CSCI5308.GroupFormationTool.SecurityTest.DefaultPasswordPoliciesTest" tests="7" skipped="0" failures="0" errors="0" timestamp="2020-07-17T04:20:12" hostname="DESKTOP-U6HMV4A" time="0.04">
  <properties/>
  <testcase name="passwordCheckHistory()" classname="CSCI5308.GroupFormationTool.SecurityTest.DefaultPasswordPoliciesTest" time="0.004"/>
  <testcase name="passwordCheckMinSpecialCharacter()" classname="CSCI5308.GroupFormationTool.SecurityTest.DefaultPasswordPoliciesTest" time="0.008"/>
  <testcase name="passwordCheckMaxLength()" classname="CSCI5308.GroupFormationTool.SecurityTest.DefaultPasswordPoliciesTest" time="0.003"/>
  <testcase name="passwordCheckMinLowercaseCharacter()" classname="CSCI5308.GroupFormationTool.SecurityTest.DefaultPasswordPoliciesTest" time="0.006"/>
  <testcase name="passwordCheckMinUppercaseCharacter()" classname="CSCI5308.GroupFormationTool.SecurityTest.DefaultPasswordPoliciesTest" time="0.004"/>
  <testcase name="passwordCheckMinLength()" classname="CSCI5308.GroupFormationTool.SecurityTest.DefaultPasswordPoliciesTest" time="0.003"/>
  <testcase name="passwordCheckNotAllowedCharacter()" classname="CSCI5308.GroupFormationTool.SecurityTest.DefaultPasswordPoliciesTest" time="0.004"/>
  <system-out><![CDATA[2020-07-17 01:20:12.253 [THREAD -- Test worker] [CLASS -- o.s.t.c.s.AbstractTestContextBootstrapper] INFO  org.springframework.boot.test.context.SpringBootTestContextBootstrapper - Neither @ContextConfiguration nor @ContextHierarchy found for test class [CSCI5308.GroupFormationTool.SecurityTest.DefaultPasswordPoliciesTest], using SpringBootContextLoader
2020-07-17 01:20:12.254 [THREAD -- Test worker] [CLASS -- o.s.t.c.s.AbstractContextLoader] INFO  org.springframework.test.context.support.AbstractContextLoader - Could not detect default resource locations for test class [CSCI5308.GroupFormationTool.SecurityTest.DefaultPasswordPoliciesTest]: no resource found for suffixes {-context.xml, Context.groovy}.
2020-07-17 01:20:12.255 [THREAD -- Test worker] [CLASS -- o.s.t.c.s.AnnotationConfigContextLoaderUtils] INFO  org.springframework.test.context.support.AnnotationConfigContextLoaderUtils - Could not detect default configuration classes for test class [CSCI5308.GroupFormationTool.SecurityTest.DefaultPasswordPoliciesTest]: DefaultPasswordPoliciesTest does not declare any static, non-private, non-final, nested classes annotated with @Configuration.
2020-07-17 01:20:12.261 [THREAD -- Test worker] [CLASS -- o.s.b.t.c.SpringBootTestContextBootstrapper] INFO  org.springframework.boot.test.context.SpringBootTestContextBootstrapper - Found @SpringBootConfiguration CSCI5308.GroupFormationTool.GroupFormationToolApplication for test class CSCI5308.GroupFormationTool.SecurityTest.DefaultPasswordPoliciesTest
2020-07-17 01:20:12.263 [THREAD -- Test worker] [CLASS -- o.s.t.c.s.AbstractTestContextBootstrapper] INFO  org.springframework.boot.test.context.SpringBootTestContextBootstrapper - Loaded default TestExecutionListener class names from location [META-INF/spring.factories]: [org.springframework.security.test.context.support.WithSecurityContextTestExecutionListener, org.springframework.security.test.context.support.ReactorContextTestExecutionListener, org.springframework.boot.test.autoconfigure.restdocs.RestDocsTestExecutionListener, org.springframework.boot.test.autoconfigure.web.client.MockRestServiceServerResetTestExecutionListener, org.springframework.boot.test.autoconfigure.web.servlet.MockMvcPrintOnlyOnFailureTestExecutionListener, org.springframework.boot.test.autoconfigure.web.servlet.WebDriverTestExecutionListener, org.springframework.boot.test.mock.mockito.MockitoTestExecutionListener, org.springframework.boot.test.mock.mockito.ResetMocksTestExecutionListener, org.springframework.test.context.web.ServletTestExecutionListener, org.springframework.test.context.support.DirtiesContextBeforeModesTestExecutionListener, org.springframework.test.context.support.DependencyInjectionTestExecutionListener, org.springframework.test.context.support.DirtiesContextTestExecutionListener, org.springframework.test.context.transaction.TransactionalTestExecutionListener, org.springframework.test.context.jdbc.SqlScriptsTestExecutionListener, org.springframework.test.context.event.EventPublishingTestExecutionListener]
2020-07-17 01:20:12.265 [THREAD -- Test worker] [CLASS -- o.s.t.c.s.AbstractTestContextBootstrapper] INFO  org.springframework.boot.test.context.SpringBootTestContextBootstrapper - Using TestExecutionListeners: [org.springframework.test.context.web.ServletTestExecutionListener@3fb4891e, org.springframework.test.context.support.DirtiesContextBeforeModesTestExecutionListener@6d3e65d4, org.springframework.boot.test.mock.mockito.MockitoTestExecutionListener@461b2cd7, org.springframework.boot.test.autoconfigure.SpringBootDependencyInjectionTestExecutionListener@7b89f31e, org.springframework.test.context.support.DirtiesContextTestExecutionListener@60ee6908, org.springframework.security.test.context.support.WithSecurityContextTestExecutionListener@7ee0b004, org.springframework.test.context.event.EventPublishingTestExecutionListener@6182569b, org.springframework.security.test.context.support.ReactorContextTestExecutionListener@552748b6, org.springframework.boot.test.autoconfigure.restdocs.RestDocsTestExecutionListener@4692dd33, org.springframework.boot.test.autoconfigure.web.client.MockRestServiceServerResetTestExecutionListener@3d893575, org.springframework.boot.test.autoconfigure.web.servlet.MockMvcPrintOnlyOnFailureTestExecutionListener@4ecc9ad1, org.springframework.boot.test.autoconfigure.web.servlet.WebDriverTestExecutionListener@21411946, org.springframework.boot.test.mock.mockito.ResetMocksTestExecutionListener@716a2318]
2020-07-17 01:20:12.274 [THREAD -- Test worker] [CLASS -- C.G.S.DefaultPasswordPolicies] INFO  CSCI5308.GroupFormationTool.GroupFormationToolApplication - Password Check MinSpecialCharacter
false
false
false
false
true
false
false
true
false
false
true
false
false
false
true
false
true
false
false
false
false
false
false
2020-07-17 01:20:12.283 [THREAD -- Test worker] [CLASS -- C.G.S.DefaultPasswordPolicies] INFO  CSCI5308.GroupFormationTool.GroupFormationToolApplication - Password Check MaxLength
2020-07-17 01:20:12.290 [THREAD -- Test worker] [CLASS -- C.G.S.DefaultPasswordPolicies] INFO  CSCI5308.GroupFormationTool.GroupFormationToolApplication - Password Check MinLowercaseCharacter
2020-07-17 01:20:12.297 [THREAD -- Test worker] [CLASS -- C.G.S.DefaultPasswordPolicies] INFO  CSCI5308.GroupFormationTool.GroupFormationToolApplication - Password Check MinUppercaseCharacter
2020-07-17 01:20:12.301 [THREAD -- Test worker] [CLASS -- C.G.S.DefaultPasswordPolicies] INFO  CSCI5308.GroupFormationTool.GroupFormationToolApplication - Password Check MinLength
2020-07-17 01:20:12.305 [THREAD -- Test worker] [CLASS -- C.G.S.DefaultPasswordPolicies] INFO  CSCI5308.GroupFormationTool.GroupFormationToolApplication - Password Check MinSpecialCharacter
[#, !, @]
]]></system-out>
  <system-err><![CDATA[]]></system-err>
</testsuite>
