<?xml version="1.0" encoding="UTF-8"?>
<testsuite name="CSCI5308.GroupFormationTool.CoursesTest.StudentCSVImportTest" tests="3" skipped="0" failures="0" errors="0" timestamp="2020-07-17T01:35:01" hostname="Camp_Nou" time="0.416">
  <properties/>
  <testcase name="getFailureResults()" classname="CSCI5308.GroupFormationTool.CoursesTest.StudentCSVImportTest" time="0.004"/>
  <testcase name="getSuccessResults()" classname="CSCI5308.GroupFormationTool.CoursesTest.StudentCSVImportTest" time="0.014"/>
  <testcase name="enrollStudentFromRecord()" classname="CSCI5308.GroupFormationTool.CoursesTest.StudentCSVImportTest" time="0.396"/>
  <system-out><![CDATA[2020-07-16 22:35:01.566  INFO 16504 --- [    Test worker] .b.t.c.SpringBootTestContextBootstrapper : Neither @ContextConfiguration nor @ContextHierarchy found for test class [CSCI5308.GroupFormationTool.CoursesTest.StudentCSVImportTest], using SpringBootContextLoader
2020-07-16 22:35:01.567  INFO 16504 --- [    Test worker] o.s.t.c.support.AbstractContextLoader    : Could not detect default resource locations for test class [CSCI5308.GroupFormationTool.CoursesTest.StudentCSVImportTest]: no resource found for suffixes {-context.xml, Context.groovy}.
2020-07-16 22:35:01.568  INFO 16504 --- [    Test worker] t.c.s.AnnotationConfigContextLoaderUtils : Could not detect default configuration classes for test class [CSCI5308.GroupFormationTool.CoursesTest.StudentCSVImportTest]: StudentCSVImportTest does not declare any static, non-private, non-final, nested classes annotated with @Configuration.
2020-07-16 22:35:01.571  INFO 16504 --- [    Test worker] .b.t.c.SpringBootTestContextBootstrapper : Found @SpringBootConfiguration CSCI5308.GroupFormationTool.GroupFormationToolApplication for test class CSCI5308.GroupFormationTool.CoursesTest.StudentCSVImportTest
2020-07-16 22:35:01.575  INFO 16504 --- [    Test worker] .b.t.c.SpringBootTestContextBootstrapper : Loaded default TestExecutionListener class names from location [META-INF/spring.factories]: [org.springframework.security.test.context.support.WithSecurityContextTestExecutionListener, org.springframework.security.test.context.support.ReactorContextTestExecutionListener, org.springframework.boot.test.autoconfigure.restdocs.RestDocsTestExecutionListener, org.springframework.boot.test.autoconfigure.web.client.MockRestServiceServerResetTestExecutionListener, org.springframework.boot.test.autoconfigure.web.servlet.MockMvcPrintOnlyOnFailureTestExecutionListener, org.springframework.boot.test.autoconfigure.web.servlet.WebDriverTestExecutionListener, org.springframework.boot.test.mock.mockito.MockitoTestExecutionListener, org.springframework.boot.test.mock.mockito.ResetMocksTestExecutionListener, org.springframework.test.context.web.ServletTestExecutionListener, org.springframework.test.context.support.DirtiesContextBeforeModesTestExecutionListener, org.springframework.test.context.support.DependencyInjectionTestExecutionListener, org.springframework.test.context.support.DirtiesContextTestExecutionListener, org.springframework.test.context.transaction.TransactionalTestExecutionListener, org.springframework.test.context.jdbc.SqlScriptsTestExecutionListener, org.springframework.test.context.event.EventPublishingTestExecutionListener]
2020-07-16 22:35:01.577  INFO 16504 --- [    Test worker] .b.t.c.SpringBootTestContextBootstrapper : Using TestExecutionListeners: [org.springframework.test.context.web.ServletTestExecutionListener@455d5744, org.springframework.test.context.support.DirtiesContextBeforeModesTestExecutionListener@a15c00a, org.springframework.boot.test.mock.mockito.MockitoTestExecutionListener@2dcc3fba, org.springframework.boot.test.autoconfigure.SpringBootDependencyInjectionTestExecutionListener@2ba9d5f0, org.springframework.test.context.support.DirtiesContextTestExecutionListener@46140b6, org.springframework.security.test.context.support.WithSecurityContextTestExecutionListener@2050c5a0, org.springframework.test.context.event.EventPublishingTestExecutionListener@6c2d1fff, org.springframework.security.test.context.support.ReactorContextTestExecutionListener@94e41df, org.springframework.boot.test.autoconfigure.restdocs.RestDocsTestExecutionListener@724d4b0, org.springframework.boot.test.autoconfigure.web.client.MockRestServiceServerResetTestExecutionListener@21ff6c31, org.springframework.boot.test.autoconfigure.web.servlet.MockMvcPrintOnlyOnFailureTestExecutionListener@25294d16, org.springframework.boot.test.autoconfigure.web.servlet.WebDriverTestExecutionListener@5e12a0d5, org.springframework.boot.test.mock.mockito.ResetMocksTestExecutionListener@7fb26ef3]
]]></system-out>
  <system-err><![CDATA[]]></system-err>
</testsuite>
