<?xml version="1.0" encoding="UTF-8"?>
<testsuite name="CSCI5308.GroupFormationTool.SecurityTest.DefaultPasswordPoliciesTest" tests="7" skipped="0" failures="0" errors="0" timestamp="2020-06-19T01:48:41" hostname="Camp_Nou" time="0.032">
  <properties/>
  <testcase name="passwordCheckHistory()" classname="CSCI5308.GroupFormationTool.SecurityTest.DefaultPasswordPoliciesTest" time="0.004"/>
  <testcase name="passwordCheckMinSpecialCharacter()" classname="CSCI5308.GroupFormationTool.SecurityTest.DefaultPasswordPoliciesTest" time="0.007"/>
  <testcase name="passwordCheckMaxLength()" classname="CSCI5308.GroupFormationTool.SecurityTest.DefaultPasswordPoliciesTest" time="0.003"/>
  <testcase name="passwordCheckMinLowercaseCharacter()" classname="CSCI5308.GroupFormationTool.SecurityTest.DefaultPasswordPoliciesTest" time="0.003"/>
  <testcase name="passwordCheckMinUppercaseCharacter()" classname="CSCI5308.GroupFormationTool.SecurityTest.DefaultPasswordPoliciesTest" time="0.003"/>
  <testcase name="passwordCheckMinLength()" classname="CSCI5308.GroupFormationTool.SecurityTest.DefaultPasswordPoliciesTest" time="0.003"/>
  <testcase name="passwordCheckNotAllowedCharacter()" classname="CSCI5308.GroupFormationTool.SecurityTest.DefaultPasswordPoliciesTest" time="0.004"/>
  <system-out><![CDATA[2020-06-18 22:48:41.636  INFO 14380 --- [    Test worker] .b.t.c.SpringBootTestContextBootstrapper : Neither @ContextConfiguration nor @ContextHierarchy found for test class [CSCI5308.GroupFormationTool.SecurityTest.DefaultPasswordPoliciesTest], using SpringBootContextLoader
2020-06-18 22:48:41.637  INFO 14380 --- [    Test worker] o.s.t.c.support.AbstractContextLoader    : Could not detect default resource locations for test class [CSCI5308.GroupFormationTool.SecurityTest.DefaultPasswordPoliciesTest]: no resource found for suffixes {-context.xml, Context.groovy}.
2020-06-18 22:48:41.638  INFO 14380 --- [    Test worker] t.c.s.AnnotationConfigContextLoaderUtils : Could not detect default configuration classes for test class [CSCI5308.GroupFormationTool.SecurityTest.DefaultPasswordPoliciesTest]: DefaultPasswordPoliciesTest does not declare any static, non-private, non-final, nested classes annotated with @Configuration.
2020-06-18 22:48:41.646  INFO 14380 --- [    Test worker] .b.t.c.SpringBootTestContextBootstrapper : Found @SpringBootConfiguration CSCI5308.GroupFormationTool.GroupFormationToolApplication for test class CSCI5308.GroupFormationTool.SecurityTest.DefaultPasswordPoliciesTest
2020-06-18 22:48:41.648  INFO 14380 --- [    Test worker] .b.t.c.SpringBootTestContextBootstrapper : Loaded default TestExecutionListener class names from location [META-INF/spring.factories]: [org.springframework.security.test.context.support.WithSecurityContextTestExecutionListener, org.springframework.security.test.context.support.ReactorContextTestExecutionListener, org.springframework.boot.test.autoconfigure.restdocs.RestDocsTestExecutionListener, org.springframework.boot.test.autoconfigure.web.client.MockRestServiceServerResetTestExecutionListener, org.springframework.boot.test.autoconfigure.web.servlet.MockMvcPrintOnlyOnFailureTestExecutionListener, org.springframework.boot.test.autoconfigure.web.servlet.WebDriverTestExecutionListener, org.springframework.boot.test.mock.mockito.MockitoTestExecutionListener, org.springframework.boot.test.mock.mockito.ResetMocksTestExecutionListener, org.springframework.test.context.web.ServletTestExecutionListener, org.springframework.test.context.support.DirtiesContextBeforeModesTestExecutionListener, org.springframework.test.context.support.DependencyInjectionTestExecutionListener, org.springframework.test.context.support.DirtiesContextTestExecutionListener, org.springframework.test.context.transaction.TransactionalTestExecutionListener, org.springframework.test.context.jdbc.SqlScriptsTestExecutionListener, org.springframework.test.context.event.EventPublishingTestExecutionListener]
2020-06-18 22:48:41.650  INFO 14380 --- [    Test worker] .b.t.c.SpringBootTestContextBootstrapper : Using TestExecutionListeners: [org.springframework.test.context.web.ServletTestExecutionListener@47519a20, org.springframework.test.context.support.DirtiesContextBeforeModesTestExecutionListener@731d2625, org.springframework.boot.test.mock.mockito.MockitoTestExecutionListener@76f9624f, org.springframework.boot.test.autoconfigure.SpringBootDependencyInjectionTestExecutionListener@71464733, org.springframework.test.context.support.DirtiesContextTestExecutionListener@3a0d43a1, org.springframework.security.test.context.support.WithSecurityContextTestExecutionListener@20bb66cb, org.springframework.test.context.event.EventPublishingTestExecutionListener@1ded8389, org.springframework.security.test.context.support.ReactorContextTestExecutionListener@5e5120d8, org.springframework.boot.test.autoconfigure.restdocs.RestDocsTestExecutionListener@e1160f8, org.springframework.boot.test.autoconfigure.web.client.MockRestServiceServerResetTestExecutionListener@75e7c2cf, org.springframework.boot.test.autoconfigure.web.servlet.MockMvcPrintOnlyOnFailureTestExecutionListener@467e631, org.springframework.boot.test.autoconfigure.web.servlet.WebDriverTestExecutionListener@53674185, org.springframework.boot.test.mock.mockito.ResetMocksTestExecutionListener@5674edb1]
passwordCheckMinSpecialCharacter
false
false
false
false
true
false
false
true
false
false
true
false
false
false
true
false
true
false
false
false
false
false
false
true
passwordCheckMinUppercaseCharacter
[#, !, @]
]]></system-out>
  <system-err><![CDATA[]]></system-err>
</testsuite>
