<?xml version="1.0" encoding="UTF-8"?>
<testsuite name="CSCI5308.GroupFormationTool.Utils.MailUtilTest" tests="1" skipped="0" failures="0" errors="0" timestamp="2020-07-17T02:28:11" hostname="DESKTOP-U6HMV4A" time="3.39">
  <properties/>
  <testcase name="sendmail()" classname="CSCI5308.GroupFormationTool.Utils.MailUtilTest" time="3.39"/>
  <system-out><![CDATA[]]></system-out>
  <system-err><![CDATA[]]></system-err>
</testsuite>
