<?xml version="1.0" encoding="UTF-8"?>
<testsuite name="CSCI5308.GroupFormationTool.GroupFormationToolApplicationTests" tests="1" skipped="0" failures="0" errors="0" timestamp="2020-07-17T01:35:03" hostname="Camp_Nou" time="0.003">
  <properties/>
  <testcase name="contextLoads()" classname="CSCI5308.GroupFormationTool.GroupFormationToolApplicationTests" time="0.003"/>
  <system-out><![CDATA[2020-07-16 22:35:03.542  INFO 16504 --- [    Test worker] .b.t.c.SpringBootTestContextBootstrapper : Neither @ContextConfiguration nor @ContextHierarchy found for test class [CSCI5308.GroupFormationTool.GroupFormationToolApplicationTests], using SpringBootContextLoader
2020-07-16 22:35:03.545  INFO 16504 --- [    Test worker] o.s.t.c.support.AbstractContextLoader    : Could not detect default resource locations for test class [CSCI5308.GroupFormationTool.GroupFormationToolApplicationTests]: no resource found for suffixes {-context.xml, Context.groovy}.
2020-07-16 22:35:03.546  INFO 16504 --- [    Test worker] t.c.s.AnnotationConfigContextLoaderUtils : Could not detect default configuration classes for test class [CSCI5308.GroupFormationTool.GroupFormationToolApplicationTests]: GroupFormationToolApplicationTests does not declare any static, non-private, non-final, nested classes annotated with @Configuration.
2020-07-16 22:35:03.555  INFO 16504 --- [    Test worker] .b.t.c.SpringBootTestContextBootstrapper : Found @SpringBootConfiguration CSCI5308.GroupFormationTool.GroupFormationToolApplication for test class CSCI5308.GroupFormationTool.GroupFormationToolApplicationTests
2020-07-16 22:35:03.558  INFO 16504 --- [    Test worker] .b.t.c.SpringBootTestContextBootstrapper : Loaded default TestExecutionListener class names from location [META-INF/spring.factories]: [org.springframework.security.test.context.support.WithSecurityContextTestExecutionListener, org.springframework.security.test.context.support.ReactorContextTestExecutionListener, org.springframework.boot.test.autoconfigure.restdocs.RestDocsTestExecutionListener, org.springframework.boot.test.autoconfigure.web.client.MockRestServiceServerResetTestExecutionListener, org.springframework.boot.test.autoconfigure.web.servlet.MockMvcPrintOnlyOnFailureTestExecutionListener, org.springframework.boot.test.autoconfigure.web.servlet.WebDriverTestExecutionListener, org.springframework.boot.test.mock.mockito.MockitoTestExecutionListener, org.springframework.boot.test.mock.mockito.ResetMocksTestExecutionListener, org.springframework.test.context.web.ServletTestExecutionListener, org.springframework.test.context.support.DirtiesContextBeforeModesTestExecutionListener, org.springframework.test.context.support.DependencyInjectionTestExecutionListener, org.springframework.test.context.support.DirtiesContextTestExecutionListener, org.springframework.test.context.transaction.TransactionalTestExecutionListener, org.springframework.test.context.jdbc.SqlScriptsTestExecutionListener, org.springframework.test.context.event.EventPublishingTestExecutionListener]
2020-07-16 22:35:03.560  INFO 16504 --- [    Test worker] .b.t.c.SpringBootTestContextBootstrapper : Using TestExecutionListeners: [org.springframework.test.context.web.ServletTestExecutionListener@522d3755, org.springframework.test.context.support.DirtiesContextBeforeModesTestExecutionListener@77688c23, org.springframework.boot.test.mock.mockito.MockitoTestExecutionListener@36658c34, org.springframework.boot.test.autoconfigure.SpringBootDependencyInjectionTestExecutionListener@26ed8c5d, org.springframework.test.context.support.DirtiesContextTestExecutionListener@1d41804a, org.springframework.security.test.context.support.WithSecurityContextTestExecutionListener@2e7b1e55, org.springframework.test.context.event.EventPublishingTestExecutionListener@34e53382, org.springframework.security.test.context.support.ReactorContextTestExecutionListener@7e20ce27, org.springframework.boot.test.autoconfigure.restdocs.RestDocsTestExecutionListener@6f724279, org.springframework.boot.test.autoconfigure.web.client.MockRestServiceServerResetTestExecutionListener@190d6074, org.springframework.boot.test.autoconfigure.web.servlet.MockMvcPrintOnlyOnFailureTestExecutionListener@4e939f4, org.springframework.boot.test.autoconfigure.web.servlet.WebDriverTestExecutionListener@7c408eb8, org.springframework.boot.test.mock.mockito.ResetMocksTestExecutionListener@15c6ac3]
]]></system-out>
  <system-err><![CDATA[]]></system-err>
</testsuite>
