<?xml version="1.0" encoding="UTF-8"?>
<testsuite name="CSCI5308.GroupFormationTool.GroupFormationTest.GroupFormationTest" tests="2" skipped="0" failures="0" errors="0" timestamp="2020-07-17T01:35:02" hostname="Camp_Nou" time="1.504">
  <properties/>
  <testcase name="createGroup()" classname="CSCI5308.GroupFormationTool.GroupFormationTest.GroupFormationTest" time="0.74"/>
  <testcase name="createRandomGroup()" classname="CSCI5308.GroupFormationTool.GroupFormationTest.GroupFormationTest" time="0.762"/>
  <system-out><![CDATA[2020-07-16 22:35:02.016  INFO 16504 --- [    Test worker] .b.t.c.SpringBootTestContextBootstrapper : Neither @ContextConfiguration nor @ContextHierarchy found for test class [CSCI5308.GroupFormationTool.GroupFormationTest.GroupFormationTest], using SpringBootContextLoader
2020-07-16 22:35:02.018  INFO 16504 --- [    Test worker] o.s.t.c.support.AbstractContextLoader    : Could not detect default resource locations for test class [CSCI5308.GroupFormationTool.GroupFormationTest.GroupFormationTest]: no resource found for suffixes {-context.xml, Context.groovy}.
2020-07-16 22:35:02.018  INFO 16504 --- [    Test worker] t.c.s.AnnotationConfigContextLoaderUtils : Could not detect default configuration classes for test class [CSCI5308.GroupFormationTool.GroupFormationTest.GroupFormationTest]: GroupFormationTest does not declare any static, non-private, non-final, nested classes annotated with @Configuration.
2020-07-16 22:35:02.026  INFO 16504 --- [    Test worker] .b.t.c.SpringBootTestContextBootstrapper : Found @SpringBootConfiguration CSCI5308.GroupFormationTool.GroupFormationToolApplication for test class CSCI5308.GroupFormationTool.GroupFormationTest.GroupFormationTest
2020-07-16 22:35:02.028  INFO 16504 --- [    Test worker] .b.t.c.SpringBootTestContextBootstrapper : Loaded default TestExecutionListener class names from location [META-INF/spring.factories]: [org.springframework.security.test.context.support.WithSecurityContextTestExecutionListener, org.springframework.security.test.context.support.ReactorContextTestExecutionListener, org.springframework.boot.test.autoconfigure.restdocs.RestDocsTestExecutionListener, org.springframework.boot.test.autoconfigure.web.client.MockRestServiceServerResetTestExecutionListener, org.springframework.boot.test.autoconfigure.web.servlet.MockMvcPrintOnlyOnFailureTestExecutionListener, org.springframework.boot.test.autoconfigure.web.servlet.WebDriverTestExecutionListener, org.springframework.boot.test.mock.mockito.MockitoTestExecutionListener, org.springframework.boot.test.mock.mockito.ResetMocksTestExecutionListener, org.springframework.test.context.web.ServletTestExecutionListener, org.springframework.test.context.support.DirtiesContextBeforeModesTestExecutionListener, org.springframework.test.context.support.DependencyInjectionTestExecutionListener, org.springframework.test.context.support.DirtiesContextTestExecutionListener, org.springframework.test.context.transaction.TransactionalTestExecutionListener, org.springframework.test.context.jdbc.SqlScriptsTestExecutionListener, org.springframework.test.context.event.EventPublishingTestExecutionListener]
2020-07-16 22:35:02.030  INFO 16504 --- [    Test worker] .b.t.c.SpringBootTestContextBootstrapper : Using TestExecutionListeners: [org.springframework.test.context.web.ServletTestExecutionListener@50250ff5, org.springframework.test.context.support.DirtiesContextBeforeModesTestExecutionListener@5de4bb0e, org.springframework.boot.test.mock.mockito.MockitoTestExecutionListener@3f7fef90, org.springframework.boot.test.autoconfigure.SpringBootDependencyInjectionTestExecutionListener@6119f716, org.springframework.test.context.support.DirtiesContextTestExecutionListener@193b1667, org.springframework.security.test.context.support.WithSecurityContextTestExecutionListener@617ff285, org.springframework.test.context.event.EventPublishingTestExecutionListener@213c8255, org.springframework.security.test.context.support.ReactorContextTestExecutionListener@fb37023, org.springframework.boot.test.autoconfigure.restdocs.RestDocsTestExecutionListener@4e7ac79c, org.springframework.boot.test.autoconfigure.web.client.MockRestServiceServerResetTestExecutionListener@508fef0c, org.springframework.boot.test.autoconfigure.web.servlet.MockMvcPrintOnlyOnFailureTestExecutionListener@15e4f162, org.springframework.boot.test.autoconfigure.web.servlet.WebDriverTestExecutionListener@1c2b995, org.springframework.boot.test.mock.mockito.ResetMocksTestExecutionListener@199cc816]
1
Total Group: 3
1
8
11
13
14
Users:
Users:Jap
Users:Jap
Users:Jap
Group Size:2
]]></system-out>
  <system-err><![CDATA[]]></system-err>
</testsuite>
