<?xml version="1.0" encoding="UTF-8"?>
<testsuite name="CSCI5308.GroupFormationTool.AccessControlTest.UserTest" tests="16" skipped="0" failures="0" errors="0" timestamp="2020-07-17T02:28:10" hostname="DESKTOP-U6HMV4A" time="0.369">
  <properties/>
  <testcase name="isEmailValidTest()" classname="CSCI5308.GroupFormationTool.AccessControlTest.UserTest" time="0.299"/>
  <testcase name="getFirstNameTest()" classname="CSCI5308.GroupFormationTool.AccessControlTest.UserTest" time="0.005"/>
  <testcase name="setLastNameTest()" classname="CSCI5308.GroupFormationTool.AccessControlTest.UserTest" time="0.003"/>
  <testcase name="isBannerIDValidTest()" classname="CSCI5308.GroupFormationTool.AccessControlTest.UserTest" time="0.002"/>
  <testcase name="setBannerIDTest()" classname="CSCI5308.GroupFormationTool.AccessControlTest.UserTest" time="0.003"/>
  <testcase name="ConstructorTests()" classname="CSCI5308.GroupFormationTool.AccessControlTest.UserTest" time="0.004"/>
  <testcase name="setEmailTest()" classname="CSCI5308.GroupFormationTool.AccessControlTest.UserTest" time="0.004"/>
  <testcase name="isFirstNameValidTest()" classname="CSCI5308.GroupFormationTool.AccessControlTest.UserTest" time="0.002"/>
  <testcase name="setIDTest()" classname="CSCI5308.GroupFormationTool.AccessControlTest.UserTest" time="0.003"/>
  <testcase name="getIDTest()" classname="CSCI5308.GroupFormationTool.AccessControlTest.UserTest" time="0.004"/>
  <testcase name="setFirstNameTest()" classname="CSCI5308.GroupFormationTool.AccessControlTest.UserTest" time="0.003"/>
  <testcase name="createUser()" classname="CSCI5308.GroupFormationTool.AccessControlTest.UserTest" time="0.003"/>
  <testcase name="isLastNameValidTest()" classname="CSCI5308.GroupFormationTool.AccessControlTest.UserTest" time="0.004"/>
  <testcase name="getLastNameTest()" classname="CSCI5308.GroupFormationTool.AccessControlTest.UserTest" time="0.004"/>
  <testcase name="getBannerIDTest()" classname="CSCI5308.GroupFormationTool.AccessControlTest.UserTest" time="0.004"/>
  <testcase name="getEmailTest()" classname="CSCI5308.GroupFormationTool.AccessControlTest.UserTest" time="0.004"/>
  <system-out><![CDATA[
  .   ____          _            __ _ _
 /\\ / ___'_ __ _ _(_)_ __  __ _ \ \ \ \
( ( )\___ | '_ | '_| | '_ \/ _` | \ \ \ \
 \\/  ___)| |_)| | | | | || (_| |  ) ) ) )
  '  |____| .__|_| |_|_| |_\__, | / / / /
 =========|_|==============|___/=/_/_/_/
?[32m :: Spring Boot :: ?[39m      ?[2m (v2.2.4.RELEASE)?[0;39m

2020-07-16 23:28:07.935 [o.s.b.StartupInfoLogger] INFO  - Starting UserTest on DESKTOP-U6HMV4A with PID 16956 (started by Krutin_trivedi in D:\DAL\Summer_2020\Adv_SDC__CSCI_5308\group5)
2020-07-16 23:28:07.972 [o.s.b.SpringApplication] INFO  - No active profile set, falling back to default profiles: default
2020-07-16 23:28:08.021 [o.s.c.s.AbstractApplicationContext] DEBUG - Refreshing org.springframework.web.context.support.GenericWebApplicationContext@5bab485a
2020-07-16 23:28:09.369 [o.s.s.w.DefaultSecurityFilterChain] INFO  - Creating filter chain: Ant [pattern='/resources/**'], []
2020-07-16 23:28:09.494 [o.s.s.w.DefaultSecurityFilterChain] INFO  - Creating filter chain: any request, [org.springframework.security.web.context.request.async.WebAsyncManagerIntegrationFilter@4b921d6c, org.springframework.security.web.context.SecurityContextPersistenceFilter@5fee9648, org.springframework.security.web.header.HeaderWriterFilter@c39d6f0, org.springframework.security.web.csrf.CsrfFilter@7ad6aeba, org.springframework.security.web.authentication.logout.LogoutFilter@2ac56278, org.springframework.security.web.authentication.UsernamePasswordAuthenticationFilter@7cdd4d42, org.springframework.security.web.savedrequest.RequestCacheAwareFilter@6637b9b, org.springframework.security.web.servletapi.SecurityContextHolderAwareRequestFilter@4de55780, org.springframework.security.web.authentication.AnonymousAuthenticationFilter@4dacd2c, org.springframework.security.web.session.SessionManagementFilter@7265b42c, org.springframework.security.web.access.ExceptionTranslationFilter@785493d8, org.springframework.security.web.access.intercept.FilterSecurityInterceptor@7ed7d8d8]
2020-07-16 23:28:09.954 [o.s.s.c.ExecutorConfigurationSupport] INFO  - Initializing ExecutorService 'applicationTaskExecutor'
2020-07-16 23:28:09.973 [o.s.w.s.m.m.a.RequestMappingHandlerAdapter] DEBUG - ControllerAdvice beans: 0 @ModelAttribute, 0 @InitBinder, 1 RequestBodyAdvice, 1 ResponseBodyAdvice
2020-07-16 23:28:10.087 [o.s.w.s.h.AbstractHandlerMethodMapping] DEBUG - 33 mappings in 'requestMappingHandlerMapping'
2020-07-16 23:28:10.091 [o.s.b.a.w.s.WelcomePageHandlerMapping] INFO  - Adding welcome page template: index
2020-07-16 23:28:10.148 [o.s.w.s.h.SimpleUrlHandlerMapping] DEBUG - Patterns [/webjars/**, /**] in 'resourceHandlerMapping'
2020-07-16 23:28:10.168 [o.s.w.s.m.m.a.ExceptionHandlerExceptionResolver] DEBUG - ControllerAdvice beans: 0 @ExceptionHandler, 1 ResponseBodyAdvice
2020-07-16 23:28:10.390 [o.s.b.StartupInfoLogger] INFO  - Started UserTest in 3.199 seconds (JVM running for 6.285)
2020-07-16 23:28:10.700 [C.G.A.User] WARN  - Email Address null
2020-07-16 23:28:10.700 [C.G.A.User] WARN  - Email Address null
2020-07-16 23:28:10.714 [C.G.A.User] INFO  - setting Defaults to User
2020-07-16 23:28:10.719 [C.G.A.User] INFO  - setting Defaults to User
2020-07-16 23:28:10.727 [C.G.A.User] INFO  - setting Defaults to User
2020-07-16 23:28:10.731 [C.G.A.User] INFO  - setting Defaults to User
2020-07-16 23:28:10.731 [C.G.A.User] INFO  - setting Defaults to User
2020-07-16 23:28:10.732 [C.G.A.User] INFO  - setting Defaults to User
2020-07-16 23:28:10.737 [C.G.A.User] INFO  - setting Defaults to User
2020-07-16 23:28:10.743 [C.G.A.User] INFO  - setting Defaults to User
2020-07-16 23:28:10.747 [C.G.A.User] INFO  - setting Defaults to User
2020-07-16 23:28:10.752 [C.G.A.User] INFO  - setting Defaults to User
2020-07-16 23:28:10.756 [C.G.A.User] INFO  - setting Defaults to User
2020-07-16 23:28:10.766 [C.G.A.User] INFO  - setting Defaults to User
2020-07-16 23:28:10.771 [C.G.A.User] INFO  - setting Defaults to User
2020-07-16 23:28:10.778 [C.G.A.User] INFO  - setting Defaults to User
]]></system-out>
  <system-err><![CDATA[]]></system-err>
</testsuite>
