<?xml version="1.0" encoding="UTF-8"?>
<testsuite name="CSCI5308.GroupFormationTool.AccessControlTest.UserTest" tests="16" skipped="0" failures="0" errors="0" timestamp="2020-07-17T02:47:03" hostname="Camp_Nou" time="0.378">
  <properties/>
  <testcase name="isEmailValidTest()" classname="CSCI5308.GroupFormationTool.AccessControlTest.UserTest" time="0.265"/>
  <testcase name="getFirstNameTest()" classname="CSCI5308.GroupFormationTool.AccessControlTest.UserTest" time="0.006"/>
  <testcase name="setLastNameTest()" classname="CSCI5308.GroupFormationTool.AccessControlTest.UserTest" time="0.007"/>
  <testcase name="isBannerIDValidTest()" classname="CSCI5308.GroupFormationTool.AccessControlTest.UserTest" time="0.004"/>
  <testcase name="setBannerIDTest()" classname="CSCI5308.GroupFormationTool.AccessControlTest.UserTest" time="0.004"/>
  <testcase name="ConstructorTests()" classname="CSCI5308.GroupFormationTool.AccessControlTest.UserTest" time="0.005"/>
  <testcase name="setEmailTest()" classname="CSCI5308.GroupFormationTool.AccessControlTest.UserTest" time="0.007"/>
  <testcase name="isFirstNameValidTest()" classname="CSCI5308.GroupFormationTool.AccessControlTest.UserTest" time="0.004"/>
  <testcase name="setIDTest()" classname="CSCI5308.GroupFormationTool.AccessControlTest.UserTest" time="0.009"/>
  <testcase name="getIDTest()" classname="CSCI5308.GroupFormationTool.AccessControlTest.UserTest" time="0.003"/>
  <testcase name="setFirstNameTest()" classname="CSCI5308.GroupFormationTool.AccessControlTest.UserTest" time="0.004"/>
  <testcase name="createUser()" classname="CSCI5308.GroupFormationTool.AccessControlTest.UserTest" time="0.004"/>
  <testcase name="isLastNameValidTest()" classname="CSCI5308.GroupFormationTool.AccessControlTest.UserTest" time="0.005"/>
  <testcase name="getLastNameTest()" classname="CSCI5308.GroupFormationTool.AccessControlTest.UserTest" time="0.017"/>
  <testcase name="getBannerIDTest()" classname="CSCI5308.GroupFormationTool.AccessControlTest.UserTest" time="0.01"/>
  <testcase name="getEmailTest()" classname="CSCI5308.GroupFormationTool.AccessControlTest.UserTest" time="0.006"/>
  <system-out><![CDATA[23:47:00.812 [Test worker] DEBUG org.springframework.test.context.BootstrapUtils - Instantiating CacheAwareContextLoaderDelegate from class [org.springframework.test.context.cache.DefaultCacheAwareContextLoaderDelegate]
23:47:00.831 [Test worker] DEBUG org.springframework.test.context.BootstrapUtils - Instantiating BootstrapContext using constructor [public org.springframework.test.context.support.DefaultBootstrapContext(java.lang.Class,org.springframework.test.context.CacheAwareContextLoaderDelegate)]
23:47:00.867 [Test worker] DEBUG org.springframework.test.context.BootstrapUtils - Instantiating TestContextBootstrapper for test class [CSCI5308.GroupFormationTool.AccessControlTest.UserTest] from class [org.springframework.boot.test.context.SpringBootTestContextBootstrapper]
23:47:00.887 [Test worker] INFO org.springframework.boot.test.context.SpringBootTestContextBootstrapper - Neither @ContextConfiguration nor @ContextHierarchy found for test class [CSCI5308.GroupFormationTool.AccessControlTest.UserTest], using SpringBootContextLoader
23:47:00.892 [Test worker] DEBUG org.springframework.test.context.support.AbstractContextLoader - Did not detect default resource location for test class [CSCI5308.GroupFormationTool.AccessControlTest.UserTest]: class path resource [CSCI5308/GroupFormationTool/AccessControlTest/UserTest-context.xml] does not exist
23:47:00.893 [Test worker] DEBUG org.springframework.test.context.support.AbstractContextLoader - Did not detect default resource location for test class [CSCI5308.GroupFormationTool.AccessControlTest.UserTest]: class path resource [CSCI5308/GroupFormationTool/AccessControlTest/UserTestContext.groovy] does not exist
23:47:00.893 [Test worker] INFO org.springframework.test.context.support.AbstractContextLoader - Could not detect default resource locations for test class [CSCI5308.GroupFormationTool.AccessControlTest.UserTest]: no resource found for suffixes {-context.xml, Context.groovy}.
23:47:00.894 [Test worker] INFO org.springframework.test.context.support.AnnotationConfigContextLoaderUtils - Could not detect default configuration classes for test class [CSCI5308.GroupFormationTool.AccessControlTest.UserTest]: UserTest does not declare any static, non-private, non-final, nested classes annotated with @Configuration.
23:47:00.934 [Test worker] DEBUG org.springframework.test.context.support.ActiveProfilesUtils - Could not find an 'annotation declaring class' for annotation type [org.springframework.test.context.ActiveProfiles] and class [CSCI5308.GroupFormationTool.AccessControlTest.UserTest]
23:47:01.022 [Test worker] DEBUG org.springframework.context.annotation.ClassPathScanningCandidateComponentProvider - Identified candidate component class: file [C:\Users\rudra\Desktop\Advanced SDC\Milestone - 3\japnoor\build\classes\java\main\CSCI5308\GroupFormationTool\GroupFormationToolApplication.class]
23:47:01.025 [Test worker] INFO org.springframework.boot.test.context.SpringBootTestContextBootstrapper - Found @SpringBootConfiguration CSCI5308.GroupFormationTool.GroupFormationToolApplication for test class CSCI5308.GroupFormationTool.AccessControlTest.UserTest
23:47:01.145 [Test worker] DEBUG org.springframework.boot.test.context.SpringBootTestContextBootstrapper - @TestExecutionListeners is not present for class [CSCI5308.GroupFormationTool.AccessControlTest.UserTest]: using defaults.
23:47:01.146 [Test worker] INFO org.springframework.boot.test.context.SpringBootTestContextBootstrapper - Loaded default TestExecutionListener class names from location [META-INF/spring.factories]: [org.springframework.security.test.context.support.WithSecurityContextTestExecutionListener, org.springframework.security.test.context.support.ReactorContextTestExecutionListener, org.springframework.boot.test.autoconfigure.restdocs.RestDocsTestExecutionListener, org.springframework.boot.test.autoconfigure.web.client.MockRestServiceServerResetTestExecutionListener, org.springframework.boot.test.autoconfigure.web.servlet.MockMvcPrintOnlyOnFailureTestExecutionListener, org.springframework.boot.test.autoconfigure.web.servlet.WebDriverTestExecutionListener, org.springframework.boot.test.mock.mockito.MockitoTestExecutionListener, org.springframework.boot.test.mock.mockito.ResetMocksTestExecutionListener, org.springframework.test.context.web.ServletTestExecutionListener, org.springframework.test.context.support.DirtiesContextBeforeModesTestExecutionListener, org.springframework.test.context.support.DependencyInjectionTestExecutionListener, org.springframework.test.context.support.DirtiesContextTestExecutionListener, org.springframework.test.context.transaction.TransactionalTestExecutionListener, org.springframework.test.context.jdbc.SqlScriptsTestExecutionListener, org.springframework.test.context.event.EventPublishingTestExecutionListener]
23:47:01.166 [Test worker] DEBUG org.springframework.boot.test.context.SpringBootTestContextBootstrapper - Skipping candidate TestExecutionListener [org.springframework.test.context.transaction.TransactionalTestExecutionListener] due to a missing dependency. Specify custom listener classes or make the default listener classes and their required dependencies available. Offending class: [org/springframework/transaction/interceptor/TransactionAttributeSource]
23:47:01.167 [Test worker] DEBUG org.springframework.boot.test.context.SpringBootTestContextBootstrapper - Skipping candidate TestExecutionListener [org.springframework.test.context.jdbc.SqlScriptsTestExecutionListener] due to a missing dependency. Specify custom listener classes or make the default listener classes and their required dependencies available. Offending class: [org/springframework/transaction/interceptor/TransactionAttribute]
23:47:01.167 [Test worker] INFO org.springframework.boot.test.context.SpringBootTestContextBootstrapper - Using TestExecutionListeners: [org.springframework.test.context.web.ServletTestExecutionListener@330e3d69, org.springframework.test.context.support.DirtiesContextBeforeModesTestExecutionListener@a6735f9, org.springframework.boot.test.mock.mockito.MockitoTestExecutionListener@68fd41b, org.springframework.boot.test.autoconfigure.SpringBootDependencyInjectionTestExecutionListener@879963c, org.springframework.test.context.support.DirtiesContextTestExecutionListener@4ade072f, org.springframework.security.test.context.support.WithSecurityContextTestExecutionListener@79253b70, org.springframework.test.context.event.EventPublishingTestExecutionListener@1721743, org.springframework.security.test.context.support.ReactorContextTestExecutionListener@457ea927, org.springframework.boot.test.autoconfigure.restdocs.RestDocsTestExecutionListener@7f2329d8, org.springframework.boot.test.autoconfigure.web.client.MockRestServiceServerResetTestExecutionListener@2f8d63f7, org.springframework.boot.test.autoconfigure.web.servlet.MockMvcPrintOnlyOnFailureTestExecutionListener@3ed4a14a, org.springframework.boot.test.autoconfigure.web.servlet.WebDriverTestExecutionListener@ed31026, org.springframework.boot.test.mock.mockito.ResetMocksTestExecutionListener@68d885cd]
23:47:01.172 [Test worker] DEBUG org.springframework.test.context.support.AbstractDirtiesContextTestExecutionListener - Before test class: context [DefaultTestContext@59717f79 testClass = UserTest, testInstance = [null], testMethod = [null], testException = [null], mergedContextConfiguration = [WebMergedContextConfiguration@3c3f8080 testClass = UserTest, locations = '{}', classes = '{class CSCI5308.GroupFormationTool.GroupFormationToolApplication}', contextInitializerClasses = '[]', activeProfiles = '{}', propertySourceLocations = '{}', propertySourceProperties = '{org.springframework.boot.test.context.SpringBootTestContextBootstrapper=true}', contextCustomizers = set[org.springframework.boot.test.autoconfigure.properties.PropertyMappingContextCustomizer@0, org.springframework.boot.test.autoconfigure.web.servlet.WebDriverContextCustomizerFactory$Customizer@4b3a5096, org.springframework.boot.test.context.filter.ExcludeFilterContextCustomizer@1381b29d, org.springframework.boot.test.json.DuplicateJsonObjectContextCustomizerFactory$DuplicateJsonObjectContextCustomizer@3de01886, org.springframework.boot.test.mock.mockito.MockitoContextCustomizer@0, org.springframework.boot.test.web.client.TestRestTemplateContextCustomizer@5e24f9ca], resourceBasePath = 'src/main/webapp', contextLoader = 'org.springframework.boot.test.context.SpringBootContextLoader', parent = [null]], attributes = map['org.springframework.test.context.web.ServletTestExecutionListener.activateListener' -> true]], class annotated with @DirtiesContext [false] with mode [null].
23:47:01.201 [Test worker] DEBUG org.springframework.test.context.support.TestPropertySourceUtils - Adding inlined properties to environment: {spring.jmx.enabled=false, org.springframework.boot.test.context.SpringBootTestContextBootstrapper=true, server.port=-1}

  .   ____          _            __ _ _
 /\\ / ___'_ __ _ _(_)_ __  __ _ \ \ \ \
( ( )\___ | '_ | '_| | '_ \/ _` | \ \ \ \
 \\/  ___)| |_)| | | | | || (_| |  ) ) ) )
  '  |____| .__|_| |_|_| |_\__, | / / / /
 =========|_|==============|___/=/_/_/_/
 :: Spring Boot ::        (v2.2.4.RELEASE)

2020-07-16 23:47:01.496  INFO 5156 --- [    Test worker] C.G.AccessControlTest.UserTest           : Starting UserTest on Camp_Nou with PID 5156 (started by rudra in C:\Users\rudra\Desktop\Advanced SDC\Milestone - 3\japnoor)
2020-07-16 23:47:01.498  INFO 5156 --- [    Test worker] C.G.AccessControlTest.UserTest           : No active profile set, falling back to default profiles: default
2020-07-16 23:47:02.852  INFO 5156 --- [    Test worker] o.s.s.web.DefaultSecurityFilterChain     : Creating filter chain: Ant [pattern='/resources/**'], []
2020-07-16 23:47:02.973  INFO 5156 --- [    Test worker] o.s.s.web.DefaultSecurityFilterChain     : Creating filter chain: any request, [org.springframework.security.web.context.request.async.WebAsyncManagerIntegrationFilter@364bf1f4, org.springframework.security.web.context.SecurityContextPersistenceFilter@47f652ac, org.springframework.security.web.header.HeaderWriterFilter@389e91a8, org.springframework.security.web.csrf.CsrfFilter@15c36ea1, org.springframework.security.web.authentication.logout.LogoutFilter@4689d376, org.springframework.security.web.authentication.UsernamePasswordAuthenticationFilter@39b45507, org.springframework.security.web.savedrequest.RequestCacheAwareFilter@74348196, org.springframework.security.web.servletapi.SecurityContextHolderAwareRequestFilter@24a8e802, org.springframework.security.web.authentication.AnonymousAuthenticationFilter@199f4dd1, org.springframework.security.web.session.SessionManagementFilter@1cd1cc37, org.springframework.security.web.access.ExceptionTranslationFilter@5fef19bb, org.springframework.security.web.access.intercept.FilterSecurityInterceptor@796f5873]
2020-07-16 23:47:03.391  INFO 5156 --- [    Test worker] o.s.s.concurrent.ThreadPoolTaskExecutor  : Initializing ExecutorService 'applicationTaskExecutor'
2020-07-16 23:47:03.537  INFO 5156 --- [    Test worker] o.s.b.a.w.s.WelcomePageHandlerMapping    : Adding welcome page template: index
2020-07-16 23:47:03.873  INFO 5156 --- [    Test worker] C.G.AccessControlTest.UserTest           : Started UserTest in 2.663 seconds (JVM running for 4.283)
]]></system-out>
  <system-err><![CDATA[]]></system-err>
</testsuite>
