<?xml version="1.0" encoding="UTF-8"?>
<testsuite name="CSCI5308.GroupFormationTool.CoursesTest.CourseUserRelationshipTest" tests="3" skipped="0" failures="0" errors="0" timestamp="2020-07-17T02:47:04" hostname="Camp_Nou" time="0.107">
  <properties/>
  <testcase name="userHasRoleInCourse()" classname="CSCI5308.GroupFormationTool.CoursesTest.CourseUserRelationshipTest" time="0.097"/>
  <testcase name="enrollUserInCourse()" classname="CSCI5308.GroupFormationTool.CoursesTest.CourseUserRelationshipTest" time="0.004"/>
  <testcase name="loadAllRoluesForUserInCourse()" classname="CSCI5308.GroupFormationTool.CoursesTest.CourseUserRelationshipTest" time="0.003"/>
  <system-out><![CDATA[2020-07-16 23:47:04.380  INFO 5156 --- [    Test worker] .b.t.c.SpringBootTestContextBootstrapper : Neither @ContextConfiguration nor @ContextHierarchy found for test class [CSCI5308.GroupFormationTool.CoursesTest.CourseUserRelationshipTest], using SpringBootContextLoader
2020-07-16 23:47:04.382  INFO 5156 --- [    Test worker] o.s.t.c.support.AbstractContextLoader    : Could not detect default resource locations for test class [CSCI5308.GroupFormationTool.CoursesTest.CourseUserRelationshipTest]: no resource found for suffixes {-context.xml, Context.groovy}.
2020-07-16 23:47:04.382  INFO 5156 --- [    Test worker] t.c.s.AnnotationConfigContextLoaderUtils : Could not detect default configuration classes for test class [CSCI5308.GroupFormationTool.CoursesTest.CourseUserRelationshipTest]: CourseUserRelationshipTest does not declare any static, non-private, non-final, nested classes annotated with @Configuration.
2020-07-16 23:47:04.385  INFO 5156 --- [    Test worker] .b.t.c.SpringBootTestContextBootstrapper : Found @SpringBootConfiguration CSCI5308.GroupFormationTool.GroupFormationToolApplication for test class CSCI5308.GroupFormationTool.CoursesTest.CourseUserRelationshipTest
2020-07-16 23:47:04.389  INFO 5156 --- [    Test worker] .b.t.c.SpringBootTestContextBootstrapper : Loaded default TestExecutionListener class names from location [META-INF/spring.factories]: [org.springframework.security.test.context.support.WithSecurityContextTestExecutionListener, org.springframework.security.test.context.support.ReactorContextTestExecutionListener, org.springframework.boot.test.autoconfigure.restdocs.RestDocsTestExecutionListener, org.springframework.boot.test.autoconfigure.web.client.MockRestServiceServerResetTestExecutionListener, org.springframework.boot.test.autoconfigure.web.servlet.MockMvcPrintOnlyOnFailureTestExecutionListener, org.springframework.boot.test.autoconfigure.web.servlet.WebDriverTestExecutionListener, org.springframework.boot.test.mock.mockito.MockitoTestExecutionListener, org.springframework.boot.test.mock.mockito.ResetMocksTestExecutionListener, org.springframework.test.context.web.ServletTestExecutionListener, org.springframework.test.context.support.DirtiesContextBeforeModesTestExecutionListener, org.springframework.test.context.support.DependencyInjectionTestExecutionListener, org.springframework.test.context.support.DirtiesContextTestExecutionListener, org.springframework.test.context.transaction.TransactionalTestExecutionListener, org.springframework.test.context.jdbc.SqlScriptsTestExecutionListener, org.springframework.test.context.event.EventPublishingTestExecutionListener]
2020-07-16 23:47:04.393  INFO 5156 --- [    Test worker] .b.t.c.SpringBootTestContextBootstrapper : Using TestExecutionListeners: [org.springframework.test.context.web.ServletTestExecutionListener@57dc5e25, org.springframework.test.context.support.DirtiesContextBeforeModesTestExecutionListener@2fe994c0, org.springframework.boot.test.mock.mockito.MockitoTestExecutionListener@5fd7d3fa, org.springframework.boot.test.autoconfigure.SpringBootDependencyInjectionTestExecutionListener@6e40c088, org.springframework.test.context.support.DirtiesContextTestExecutionListener@5b588613, org.springframework.security.test.context.support.WithSecurityContextTestExecutionListener@38f4462c, org.springframework.test.context.event.EventPublishingTestExecutionListener@59dd0acb, org.springframework.security.test.context.support.ReactorContextTestExecutionListener@3171c5f8, org.springframework.boot.test.autoconfigure.restdocs.RestDocsTestExecutionListener@2e06a5db, org.springframework.boot.test.autoconfigure.web.client.MockRestServiceServerResetTestExecutionListener@34595311, org.springframework.boot.test.autoconfigure.web.servlet.MockMvcPrintOnlyOnFailureTestExecutionListener@5638c03, org.springframework.boot.test.autoconfigure.web.servlet.WebDriverTestExecutionListener@3a02c752, org.springframework.boot.test.mock.mockito.ResetMocksTestExecutionListener@21b185b4]
]]></system-out>
  <system-err><![CDATA[]]></system-err>
</testsuite>
