<?xml version="1.0" encoding="UTF-8"?>
<testsuite name="CSCI5308.GroupFormationTool.CoursesTest.CourseTest" tests="7" skipped="0" failures="0" errors="0" timestamp="2020-07-17T02:28:10" hostname="DESKTOP-U6HMV4A" time="0.035">
  <properties/>
  <testcase name="getTitleTest()" classname="CSCI5308.GroupFormationTool.CoursesTest.CourseTest" time="0.003"/>
  <testcase name="ConstructorTests()" classname="CSCI5308.GroupFormationTool.CoursesTest.CourseTest" time="0.004"/>
  <testcase name="setTitleTest()" classname="CSCI5308.GroupFormationTool.CoursesTest.CourseTest" time="0.003"/>
  <testcase name="createCourseTest()" classname="CSCI5308.GroupFormationTool.CoursesTest.CourseTest" time="0.004"/>
  <testcase name="setIdTest()" classname="CSCI5308.GroupFormationTool.CoursesTest.CourseTest" time="0.003"/>
  <testcase name="getIdTest()" classname="CSCI5308.GroupFormationTool.CoursesTest.CourseTest" time="0.003"/>
  <testcase name="deleteCourseTest()" classname="CSCI5308.GroupFormationTool.CoursesTest.CourseTest" time="0.003"/>
  <system-out><![CDATA[2020-07-16 23:28:10.787 [o.s.t.c.s.AbstractTestContextBootstrapper] INFO  - Neither @ContextConfiguration nor @ContextHierarchy found for test class [CSCI5308.GroupFormationTool.CoursesTest.CourseTest], using SpringBootContextLoader
2020-07-16 23:28:10.788 [o.s.t.c.s.AbstractContextLoader] INFO  - Could not detect default resource locations for test class [CSCI5308.GroupFormationTool.CoursesTest.CourseTest]: no resource found for suffixes {-context.xml, Context.groovy}.
2020-07-16 23:28:10.789 [o.s.t.c.s.AnnotationConfigContextLoaderUtils] INFO  - Could not detect default configuration classes for test class [CSCI5308.GroupFormationTool.CoursesTest.CourseTest]: CourseTest does not declare any static, non-private, non-final, nested classes annotated with @Configuration.
2020-07-16 23:28:10.800 [o.s.b.t.c.SpringBootTestContextBootstrapper] INFO  - Found @SpringBootConfiguration CSCI5308.GroupFormationTool.GroupFormationToolApplication for test class CSCI5308.GroupFormationTool.CoursesTest.CourseTest
2020-07-16 23:28:10.802 [o.s.t.c.s.AbstractTestContextBootstrapper] INFO  - Loaded default TestExecutionListener class names from location [META-INF/spring.factories]: [org.springframework.security.test.context.support.WithSecurityContextTestExecutionListener, org.springframework.security.test.context.support.ReactorContextTestExecutionListener, org.springframework.boot.test.autoconfigure.restdocs.RestDocsTestExecutionListener, org.springframework.boot.test.autoconfigure.web.client.MockRestServiceServerResetTestExecutionListener, org.springframework.boot.test.autoconfigure.web.servlet.MockMvcPrintOnlyOnFailureTestExecutionListener, org.springframework.boot.test.autoconfigure.web.servlet.WebDriverTestExecutionListener, org.springframework.boot.test.mock.mockito.MockitoTestExecutionListener, org.springframework.boot.test.mock.mockito.ResetMocksTestExecutionListener, org.springframework.test.context.web.ServletTestExecutionListener, org.springframework.test.context.support.DirtiesContextBeforeModesTestExecutionListener, org.springframework.test.context.support.DependencyInjectionTestExecutionListener, org.springframework.test.context.support.DirtiesContextTestExecutionListener, org.springframework.test.context.transaction.TransactionalTestExecutionListener, org.springframework.test.context.jdbc.SqlScriptsTestExecutionListener, org.springframework.test.context.event.EventPublishingTestExecutionListener]
2020-07-16 23:28:10.805 [o.s.t.c.s.AbstractTestContextBootstrapper] INFO  - Using TestExecutionListeners: [org.springframework.test.context.web.ServletTestExecutionListener@56d5e022, org.springframework.test.context.support.DirtiesContextBeforeModesTestExecutionListener@7ed2ecb4, org.springframework.boot.test.mock.mockito.MockitoTestExecutionListener@335486a3, org.springframework.boot.test.autoconfigure.SpringBootDependencyInjectionTestExecutionListener@335470dd, org.springframework.test.context.support.DirtiesContextTestExecutionListener@4af95265, org.springframework.security.test.context.support.WithSecurityContextTestExecutionListener@2327a0c2, org.springframework.test.context.event.EventPublishingTestExecutionListener@34515b9b, org.springframework.security.test.context.support.ReactorContextTestExecutionListener@24131754, org.springframework.boot.test.autoconfigure.restdocs.RestDocsTestExecutionListener@24f913c9, org.springframework.boot.test.autoconfigure.web.client.MockRestServiceServerResetTestExecutionListener@3ac68624, org.springframework.boot.test.autoconfigure.web.servlet.MockMvcPrintOnlyOnFailureTestExecutionListener@4f58f64, org.springframework.boot.test.autoconfigure.web.servlet.WebDriverTestExecutionListener@38608119, org.springframework.boot.test.mock.mockito.ResetMocksTestExecutionListener@54ebaa87]
]]></system-out>
  <system-err><![CDATA[]]></system-err>
</testsuite>
