<?xml version="1.0" encoding="UTF-8"?>
<testsuite name="CSCI5308.GroupFormationTool.SecurityTest.DefaultPasswordPoliciesTest" tests="7" skipped="0" failures="0" errors="0" timestamp="2020-07-17T02:28:11" hostname="DESKTOP-U6HMV4A" time="0.034">
  <properties/>
  <testcase name="passwordCheckHistory()" classname="CSCI5308.GroupFormationTool.SecurityTest.DefaultPasswordPoliciesTest" time="0.005"/>
  <testcase name="passwordCheckMinSpecialCharacter()" classname="CSCI5308.GroupFormationTool.SecurityTest.DefaultPasswordPoliciesTest" time="0.005"/>
  <testcase name="passwordCheckMaxLength()" classname="CSCI5308.GroupFormationTool.SecurityTest.DefaultPasswordPoliciesTest" time="0.003"/>
  <testcase name="passwordCheckMinLowercaseCharacter()" classname="CSCI5308.GroupFormationTool.SecurityTest.DefaultPasswordPoliciesTest" time="0.005"/>
  <testcase name="passwordCheckMinUppercaseCharacter()" classname="CSCI5308.GroupFormationTool.SecurityTest.DefaultPasswordPoliciesTest" time="0.003"/>
  <testcase name="passwordCheckMinLength()" classname="CSCI5308.GroupFormationTool.SecurityTest.DefaultPasswordPoliciesTest" time="0.004"/>
  <testcase name="passwordCheckNotAllowedCharacter()" classname="CSCI5308.GroupFormationTool.SecurityTest.DefaultPasswordPoliciesTest" time="0.003"/>
  <system-out><![CDATA[2020-07-16 23:28:11.803 [o.s.t.c.s.AbstractTestContextBootstrapper] INFO  - Neither @ContextConfiguration nor @ContextHierarchy found for test class [CSCI5308.GroupFormationTool.SecurityTest.DefaultPasswordPoliciesTest], using SpringBootContextLoader
2020-07-16 23:28:11.804 [o.s.t.c.s.AbstractContextLoader] INFO  - Could not detect default resource locations for test class [CSCI5308.GroupFormationTool.SecurityTest.DefaultPasswordPoliciesTest]: no resource found for suffixes {-context.xml, Context.groovy}.
2020-07-16 23:28:11.805 [o.s.t.c.s.AnnotationConfigContextLoaderUtils] INFO  - Could not detect default configuration classes for test class [CSCI5308.GroupFormationTool.SecurityTest.DefaultPasswordPoliciesTest]: DefaultPasswordPoliciesTest does not declare any static, non-private, non-final, nested classes annotated with @Configuration.
2020-07-16 23:28:11.810 [o.s.b.t.c.SpringBootTestContextBootstrapper] INFO  - Found @SpringBootConfiguration CSCI5308.GroupFormationTool.GroupFormationToolApplication for test class CSCI5308.GroupFormationTool.SecurityTest.DefaultPasswordPoliciesTest
2020-07-16 23:28:11.812 [o.s.t.c.s.AbstractTestContextBootstrapper] INFO  - Loaded default TestExecutionListener class names from location [META-INF/spring.factories]: [org.springframework.security.test.context.support.WithSecurityContextTestExecutionListener, org.springframework.security.test.context.support.ReactorContextTestExecutionListener, org.springframework.boot.test.autoconfigure.restdocs.RestDocsTestExecutionListener, org.springframework.boot.test.autoconfigure.web.client.MockRestServiceServerResetTestExecutionListener, org.springframework.boot.test.autoconfigure.web.servlet.MockMvcPrintOnlyOnFailureTestExecutionListener, org.springframework.boot.test.autoconfigure.web.servlet.WebDriverTestExecutionListener, org.springframework.boot.test.mock.mockito.MockitoTestExecutionListener, org.springframework.boot.test.mock.mockito.ResetMocksTestExecutionListener, org.springframework.test.context.web.ServletTestExecutionListener, org.springframework.test.context.support.DirtiesContextBeforeModesTestExecutionListener, org.springframework.test.context.support.DependencyInjectionTestExecutionListener, org.springframework.test.context.support.DirtiesContextTestExecutionListener, org.springframework.test.context.transaction.TransactionalTestExecutionListener, org.springframework.test.context.jdbc.SqlScriptsTestExecutionListener, org.springframework.test.context.event.EventPublishingTestExecutionListener]
2020-07-16 23:28:11.814 [o.s.t.c.s.AbstractTestContextBootstrapper] INFO  - Using TestExecutionListeners: [org.springframework.test.context.web.ServletTestExecutionListener@ed84cae, org.springframework.test.context.support.DirtiesContextBeforeModesTestExecutionListener@5d7e363f, org.springframework.boot.test.mock.mockito.MockitoTestExecutionListener@15ef3a83, org.springframework.boot.test.autoconfigure.SpringBootDependencyInjectionTestExecutionListener@186288f9, org.springframework.test.context.support.DirtiesContextTestExecutionListener@54930a67, org.springframework.security.test.context.support.WithSecurityContextTestExecutionListener@78700104, org.springframework.test.context.event.EventPublishingTestExecutionListener@142717ab, org.springframework.security.test.context.support.ReactorContextTestExecutionListener@180e7096, org.springframework.boot.test.autoconfigure.restdocs.RestDocsTestExecutionListener@540281c2, org.springframework.boot.test.autoconfigure.web.client.MockRestServiceServerResetTestExecutionListener@2c82c267, org.springframework.boot.test.autoconfigure.web.servlet.MockMvcPrintOnlyOnFailureTestExecutionListener@341213, org.springframework.boot.test.autoconfigure.web.servlet.WebDriverTestExecutionListener@6bd55843, org.springframework.boot.test.mock.mockito.ResetMocksTestExecutionListener@2b19c86a]
2020-07-16 23:28:11.825 [C.G.S.DefaultPasswordPolicies] INFO  - Password Check MinSpecialCharacter
false
false
false
false
true
false
false
true
false
false
true
false
false
false
true
false
true
false
false
false
false
false
false
2020-07-16 23:28:11.832 [C.G.S.DefaultPasswordPolicies] INFO  - Password Check MaxLength
2020-07-16 23:28:11.837 [C.G.S.DefaultPasswordPolicies] INFO  - Password Check MinLowercaseCharacter
2020-07-16 23:28:11.841 [C.G.S.DefaultPasswordPolicies] INFO  - Password Check MinUppercaseCharacter
2020-07-16 23:28:11.844 [C.G.S.DefaultPasswordPolicies] INFO  - Password Check MinLength
2020-07-16 23:28:11.850 [C.G.S.DefaultPasswordPolicies] INFO  - Password Check MinSpecialCharacter
[#, !, @]
]]></system-out>
  <system-err><![CDATA[]]></system-err>
</testsuite>
