<?xml version="1.0" encoding="UTF-8"?>
<testsuite name="CSCI5308.GroupFormationTool.AnswersTest.AnswerTest" tests="5" skipped="0" failures="0" errors="0" timestamp="2020-07-17T04:20:11" hostname="DESKTOP-U6HMV4A" time="0.023">
  <properties/>
  <testcase name="getAnswerValueTest()" classname="CSCI5308.GroupFormationTool.AnswersTest.AnswerTest" time="0.006"/>
  <testcase name="setAnswerValueTest()" classname="CSCI5308.GroupFormationTool.AnswersTest.AnswerTest" time="0.004"/>
  <testcase name="getAnswerIdTest()" classname="CSCI5308.GroupFormationTool.AnswersTest.AnswerTest" time="0.002"/>
  <testcase name="setAnswerIdTest()" classname="CSCI5308.GroupFormationTool.AnswersTest.AnswerTest" time="0.002"/>
  <testcase name="ConstructorTest()" classname="CSCI5308.GroupFormationTool.AnswersTest.AnswerTest" time="0.005"/>
  <system-out><![CDATA[2020-07-17 01:20:11.655 [THREAD -- Test worker] [CLASS -- o.s.t.c.s.AbstractTestContextBootstrapper] INFO  org.springframework.boot.test.context.SpringBootTestContextBootstrapper - Neither @ContextConfiguration nor @ContextHierarchy found for test class [CSCI5308.GroupFormationTool.AnswersTest.AnswerTest], using SpringBootContextLoader
2020-07-17 01:20:11.658 [THREAD -- Test worker] [CLASS -- o.s.t.c.s.AbstractContextLoader] INFO  org.springframework.test.context.support.AbstractContextLoader - Could not detect default resource locations for test class [CSCI5308.GroupFormationTool.AnswersTest.AnswerTest]: no resource found for suffixes {-context.xml, Context.groovy}.
2020-07-17 01:20:11.659 [THREAD -- Test worker] [CLASS -- o.s.t.c.s.AnnotationConfigContextLoaderUtils] INFO  org.springframework.test.context.support.AnnotationConfigContextLoaderUtils - Could not detect default configuration classes for test class [CSCI5308.GroupFormationTool.AnswersTest.AnswerTest]: AnswerTest does not declare any static, non-private, non-final, nested classes annotated with @Configuration.
2020-07-17 01:20:11.671 [THREAD -- Test worker] [CLASS -- o.s.b.t.c.SpringBootTestContextBootstrapper] INFO  org.springframework.boot.test.context.SpringBootTestContextBootstrapper - Found @SpringBootConfiguration CSCI5308.GroupFormationTool.GroupFormationToolApplication for test class CSCI5308.GroupFormationTool.AnswersTest.AnswerTest
2020-07-17 01:20:11.679 [THREAD -- Test worker] [CLASS -- o.s.t.c.s.AbstractTestContextBootstrapper] INFO  org.springframework.boot.test.context.SpringBootTestContextBootstrapper - Loaded default TestExecutionListener class names from location [META-INF/spring.factories]: [org.springframework.security.test.context.support.WithSecurityContextTestExecutionListener, org.springframework.security.test.context.support.ReactorContextTestExecutionListener, org.springframework.boot.test.autoconfigure.restdocs.RestDocsTestExecutionListener, org.springframework.boot.test.autoconfigure.web.client.MockRestServiceServerResetTestExecutionListener, org.springframework.boot.test.autoconfigure.web.servlet.MockMvcPrintOnlyOnFailureTestExecutionListener, org.springframework.boot.test.autoconfigure.web.servlet.WebDriverTestExecutionListener, org.springframework.boot.test.mock.mockito.MockitoTestExecutionListener, org.springframework.boot.test.mock.mockito.ResetMocksTestExecutionListener, org.springframework.test.context.web.ServletTestExecutionListener, org.springframework.test.context.support.DirtiesContextBeforeModesTestExecutionListener, org.springframework.test.context.support.DependencyInjectionTestExecutionListener, org.springframework.test.context.support.DirtiesContextTestExecutionListener, org.springframework.test.context.transaction.TransactionalTestExecutionListener, org.springframework.test.context.jdbc.SqlScriptsTestExecutionListener, org.springframework.test.context.event.EventPublishingTestExecutionListener]
2020-07-17 01:20:11.683 [THREAD -- Test worker] [CLASS -- o.s.t.c.s.AbstractTestContextBootstrapper] INFO  org.springframework.boot.test.context.SpringBootTestContextBootstrapper - Using TestExecutionListeners: [org.springframework.test.context.web.ServletTestExecutionListener@3ef0cb, org.springframework.test.context.support.DirtiesContextBeforeModesTestExecutionListener@381e3937, org.springframework.boot.test.mock.mockito.MockitoTestExecutionListener@4fd1758c, org.springframework.boot.test.autoconfigure.SpringBootDependencyInjectionTestExecutionListener@756f769d, org.springframework.test.context.support.DirtiesContextTestExecutionListener@2207853, org.springframework.security.test.context.support.WithSecurityContextTestExecutionListener@4b3e2ea1, org.springframework.test.context.event.EventPublishingTestExecutionListener@f075f5f, org.springframework.security.test.context.support.ReactorContextTestExecutionListener@1520bbc, org.springframework.boot.test.autoconfigure.restdocs.RestDocsTestExecutionListener@b10925, org.springframework.boot.test.autoconfigure.web.client.MockRestServiceServerResetTestExecutionListener@3ac064b4, org.springframework.boot.test.autoconfigure.web.servlet.MockMvcPrintOnlyOnFailureTestExecutionListener@f883914, org.springframework.boot.test.autoconfigure.web.servlet.WebDriverTestExecutionListener@1e16ccb2, org.springframework.boot.test.mock.mockito.ResetMocksTestExecutionListener@16661674]
]]></system-out>
  <system-err><![CDATA[]]></system-err>
</testsuite>
