<?xml version="1.0" encoding="UTF-8"?>
<testsuite name="CSCI5308.GroupFormationTool.CoursesTest.StudentCSVImportTest" tests="3" skipped="0" failures="0" errors="0" timestamp="2020-07-17T03:32:59" hostname="DESKTOP-U6HMV4A" time="1.754">
  <properties/>
  <testcase name="getFailureResults()" classname="CSCI5308.GroupFormationTool.CoursesTest.StudentCSVImportTest" time="0.003"/>
  <testcase name="getSuccessResults()" classname="CSCI5308.GroupFormationTool.CoursesTest.StudentCSVImportTest" time="0.003"/>
  <testcase name="enrollStudentFromRecord()" classname="CSCI5308.GroupFormationTool.CoursesTest.StudentCSVImportTest" time="1.745"/>
  <system-out><![CDATA[2020-07-17 00:32:59.884 [THREAD -- Test worker] [CLASS -- o.s.t.c.s.AbstractTestContextBootstrapper] INFO  org.springframework.boot.test.context.SpringBootTestContextBootstrapper - Neither @ContextConfiguration nor @ContextHierarchy found for test class [CSCI5308.GroupFormationTool.CoursesTest.StudentCSVImportTest], using SpringBootContextLoader
2020-07-17 00:32:59.885 [THREAD -- Test worker] [CLASS -- o.s.t.c.s.AbstractContextLoader] INFO  org.springframework.test.context.support.AbstractContextLoader - Could not detect default resource locations for test class [CSCI5308.GroupFormationTool.CoursesTest.StudentCSVImportTest]: no resource found for suffixes {-context.xml, Context.groovy}.
2020-07-17 00:32:59.886 [THREAD -- Test worker] [CLASS -- o.s.t.c.s.AnnotationConfigContextLoaderUtils] INFO  org.springframework.test.context.support.AnnotationConfigContextLoaderUtils - Could not detect default configuration classes for test class [CSCI5308.GroupFormationTool.CoursesTest.StudentCSVImportTest]: StudentCSVImportTest does not declare any static, non-private, non-final, nested classes annotated with @Configuration.
2020-07-17 00:32:59.889 [THREAD -- Test worker] [CLASS -- o.s.b.t.c.SpringBootTestContextBootstrapper] INFO  org.springframework.boot.test.context.SpringBootTestContextBootstrapper - Found @SpringBootConfiguration CSCI5308.GroupFormationTool.GroupFormationToolApplication for test class CSCI5308.GroupFormationTool.CoursesTest.StudentCSVImportTest
2020-07-17 00:32:59.892 [THREAD -- Test worker] [CLASS -- o.s.t.c.s.AbstractTestContextBootstrapper] INFO  org.springframework.boot.test.context.SpringBootTestContextBootstrapper - Loaded default TestExecutionListener class names from location [META-INF/spring.factories]: [org.springframework.security.test.context.support.WithSecurityContextTestExecutionListener, org.springframework.security.test.context.support.ReactorContextTestExecutionListener, org.springframework.boot.test.autoconfigure.restdocs.RestDocsTestExecutionListener, org.springframework.boot.test.autoconfigure.web.client.MockRestServiceServerResetTestExecutionListener, org.springframework.boot.test.autoconfigure.web.servlet.MockMvcPrintOnlyOnFailureTestExecutionListener, org.springframework.boot.test.autoconfigure.web.servlet.WebDriverTestExecutionListener, org.springframework.boot.test.mock.mockito.MockitoTestExecutionListener, org.springframework.boot.test.mock.mockito.ResetMocksTestExecutionListener, org.springframework.test.context.web.ServletTestExecutionListener, org.springframework.test.context.support.DirtiesContextBeforeModesTestExecutionListener, org.springframework.test.context.support.DependencyInjectionTestExecutionListener, org.springframework.test.context.support.DirtiesContextTestExecutionListener, org.springframework.test.context.transaction.TransactionalTestExecutionListener, org.springframework.test.context.jdbc.SqlScriptsTestExecutionListener, org.springframework.test.context.event.EventPublishingTestExecutionListener]
2020-07-17 00:32:59.894 [THREAD -- Test worker] [CLASS -- o.s.t.c.s.AbstractTestContextBootstrapper] INFO  org.springframework.boot.test.context.SpringBootTestContextBootstrapper - Using TestExecutionListeners: [org.springframework.test.context.web.ServletTestExecutionListener@7b7a5e65, org.springframework.test.context.support.DirtiesContextBeforeModesTestExecutionListener@2165332d, org.springframework.boot.test.mock.mockito.MockitoTestExecutionListener@7e1dce14, org.springframework.boot.test.autoconfigure.SpringBootDependencyInjectionTestExecutionListener@5bfa2ea0, org.springframework.test.context.support.DirtiesContextTestExecutionListener@72dacacc, org.springframework.security.test.context.support.WithSecurityContextTestExecutionListener@7a2e63e1, org.springframework.test.context.event.EventPublishingTestExecutionListener@6ad36fde, org.springframework.security.test.context.support.ReactorContextTestExecutionListener@6056d30a, org.springframework.boot.test.autoconfigure.restdocs.RestDocsTestExecutionListener@447ee966, org.springframework.boot.test.autoconfigure.web.client.MockRestServiceServerResetTestExecutionListener@4d46bb63, org.springframework.boot.test.autoconfigure.web.servlet.MockMvcPrintOnlyOnFailureTestExecutionListener@3c9a808a, org.springframework.boot.test.autoconfigure.web.servlet.WebDriverTestExecutionListener@6a02ca90, org.springframework.boot.test.mock.mockito.ResetMocksTestExecutionListener@59842b6f]
2020-07-17 00:32:59.907 [THREAD -- Test worker] [CLASS -- C.G.A.User] INFO  CSCI5308.GroupFormationTool.GroupFormationToolApplication - setting Defaults to User
2020-07-17 00:32:59.908 [THREAD -- Test worker] [CLASS -- C.G.A.User] INFO  CSCI5308.GroupFormationTool.GroupFormationToolApplication - Creating new User
2020-07-17 00:32:59.909 [THREAD -- Test worker] [CLASS -- C.G.A.User] ERROR CSCI5308.GroupFormationTool.GroupFormationToolApplication - New User Creation failed
2020-07-17 00:32:59.910 [THREAD -- Test worker] [CLASS -- C.G.D.CallStoredProcedure] INFO  CSCI5308.GroupFormationTool.GroupFormationToolApplication - In Constructor
2020-07-17 00:32:59.911 [THREAD -- Test worker] [CLASS -- C.G.D.ConnectionManager] INFO  CSCI5308.GroupFormationTool.GroupFormationToolApplication - In default Constructor
2020-07-17 00:33:01.577 [THREAD -- Test worker] [CLASS -- C.G.D.CallStoredProcedure] INFO  CSCI5308.GroupFormationTool.GroupFormationToolApplication - performing CleanUp
]]></system-out>
  <system-err><![CDATA[]]></system-err>
</testsuite>
