<?xml version="1.0" encoding="UTF-8"?>
<testsuite name="CSCI5308.GroupFormationTool.CoursesTest.StudentCSVImportTest" tests="3" skipped="0" failures="0" errors="0" timestamp="2020-06-19T01:48:41" hostname="Camp_Nou" time="0.43">
  <properties/>
  <testcase name="getFailureResults()" classname="CSCI5308.GroupFormationTool.CoursesTest.StudentCSVImportTest" time="0.004"/>
  <testcase name="getSuccessResults()" classname="CSCI5308.GroupFormationTool.CoursesTest.StudentCSVImportTest" time="0.003"/>
  <testcase name="enrollStudentFromRecord()" classname="CSCI5308.GroupFormationTool.CoursesTest.StudentCSVImportTest" time="0.421"/>
  <system-out><![CDATA[2020-06-18 22:48:41.077  INFO 14380 --- [    Test worker] .b.t.c.SpringBootTestContextBootstrapper : Neither @ContextConfiguration nor @ContextHierarchy found for test class [CSCI5308.GroupFormationTool.CoursesTest.StudentCSVImportTest], using SpringBootContextLoader
2020-06-18 22:48:41.078  INFO 14380 --- [    Test worker] o.s.t.c.support.AbstractContextLoader    : Could not detect default resource locations for test class [CSCI5308.GroupFormationTool.CoursesTest.StudentCSVImportTest]: no resource found for suffixes {-context.xml, Context.groovy}.
2020-06-18 22:48:41.078  INFO 14380 --- [    Test worker] t.c.s.AnnotationConfigContextLoaderUtils : Could not detect default configuration classes for test class [CSCI5308.GroupFormationTool.CoursesTest.StudentCSVImportTest]: StudentCSVImportTest does not declare any static, non-private, non-final, nested classes annotated with @Configuration.
2020-06-18 22:48:41.080  INFO 14380 --- [    Test worker] .b.t.c.SpringBootTestContextBootstrapper : Found @SpringBootConfiguration CSCI5308.GroupFormationTool.GroupFormationToolApplication for test class CSCI5308.GroupFormationTool.CoursesTest.StudentCSVImportTest
2020-06-18 22:48:41.081  INFO 14380 --- [    Test worker] .b.t.c.SpringBootTestContextBootstrapper : Loaded default TestExecutionListener class names from location [META-INF/spring.factories]: [org.springframework.security.test.context.support.WithSecurityContextTestExecutionListener, org.springframework.security.test.context.support.ReactorContextTestExecutionListener, org.springframework.boot.test.autoconfigure.restdocs.RestDocsTestExecutionListener, org.springframework.boot.test.autoconfigure.web.client.MockRestServiceServerResetTestExecutionListener, org.springframework.boot.test.autoconfigure.web.servlet.MockMvcPrintOnlyOnFailureTestExecutionListener, org.springframework.boot.test.autoconfigure.web.servlet.WebDriverTestExecutionListener, org.springframework.boot.test.mock.mockito.MockitoTestExecutionListener, org.springframework.boot.test.mock.mockito.ResetMocksTestExecutionListener, org.springframework.test.context.web.ServletTestExecutionListener, org.springframework.test.context.support.DirtiesContextBeforeModesTestExecutionListener, org.springframework.test.context.support.DependencyInjectionTestExecutionListener, org.springframework.test.context.support.DirtiesContextTestExecutionListener, org.springframework.test.context.transaction.TransactionalTestExecutionListener, org.springframework.test.context.jdbc.SqlScriptsTestExecutionListener, org.springframework.test.context.event.EventPublishingTestExecutionListener]
2020-06-18 22:48:41.083  INFO 14380 --- [    Test worker] .b.t.c.SpringBootTestContextBootstrapper : Using TestExecutionListeners: [org.springframework.test.context.web.ServletTestExecutionListener@3fa7f347, org.springframework.test.context.support.DirtiesContextBeforeModesTestExecutionListener@41afc2f5, org.springframework.boot.test.mock.mockito.MockitoTestExecutionListener@44fd2303, org.springframework.boot.test.autoconfigure.SpringBootDependencyInjectionTestExecutionListener@3f31910e, org.springframework.test.context.support.DirtiesContextTestExecutionListener@3f8c7064, org.springframework.security.test.context.support.WithSecurityContextTestExecutionListener@ba50a, org.springframework.test.context.event.EventPublishingTestExecutionListener@2dc37b33, org.springframework.security.test.context.support.ReactorContextTestExecutionListener@1e492664, org.springframework.boot.test.autoconfigure.restdocs.RestDocsTestExecutionListener@421a7a99, org.springframework.boot.test.autoconfigure.web.client.MockRestServiceServerResetTestExecutionListener@1f64a425, org.springframework.boot.test.autoconfigure.web.servlet.MockMvcPrintOnlyOnFailureTestExecutionListener@29485e19, org.springframework.boot.test.autoconfigure.web.servlet.WebDriverTestExecutionListener@7e652752, org.springframework.boot.test.mock.mockito.ResetMocksTestExecutionListener@6f3a54b5]
]]></system-out>
  <system-err><![CDATA[]]></system-err>
</testsuite>
