<?xml version="1.0" encoding="UTF-8"?>
<testsuite name="CSCI5308.GroupFormationTool.QuestionsTest.QuestionTest" tests="14" skipped="0" failures="0" errors="0" timestamp="2020-07-17T02:28:11" hostname="DESKTOP-U6HMV4A" time="0.063">
  <properties/>
  <testcase name="getTitleTest()" classname="CSCI5308.GroupFormationTool.QuestionsTest.QuestionTest" time="0.013"/>
  <testcase name="getTypeIDTest()" classname="CSCI5308.GroupFormationTool.QuestionsTest.QuestionTest" time="0.003"/>
  <testcase name="setTypeIDTest()" classname="CSCI5308.GroupFormationTool.QuestionsTest.QuestionTest" time="0.003"/>
  <testcase name="MCQuestionCreationTest()" classname="CSCI5308.GroupFormationTool.QuestionsTest.QuestionTest" time="0.005"/>
  <testcase name="loadQuestionByInstIDTest()" classname="CSCI5308.GroupFormationTool.QuestionsTest.QuestionTest" time="0.004"/>
  <testcase name="setTitleTest()" classname="CSCI5308.GroupFormationTool.QuestionsTest.QuestionTest" time="0.002"/>
  <testcase name="QuestionCreationTest()" classname="CSCI5308.GroupFormationTool.QuestionsTest.QuestionTest" time="0.003"/>
  <testcase name="setIdTest()" classname="CSCI5308.GroupFormationTool.QuestionsTest.QuestionTest" time="0.002"/>
  <testcase name="getIdTest()" classname="CSCI5308.GroupFormationTool.QuestionsTest.QuestionTest" time="0.002"/>
  <testcase name="setTextTest()" classname="CSCI5308.GroupFormationTool.QuestionsTest.QuestionTest" time="0.002"/>
  <testcase name="getTextTest()" classname="CSCI5308.GroupFormationTool.QuestionsTest.QuestionTest" time="0.002"/>
  <testcase name="loadQuestionByQIDTest()" classname="CSCI5308.GroupFormationTool.QuestionsTest.QuestionTest" time="0.002"/>
  <testcase name="ConstructorTest()" classname="CSCI5308.GroupFormationTool.QuestionsTest.QuestionTest" time="0.003"/>
  <testcase name="deleteQuestionByIdTest()" classname="CSCI5308.GroupFormationTool.QuestionsTest.QuestionTest" time="0.002"/>
  <system-out><![CDATA[2020-07-16 23:28:11.718 [o.s.t.c.s.AbstractTestContextBootstrapper] INFO  - Neither @ContextConfiguration nor @ContextHierarchy found for test class [CSCI5308.GroupFormationTool.QuestionsTest.QuestionTest], using SpringBootContextLoader
2020-07-16 23:28:11.719 [o.s.t.c.s.AbstractContextLoader] INFO  - Could not detect default resource locations for test class [CSCI5308.GroupFormationTool.QuestionsTest.QuestionTest]: no resource found for suffixes {-context.xml, Context.groovy}.
2020-07-16 23:28:11.720 [o.s.t.c.s.AnnotationConfigContextLoaderUtils] INFO  - Could not detect default configuration classes for test class [CSCI5308.GroupFormationTool.QuestionsTest.QuestionTest]: QuestionTest does not declare any static, non-private, non-final, nested classes annotated with @Configuration.
2020-07-16 23:28:11.727 [o.s.b.t.c.SpringBootTestContextBootstrapper] INFO  - Found @SpringBootConfiguration CSCI5308.GroupFormationTool.GroupFormationToolApplication for test class CSCI5308.GroupFormationTool.QuestionsTest.QuestionTest
2020-07-16 23:28:11.728 [o.s.t.c.s.AbstractTestContextBootstrapper] INFO  - Loaded default TestExecutionListener class names from location [META-INF/spring.factories]: [org.springframework.security.test.context.support.WithSecurityContextTestExecutionListener, org.springframework.security.test.context.support.ReactorContextTestExecutionListener, org.springframework.boot.test.autoconfigure.restdocs.RestDocsTestExecutionListener, org.springframework.boot.test.autoconfigure.web.client.MockRestServiceServerResetTestExecutionListener, org.springframework.boot.test.autoconfigure.web.servlet.MockMvcPrintOnlyOnFailureTestExecutionListener, org.springframework.boot.test.autoconfigure.web.servlet.WebDriverTestExecutionListener, org.springframework.boot.test.mock.mockito.MockitoTestExecutionListener, org.springframework.boot.test.mock.mockito.ResetMocksTestExecutionListener, org.springframework.test.context.web.ServletTestExecutionListener, org.springframework.test.context.support.DirtiesContextBeforeModesTestExecutionListener, org.springframework.test.context.support.DependencyInjectionTestExecutionListener, org.springframework.test.context.support.DirtiesContextTestExecutionListener, org.springframework.test.context.transaction.TransactionalTestExecutionListener, org.springframework.test.context.jdbc.SqlScriptsTestExecutionListener, org.springframework.test.context.event.EventPublishingTestExecutionListener]
2020-07-16 23:28:11.732 [o.s.t.c.s.AbstractTestContextBootstrapper] INFO  - Using TestExecutionListeners: [org.springframework.test.context.web.ServletTestExecutionListener@4fb649ec, org.springframework.test.context.support.DirtiesContextBeforeModesTestExecutionListener@5261d3f8, org.springframework.boot.test.mock.mockito.MockitoTestExecutionListener@118c7d47, org.springframework.boot.test.autoconfigure.SpringBootDependencyInjectionTestExecutionListener@1d9c8d17, org.springframework.test.context.support.DirtiesContextTestExecutionListener@60184e61, org.springframework.security.test.context.support.WithSecurityContextTestExecutionListener@3c3abf89, org.springframework.test.context.event.EventPublishingTestExecutionListener@4eae9b0c, org.springframework.security.test.context.support.ReactorContextTestExecutionListener@372343fb, org.springframework.boot.test.autoconfigure.restdocs.RestDocsTestExecutionListener@156a7838, org.springframework.boot.test.autoconfigure.web.client.MockRestServiceServerResetTestExecutionListener@7c455beb, org.springframework.boot.test.autoconfigure.web.servlet.MockMvcPrintOnlyOnFailureTestExecutionListener@4689d994, org.springframework.boot.test.autoconfigure.web.servlet.WebDriverTestExecutionListener@6b186625, org.springframework.boot.test.mock.mockito.ResetMocksTestExecutionListener@2d7578c6]
2020-07-16 23:28:11.769 [C.G.A.User] INFO  - setting Defaults to User
]]></system-out>
  <system-err><![CDATA[]]></system-err>
</testsuite>
