<?xml version="1.0" encoding="UTF-8"?>
<testsuite name="CSCI5308.GroupFormationTool.CoursesTest.CourseTest" tests="7" skipped="0" failures="0" errors="0" timestamp="2020-07-16T16:34:31" hostname="DESKTOP-U6HMV4A" time="0.07">
  <properties/>
  <testcase name="getTitleTest()" classname="CSCI5308.GroupFormationTool.CoursesTest.CourseTest" time="0.006"/>
  <testcase name="ConstructorTests()" classname="CSCI5308.GroupFormationTool.CoursesTest.CourseTest" time="0.01"/>
  <testcase name="setTitleTest()" classname="CSCI5308.GroupFormationTool.CoursesTest.CourseTest" time="0.005"/>
  <testcase name="createCourseTest()" classname="CSCI5308.GroupFormationTool.CoursesTest.CourseTest" time="0.005"/>
  <testcase name="setIdTest()" classname="CSCI5308.GroupFormationTool.CoursesTest.CourseTest" time="0.008"/>
  <testcase name="getIdTest()" classname="CSCI5308.GroupFormationTool.CoursesTest.CourseTest" time="0.004"/>
  <testcase name="deleteCourseTest()" classname="CSCI5308.GroupFormationTool.CoursesTest.CourseTest" time="0.008"/>
  <system-out><![CDATA[2020-07-16 13:34:31.884  INFO 12608 --- [    Test worker] .b.t.c.SpringBootTestContextBootstrapper : Neither @ContextConfiguration nor @ContextHierarchy found for test class [CSCI5308.GroupFormationTool.CoursesTest.CourseTest], using SpringBootContextLoader
2020-07-16 13:34:31.886  INFO 12608 --- [    Test worker] o.s.t.c.support.AbstractContextLoader    : Could not detect default resource locations for test class [CSCI5308.GroupFormationTool.CoursesTest.CourseTest]: no resource found for suffixes {-context.xml, Context.groovy}.
2020-07-16 13:34:31.886  INFO 12608 --- [    Test worker] t.c.s.AnnotationConfigContextLoaderUtils : Could not detect default configuration classes for test class [CSCI5308.GroupFormationTool.CoursesTest.CourseTest]: CourseTest does not declare any static, non-private, non-final, nested classes annotated with @Configuration.
2020-07-16 13:34:31.902  INFO 12608 --- [    Test worker] .b.t.c.SpringBootTestContextBootstrapper : Found @SpringBootConfiguration CSCI5308.GroupFormationTool.GroupFormationToolApplication for test class CSCI5308.GroupFormationTool.CoursesTest.CourseTest
2020-07-16 13:34:31.905  INFO 12608 --- [    Test worker] .b.t.c.SpringBootTestContextBootstrapper : Loaded default TestExecutionListener class names from location [META-INF/spring.factories]: [org.springframework.security.test.context.support.WithSecurityContextTestExecutionListener, org.springframework.security.test.context.support.ReactorContextTestExecutionListener, org.springframework.boot.test.autoconfigure.restdocs.RestDocsTestExecutionListener, org.springframework.boot.test.autoconfigure.web.client.MockRestServiceServerResetTestExecutionListener, org.springframework.boot.test.autoconfigure.web.servlet.MockMvcPrintOnlyOnFailureTestExecutionListener, org.springframework.boot.test.autoconfigure.web.servlet.WebDriverTestExecutionListener, org.springframework.boot.test.mock.mockito.MockitoTestExecutionListener, org.springframework.boot.test.mock.mockito.ResetMocksTestExecutionListener, org.springframework.test.context.web.ServletTestExecutionListener, org.springframework.test.context.support.DirtiesContextBeforeModesTestExecutionListener, org.springframework.test.context.support.DependencyInjectionTestExecutionListener, org.springframework.test.context.support.DirtiesContextTestExecutionListener, org.springframework.test.context.transaction.TransactionalTestExecutionListener, org.springframework.test.context.jdbc.SqlScriptsTestExecutionListener, org.springframework.test.context.event.EventPublishingTestExecutionListener]
2020-07-16 13:34:31.908  INFO 12608 --- [    Test worker] .b.t.c.SpringBootTestContextBootstrapper : Using TestExecutionListeners: [org.springframework.test.context.web.ServletTestExecutionListener@559499bb, org.springframework.test.context.support.DirtiesContextBeforeModesTestExecutionListener@f47e2e8, org.springframework.boot.test.mock.mockito.MockitoTestExecutionListener@6d194344, org.springframework.boot.test.autoconfigure.SpringBootDependencyInjectionTestExecutionListener@5da9062d, org.springframework.test.context.support.DirtiesContextTestExecutionListener@2c011562, org.springframework.security.test.context.support.WithSecurityContextTestExecutionListener@1ce1f2a8, org.springframework.test.context.event.EventPublishingTestExecutionListener@3bc59113, org.springframework.security.test.context.support.ReactorContextTestExecutionListener@2e486028, org.springframework.boot.test.autoconfigure.restdocs.RestDocsTestExecutionListener@a46ca86, org.springframework.boot.test.autoconfigure.web.client.MockRestServiceServerResetTestExecutionListener@19211dd4, org.springframework.boot.test.autoconfigure.web.servlet.MockMvcPrintOnlyOnFailureTestExecutionListener@e7b4aea, org.springframework.boot.test.autoconfigure.web.servlet.WebDriverTestExecutionListener@635f322d, org.springframework.boot.test.mock.mockito.ResetMocksTestExecutionListener@5ff1c63a]
]]></system-out>
  <system-err><![CDATA[]]></system-err>
</testsuite>
