<?xml version="1.0" encoding="UTF-8"?>
<testsuite name="CSCI5308.GroupFormationTool.CoursesTest.CourseTest" tests="7" skipped="0" failures="0" errors="0" timestamp="2020-06-18T14:28:50" hostname="Camp_Nou" time="0.042">
  <properties/>
  <testcase name="getTitleTest()" classname="CSCI5308.GroupFormationTool.CoursesTest.CourseTest" time="0.009"/>
  <testcase name="ConstructorTests()" classname="CSCI5308.GroupFormationTool.CoursesTest.CourseTest" time="0.003"/>
  <testcase name="setTitleTest()" classname="CSCI5308.GroupFormationTool.CoursesTest.CourseTest" time="0.004"/>
  <testcase name="createCourseTest()" classname="CSCI5308.GroupFormationTool.CoursesTest.CourseTest" time="0.003"/>
  <testcase name="setIdTest()" classname="CSCI5308.GroupFormationTool.CoursesTest.CourseTest" time="0.005"/>
  <testcase name="getIdTest()" classname="CSCI5308.GroupFormationTool.CoursesTest.CourseTest" time="0.005"/>
  <testcase name="deleteCourseTest()" classname="CSCI5308.GroupFormationTool.CoursesTest.CourseTest" time="0.005"/>
  <system-out><![CDATA[2020-06-18 11:28:50.487  INFO 13852 --- [    Test worker] .b.t.c.SpringBootTestContextBootstrapper : Neither @ContextConfiguration nor @ContextHierarchy found for test class [CSCI5308.GroupFormationTool.CoursesTest.CourseTest], using SpringBootContextLoader
2020-06-18 11:28:50.489  INFO 13852 --- [    Test worker] o.s.t.c.support.AbstractContextLoader    : Could not detect default resource locations for test class [CSCI5308.GroupFormationTool.CoursesTest.CourseTest]: no resource found for suffixes {-context.xml, Context.groovy}.
2020-06-18 11:28:50.489  INFO 13852 --- [    Test worker] t.c.s.AnnotationConfigContextLoaderUtils : Could not detect default configuration classes for test class [CSCI5308.GroupFormationTool.CoursesTest.CourseTest]: CourseTest does not declare any static, non-private, non-final, nested classes annotated with @Configuration.
2020-06-18 11:28:50.509  INFO 13852 --- [    Test worker] .b.t.c.SpringBootTestContextBootstrapper : Found @SpringBootConfiguration CSCI5308.GroupFormationTool.GroupFormationToolApplication for test class CSCI5308.GroupFormationTool.CoursesTest.CourseTest
2020-06-18 11:28:50.513  INFO 13852 --- [    Test worker] .b.t.c.SpringBootTestContextBootstrapper : Loaded default TestExecutionListener class names from location [META-INF/spring.factories]: [org.springframework.security.test.context.support.WithSecurityContextTestExecutionListener, org.springframework.security.test.context.support.ReactorContextTestExecutionListener, org.springframework.boot.test.autoconfigure.restdocs.RestDocsTestExecutionListener, org.springframework.boot.test.autoconfigure.web.client.MockRestServiceServerResetTestExecutionListener, org.springframework.boot.test.autoconfigure.web.servlet.MockMvcPrintOnlyOnFailureTestExecutionListener, org.springframework.boot.test.autoconfigure.web.servlet.WebDriverTestExecutionListener, org.springframework.boot.test.mock.mockito.MockitoTestExecutionListener, org.springframework.boot.test.mock.mockito.ResetMocksTestExecutionListener, org.springframework.test.context.web.ServletTestExecutionListener, org.springframework.test.context.support.DirtiesContextBeforeModesTestExecutionListener, org.springframework.test.context.support.DependencyInjectionTestExecutionListener, org.springframework.test.context.support.DirtiesContextTestExecutionListener, org.springframework.test.context.transaction.TransactionalTestExecutionListener, org.springframework.test.context.jdbc.SqlScriptsTestExecutionListener, org.springframework.test.context.event.EventPublishingTestExecutionListener]
2020-06-18 11:28:50.518  INFO 13852 --- [    Test worker] .b.t.c.SpringBootTestContextBootstrapper : Using TestExecutionListeners: [org.springframework.test.context.web.ServletTestExecutionListener@f13fcf, org.springframework.test.context.support.DirtiesContextBeforeModesTestExecutionListener@53ce8a7, org.springframework.boot.test.mock.mockito.MockitoTestExecutionListener@3e21ffdc, org.springframework.boot.test.autoconfigure.SpringBootDependencyInjectionTestExecutionListener@6ab8b613, org.springframework.test.context.support.DirtiesContextTestExecutionListener@633ef3cc, org.springframework.security.test.context.support.WithSecurityContextTestExecutionListener@12546dc, org.springframework.test.context.event.EventPublishingTestExecutionListener@30cb963b, org.springframework.security.test.context.support.ReactorContextTestExecutionListener@1f6ca61f, org.springframework.boot.test.autoconfigure.restdocs.RestDocsTestExecutionListener@bd896ad, org.springframework.boot.test.autoconfigure.web.client.MockRestServiceServerResetTestExecutionListener@206022ac, org.springframework.boot.test.autoconfigure.web.servlet.MockMvcPrintOnlyOnFailureTestExecutionListener@4cf602d5, org.springframework.boot.test.autoconfigure.web.servlet.WebDriverTestExecutionListener@36d0090a, org.springframework.boot.test.mock.mockito.ResetMocksTestExecutionListener@79729c83]
]]></system-out>
  <system-err><![CDATA[]]></system-err>
</testsuite>
