<?xml version="1.0" encoding="UTF-8"?>
<testsuite name="CSCI5308.GroupFormationTool.GroupFormationToolApplicationTests" tests="1" skipped="0" failures="0" errors="0" timestamp="2020-06-18T14:28:51" hostname="Camp_Nou" time="0.004">
  <properties/>
  <testcase name="contextLoads()" classname="CSCI5308.GroupFormationTool.GroupFormationToolApplicationTests" time="0.004"/>
  <system-out><![CDATA[2020-06-18 11:28:51.203  INFO 13852 --- [    Test worker] .b.t.c.SpringBootTestContextBootstrapper : Neither @ContextConfiguration nor @ContextHierarchy found for test class [CSCI5308.GroupFormationTool.GroupFormationToolApplicationTests], using SpringBootContextLoader
2020-06-18 11:28:51.205  INFO 13852 --- [    Test worker] o.s.t.c.support.AbstractContextLoader    : Could not detect default resource locations for test class [CSCI5308.GroupFormationTool.GroupFormationToolApplicationTests]: no resource found for suffixes {-context.xml, Context.groovy}.
2020-06-18 11:28:51.205  INFO 13852 --- [    Test worker] t.c.s.AnnotationConfigContextLoaderUtils : Could not detect default configuration classes for test class [CSCI5308.GroupFormationTool.GroupFormationToolApplicationTests]: GroupFormationToolApplicationTests does not declare any static, non-private, non-final, nested classes annotated with @Configuration.
2020-06-18 11:28:51.213  INFO 13852 --- [    Test worker] .b.t.c.SpringBootTestContextBootstrapper : Found @SpringBootConfiguration CSCI5308.GroupFormationTool.GroupFormationToolApplication for test class CSCI5308.GroupFormationTool.GroupFormationToolApplicationTests
2020-06-18 11:28:51.216  INFO 13852 --- [    Test worker] .b.t.c.SpringBootTestContextBootstrapper : Loaded default TestExecutionListener class names from location [META-INF/spring.factories]: [org.springframework.security.test.context.support.WithSecurityContextTestExecutionListener, org.springframework.security.test.context.support.ReactorContextTestExecutionListener, org.springframework.boot.test.autoconfigure.restdocs.RestDocsTestExecutionListener, org.springframework.boot.test.autoconfigure.web.client.MockRestServiceServerResetTestExecutionListener, org.springframework.boot.test.autoconfigure.web.servlet.MockMvcPrintOnlyOnFailureTestExecutionListener, org.springframework.boot.test.autoconfigure.web.servlet.WebDriverTestExecutionListener, org.springframework.boot.test.mock.mockito.MockitoTestExecutionListener, org.springframework.boot.test.mock.mockito.ResetMocksTestExecutionListener, org.springframework.test.context.web.ServletTestExecutionListener, org.springframework.test.context.support.DirtiesContextBeforeModesTestExecutionListener, org.springframework.test.context.support.DependencyInjectionTestExecutionListener, org.springframework.test.context.support.DirtiesContextTestExecutionListener, org.springframework.test.context.transaction.TransactionalTestExecutionListener, org.springframework.test.context.jdbc.SqlScriptsTestExecutionListener, org.springframework.test.context.event.EventPublishingTestExecutionListener]
2020-06-18 11:28:51.220  INFO 13852 --- [    Test worker] .b.t.c.SpringBootTestContextBootstrapper : Using TestExecutionListeners: [org.springframework.test.context.web.ServletTestExecutionListener@2d0316bc, org.springframework.test.context.support.DirtiesContextBeforeModesTestExecutionListener@780514be, org.springframework.boot.test.mock.mockito.MockitoTestExecutionListener@2ef38446, org.springframework.boot.test.autoconfigure.SpringBootDependencyInjectionTestExecutionListener@330d44e, org.springframework.test.context.support.DirtiesContextTestExecutionListener@36339462, org.springframework.security.test.context.support.WithSecurityContextTestExecutionListener@66c3c6fe, org.springframework.test.context.event.EventPublishingTestExecutionListener@54a0bfd4, org.springframework.security.test.context.support.ReactorContextTestExecutionListener@51b783aa, org.springframework.boot.test.autoconfigure.restdocs.RestDocsTestExecutionListener@7b0d8d7a, org.springframework.boot.test.autoconfigure.web.client.MockRestServiceServerResetTestExecutionListener@30150d3, org.springframework.boot.test.autoconfigure.web.servlet.MockMvcPrintOnlyOnFailureTestExecutionListener@520e1178, org.springframework.boot.test.autoconfigure.web.servlet.WebDriverTestExecutionListener@3fc96240, org.springframework.boot.test.mock.mockito.ResetMocksTestExecutionListener@28385e9e]
]]></system-out>
  <system-err><![CDATA[]]></system-err>
</testsuite>
