<?xml version="1.0" encoding="UTF-8"?>
<testsuite name="CSCI5308.GroupFormationTool.CoursesTest.StudentCSVParserTest" tests="1" skipped="0" failures="0" errors="0" timestamp="2020-07-17T01:35:02" hostname="Camp_Nou" time="0.004">
  <properties/>
  <testcase name="parseCSVFile()" classname="CSCI5308.GroupFormationTool.CoursesTest.StudentCSVParserTest" time="0.004"/>
  <system-out><![CDATA[2020-07-16 22:35:01.997  INFO 16504 --- [    Test worker] .b.t.c.SpringBootTestContextBootstrapper : Neither @ContextConfiguration nor @ContextHierarchy found for test class [CSCI5308.GroupFormationTool.CoursesTest.StudentCSVParserTest], using SpringBootContextLoader
2020-07-16 22:35:01.999  INFO 16504 --- [    Test worker] o.s.t.c.support.AbstractContextLoader    : Could not detect default resource locations for test class [CSCI5308.GroupFormationTool.CoursesTest.StudentCSVParserTest]: no resource found for suffixes {-context.xml, Context.groovy}.
2020-07-16 22:35:01.999  INFO 16504 --- [    Test worker] t.c.s.AnnotationConfigContextLoaderUtils : Could not detect default configuration classes for test class [CSCI5308.GroupFormationTool.CoursesTest.StudentCSVParserTest]: StudentCSVParserTest does not declare any static, non-private, non-final, nested classes annotated with @Configuration.
2020-07-16 22:35:02.001  INFO 16504 --- [    Test worker] .b.t.c.SpringBootTestContextBootstrapper : Found @SpringBootConfiguration CSCI5308.GroupFormationTool.GroupFormationToolApplication for test class CSCI5308.GroupFormationTool.CoursesTest.StudentCSVParserTest
2020-07-16 22:35:02.004  INFO 16504 --- [    Test worker] .b.t.c.SpringBootTestContextBootstrapper : Loaded default TestExecutionListener class names from location [META-INF/spring.factories]: [org.springframework.security.test.context.support.WithSecurityContextTestExecutionListener, org.springframework.security.test.context.support.ReactorContextTestExecutionListener, org.springframework.boot.test.autoconfigure.restdocs.RestDocsTestExecutionListener, org.springframework.boot.test.autoconfigure.web.client.MockRestServiceServerResetTestExecutionListener, org.springframework.boot.test.autoconfigure.web.servlet.MockMvcPrintOnlyOnFailureTestExecutionListener, org.springframework.boot.test.autoconfigure.web.servlet.WebDriverTestExecutionListener, org.springframework.boot.test.mock.mockito.MockitoTestExecutionListener, org.springframework.boot.test.mock.mockito.ResetMocksTestExecutionListener, org.springframework.test.context.web.ServletTestExecutionListener, org.springframework.test.context.support.DirtiesContextBeforeModesTestExecutionListener, org.springframework.test.context.support.DependencyInjectionTestExecutionListener, org.springframework.test.context.support.DirtiesContextTestExecutionListener, org.springframework.test.context.transaction.TransactionalTestExecutionListener, org.springframework.test.context.jdbc.SqlScriptsTestExecutionListener, org.springframework.test.context.event.EventPublishingTestExecutionListener]
2020-07-16 22:35:02.007  INFO 16504 --- [    Test worker] .b.t.c.SpringBootTestContextBootstrapper : Using TestExecutionListeners: [org.springframework.test.context.web.ServletTestExecutionListener@36b36c38, org.springframework.test.context.support.DirtiesContextBeforeModesTestExecutionListener@66a4e134, org.springframework.boot.test.mock.mockito.MockitoTestExecutionListener@7a8c5a7, org.springframework.boot.test.autoconfigure.SpringBootDependencyInjectionTestExecutionListener@6b8f3d1e, org.springframework.test.context.support.DirtiesContextTestExecutionListener@46f05efb, org.springframework.security.test.context.support.WithSecurityContextTestExecutionListener@71cba50, org.springframework.test.context.event.EventPublishingTestExecutionListener@46d8c2e9, org.springframework.security.test.context.support.ReactorContextTestExecutionListener@542d60e1, org.springframework.boot.test.autoconfigure.restdocs.RestDocsTestExecutionListener@10eefb19, org.springframework.boot.test.autoconfigure.web.client.MockRestServiceServerResetTestExecutionListener@72c20d6e, org.springframework.boot.test.autoconfigure.web.servlet.MockMvcPrintOnlyOnFailureTestExecutionListener@728d5655, org.springframework.boot.test.autoconfigure.web.servlet.WebDriverTestExecutionListener@4d181a8d, org.springframework.boot.test.mock.mockito.ResetMocksTestExecutionListener@2a490604]
]]></system-out>
  <system-err><![CDATA[]]></system-err>
</testsuite>
