<?xml version="1.0" encoding="UTF-8"?>
<testsuite name="CSCI5308.GroupFormationTool.AccessControlTest.UserTest" tests="16" skipped="0" failures="0" errors="0" timestamp="2020-06-19T01:48:40" hostname="Camp_Nou" time="0.286">
  <properties/>
  <testcase name="isEmailValidTest()" classname="CSCI5308.GroupFormationTool.AccessControlTest.UserTest" time="0.218"/>
  <testcase name="getFirstNameTest()" classname="CSCI5308.GroupFormationTool.AccessControlTest.UserTest" time="0.004"/>
  <testcase name="setLastNameTest()" classname="CSCI5308.GroupFormationTool.AccessControlTest.UserTest" time="0.003"/>
  <testcase name="isBannerIDValidTest()" classname="CSCI5308.GroupFormationTool.AccessControlTest.UserTest" time="0.004"/>
  <testcase name="setBannerIDTest()" classname="CSCI5308.GroupFormationTool.AccessControlTest.UserTest" time="0.003"/>
  <testcase name="ConstructorTests()" classname="CSCI5308.GroupFormationTool.AccessControlTest.UserTest" time="0.002"/>
  <testcase name="setEmailTest()" classname="CSCI5308.GroupFormationTool.AccessControlTest.UserTest" time="0.004"/>
  <testcase name="isFirstNameValidTest()" classname="CSCI5308.GroupFormationTool.AccessControlTest.UserTest" time="0.003"/>
  <testcase name="setIDTest()" classname="CSCI5308.GroupFormationTool.AccessControlTest.UserTest" time="0.003"/>
  <testcase name="getIDTest()" classname="CSCI5308.GroupFormationTool.AccessControlTest.UserTest" time="0.003"/>
  <testcase name="setFirstNameTest()" classname="CSCI5308.GroupFormationTool.AccessControlTest.UserTest" time="0.003"/>
  <testcase name="createUser()" classname="CSCI5308.GroupFormationTool.AccessControlTest.UserTest" time="0.003"/>
  <testcase name="isLastNameValidTest()" classname="CSCI5308.GroupFormationTool.AccessControlTest.UserTest" time="0.003"/>
  <testcase name="getLastNameTest()" classname="CSCI5308.GroupFormationTool.AccessControlTest.UserTest" time="0.003"/>
  <testcase name="getBannerIDTest()" classname="CSCI5308.GroupFormationTool.AccessControlTest.UserTest" time="0.003"/>
  <testcase name="getEmailTest()" classname="CSCI5308.GroupFormationTool.AccessControlTest.UserTest" time="0.004"/>
  <system-out><![CDATA[22:48:37.332 [Test worker] DEBUG org.springframework.test.context.BootstrapUtils - Instantiating CacheAwareContextLoaderDelegate from class [org.springframework.test.context.cache.DefaultCacheAwareContextLoaderDelegate]
22:48:37.351 [Test worker] DEBUG org.springframework.test.context.BootstrapUtils - Instantiating BootstrapContext using constructor [public org.springframework.test.context.support.DefaultBootstrapContext(java.lang.Class,org.springframework.test.context.CacheAwareContextLoaderDelegate)]
22:48:37.389 [Test worker] DEBUG org.springframework.test.context.BootstrapUtils - Instantiating TestContextBootstrapper for test class [CSCI5308.GroupFormationTool.AccessControlTest.UserTest] from class [org.springframework.boot.test.context.SpringBootTestContextBootstrapper]
22:48:37.409 [Test worker] INFO org.springframework.boot.test.context.SpringBootTestContextBootstrapper - Neither @ContextConfiguration nor @ContextHierarchy found for test class [CSCI5308.GroupFormationTool.AccessControlTest.UserTest], using SpringBootContextLoader
22:48:37.414 [Test worker] DEBUG org.springframework.test.context.support.AbstractContextLoader - Did not detect default resource location for test class [CSCI5308.GroupFormationTool.AccessControlTest.UserTest]: class path resource [CSCI5308/GroupFormationTool/AccessControlTest/UserTest-context.xml] does not exist
22:48:37.415 [Test worker] DEBUG org.springframework.test.context.support.AbstractContextLoader - Did not detect default resource location for test class [CSCI5308.GroupFormationTool.AccessControlTest.UserTest]: class path resource [CSCI5308/GroupFormationTool/AccessControlTest/UserTestContext.groovy] does not exist
22:48:37.415 [Test worker] INFO org.springframework.test.context.support.AbstractContextLoader - Could not detect default resource locations for test class [CSCI5308.GroupFormationTool.AccessControlTest.UserTest]: no resource found for suffixes {-context.xml, Context.groovy}.
22:48:37.417 [Test worker] INFO org.springframework.test.context.support.AnnotationConfigContextLoaderUtils - Could not detect default configuration classes for test class [CSCI5308.GroupFormationTool.AccessControlTest.UserTest]: UserTest does not declare any static, non-private, non-final, nested classes annotated with @Configuration.
22:48:37.461 [Test worker] DEBUG org.springframework.test.context.support.ActiveProfilesUtils - Could not find an 'annotation declaring class' for annotation type [org.springframework.test.context.ActiveProfiles] and class [CSCI5308.GroupFormationTool.AccessControlTest.UserTest]
22:48:37.567 [Test worker] DEBUG org.springframework.context.annotation.ClassPathScanningCandidateComponentProvider - Identified candidate component class: file [C:\Users\rudra\Desktop\Advanced SDC\Milestone-2\develop\build\classes\java\main\CSCI5308\GroupFormationTool\GroupFormationToolApplication.class]
22:48:37.570 [Test worker] INFO org.springframework.boot.test.context.SpringBootTestContextBootstrapper - Found @SpringBootConfiguration CSCI5308.GroupFormationTool.GroupFormationToolApplication for test class CSCI5308.GroupFormationTool.AccessControlTest.UserTest
22:48:37.723 [Test worker] DEBUG org.springframework.boot.test.context.SpringBootTestContextBootstrapper - @TestExecutionListeners is not present for class [CSCI5308.GroupFormationTool.AccessControlTest.UserTest]: using defaults.
22:48:37.724 [Test worker] INFO org.springframework.boot.test.context.SpringBootTestContextBootstrapper - Loaded default TestExecutionListener class names from location [META-INF/spring.factories]: [org.springframework.security.test.context.support.WithSecurityContextTestExecutionListener, org.springframework.security.test.context.support.ReactorContextTestExecutionListener, org.springframework.boot.test.autoconfigure.restdocs.RestDocsTestExecutionListener, org.springframework.boot.test.autoconfigure.web.client.MockRestServiceServerResetTestExecutionListener, org.springframework.boot.test.autoconfigure.web.servlet.MockMvcPrintOnlyOnFailureTestExecutionListener, org.springframework.boot.test.autoconfigure.web.servlet.WebDriverTestExecutionListener, org.springframework.boot.test.mock.mockito.MockitoTestExecutionListener, org.springframework.boot.test.mock.mockito.ResetMocksTestExecutionListener, org.springframework.test.context.web.ServletTestExecutionListener, org.springframework.test.context.support.DirtiesContextBeforeModesTestExecutionListener, org.springframework.test.context.support.DependencyInjectionTestExecutionListener, org.springframework.test.context.support.DirtiesContextTestExecutionListener, org.springframework.test.context.transaction.TransactionalTestExecutionListener, org.springframework.test.context.jdbc.SqlScriptsTestExecutionListener, org.springframework.test.context.event.EventPublishingTestExecutionListener]
22:48:37.743 [Test worker] DEBUG org.springframework.boot.test.context.SpringBootTestContextBootstrapper - Skipping candidate TestExecutionListener [org.springframework.test.context.transaction.TransactionalTestExecutionListener] due to a missing dependency. Specify custom listener classes or make the default listener classes and their required dependencies available. Offending class: [org/springframework/transaction/interceptor/TransactionAttributeSource]
22:48:37.744 [Test worker] DEBUG org.springframework.boot.test.context.SpringBootTestContextBootstrapper - Skipping candidate TestExecutionListener [org.springframework.test.context.jdbc.SqlScriptsTestExecutionListener] due to a missing dependency. Specify custom listener classes or make the default listener classes and their required dependencies available. Offending class: [org/springframework/transaction/interceptor/TransactionAttribute]
22:48:37.744 [Test worker] INFO org.springframework.boot.test.context.SpringBootTestContextBootstrapper - Using TestExecutionListeners: [org.springframework.test.context.web.ServletTestExecutionListener@523b2479, org.springframework.test.context.support.DirtiesContextBeforeModesTestExecutionListener@7f178bcc, org.springframework.boot.test.mock.mockito.MockitoTestExecutionListener@19efaa7b, org.springframework.boot.test.autoconfigure.SpringBootDependencyInjectionTestExecutionListener@69f13274, org.springframework.test.context.support.DirtiesContextTestExecutionListener@6262cbdf, org.springframework.security.test.context.support.WithSecurityContextTestExecutionListener@21e875b4, org.springframework.test.context.event.EventPublishingTestExecutionListener@4530bf80, org.springframework.security.test.context.support.ReactorContextTestExecutionListener@25b247c0, org.springframework.boot.test.autoconfigure.restdocs.RestDocsTestExecutionListener@517a5c9a, org.springframework.boot.test.autoconfigure.web.client.MockRestServiceServerResetTestExecutionListener@335dc6d4, org.springframework.boot.test.autoconfigure.web.servlet.MockMvcPrintOnlyOnFailureTestExecutionListener@7351b380, org.springframework.boot.test.autoconfigure.web.servlet.WebDriverTestExecutionListener@44ea666d, org.springframework.boot.test.mock.mockito.ResetMocksTestExecutionListener@47f76ce6]
22:48:37.751 [Test worker] DEBUG org.springframework.test.context.support.AbstractDirtiesContextTestExecutionListener - Before test class: context [DefaultTestContext@6ee8bf4c testClass = UserTest, testInstance = [null], testMethod = [null], testException = [null], mergedContextConfiguration = [WebMergedContextConfiguration@2096b403 testClass = UserTest, locations = '{}', classes = '{class CSCI5308.GroupFormationTool.GroupFormationToolApplication}', contextInitializerClasses = '[]', activeProfiles = '{}', propertySourceLocations = '{}', propertySourceProperties = '{org.springframework.boot.test.context.SpringBootTestContextBootstrapper=true}', contextCustomizers = set[org.springframework.boot.test.autoconfigure.properties.PropertyMappingContextCustomizer@0, org.springframework.boot.test.autoconfigure.web.servlet.WebDriverContextCustomizerFactory$Customizer@16fce6cd, org.springframework.boot.test.context.filter.ExcludeFilterContextCustomizer@5c3b98d, org.springframework.boot.test.json.DuplicateJsonObjectContextCustomizerFactory$DuplicateJsonObjectContextCustomizer@59e5f12c, org.springframework.boot.test.mock.mockito.MockitoContextCustomizer@0, org.springframework.boot.test.web.client.TestRestTemplateContextCustomizer@8842df2], resourceBasePath = 'src/main/webapp', contextLoader = 'org.springframework.boot.test.context.SpringBootContextLoader', parent = [null]], attributes = map['org.springframework.test.context.web.ServletTestExecutionListener.activateListener' -> true]], class annotated with @DirtiesContext [false] with mode [null].
22:48:37.788 [Test worker] DEBUG org.springframework.test.context.support.TestPropertySourceUtils - Adding inlined properties to environment: {spring.jmx.enabled=false, org.springframework.boot.test.context.SpringBootTestContextBootstrapper=true, server.port=-1}

  .   ____          _            __ _ _
 /\\ / ___'_ __ _ _(_)_ __  __ _ \ \ \ \
( ( )\___ | '_ | '_| | '_ \/ _` | \ \ \ \
 \\/  ___)| |_)| | | | | || (_| |  ) ) ) )
  '  |____| .__|_| |_|_| |_\__, | / / / /
 =========|_|==============|___/=/_/_/_/
 :: Spring Boot ::        (v2.2.4.RELEASE)

2020-06-18 22:48:38.166  INFO 14380 --- [    Test worker] C.G.AccessControlTest.UserTest           : Starting UserTest on Camp_Nou with PID 14380 (started by rudra in C:\Users\rudra\Desktop\Advanced SDC\Milestone-2\develop)
2020-06-18 22:48:38.167  INFO 14380 --- [    Test worker] C.G.AccessControlTest.UserTest           : No active profile set, falling back to default profiles: default
2020-06-18 22:48:39.588  INFO 14380 --- [    Test worker] o.s.s.web.DefaultSecurityFilterChain     : Creating filter chain: Ant [pattern='/resources/**'], []
2020-06-18 22:48:39.723  INFO 14380 --- [    Test worker] o.s.s.web.DefaultSecurityFilterChain     : Creating filter chain: any request, [org.springframework.security.web.context.request.async.WebAsyncManagerIntegrationFilter@7e4a8a47, org.springframework.security.web.context.SecurityContextPersistenceFilter@312dab54, org.springframework.security.web.header.HeaderWriterFilter@7570609e, org.springframework.security.web.csrf.CsrfFilter@5c3b5ec3, org.springframework.security.web.authentication.logout.LogoutFilter@44aa05b4, org.springframework.security.web.authentication.UsernamePasswordAuthenticationFilter@24fae2ff, org.springframework.security.web.savedrequest.RequestCacheAwareFilter@6ee4bfc5, org.springframework.security.web.servletapi.SecurityContextHolderAwareRequestFilter@6ff6d832, org.springframework.security.web.authentication.AnonymousAuthenticationFilter@61db489, org.springframework.security.web.session.SessionManagementFilter@61a7bc63, org.springframework.security.web.access.ExceptionTranslationFilter@31c86ddf, org.springframework.security.web.access.intercept.FilterSecurityInterceptor@15e8168f]
2020-06-18 22:48:40.156  INFO 14380 --- [    Test worker] o.s.s.concurrent.ThreadPoolTaskExecutor  : Initializing ExecutorService 'applicationTaskExecutor'
2020-06-18 22:48:40.296  INFO 14380 --- [    Test worker] o.s.b.a.w.s.WelcomePageHandlerMapping    : Adding welcome page template: index
2020-06-18 22:48:40.619  INFO 14380 --- [    Test worker] C.G.AccessControlTest.UserTest           : Started UserTest in 2.82 seconds (JVM running for 4.894)
]]></system-out>
  <system-err><![CDATA[]]></system-err>
</testsuite>
