<?xml version="1.0" encoding="UTF-8"?>
<testsuite name="CSCI5308.GroupFormationTool.Survey.SurveyDBTest" tests="9" skipped="0" failures="0" errors="0" timestamp="2020-07-17T02:47:05" hostname="Camp_Nou" time="0.025">
  <properties/>
  <testcase name="loadSurveyIdbyCourseID()" classname="CSCI5308.GroupFormationTool.Survey.SurveyDBTest" time="0.001"/>
  <testcase name="deleteSurveyQuestion()" classname="CSCI5308.GroupFormationTool.Survey.SurveyDBTest" time="0.0"/>
  <testcase name="loadQuestionBySurveyID()" classname="CSCI5308.GroupFormationTool.Survey.SurveyDBTest" time="0.0"/>
  <testcase name="checkifQuestionInSurveyExists()" classname="CSCI5308.GroupFormationTool.Survey.SurveyDBTest" time="0.0"/>
  <testcase name="saveQuestionInSurvey()" classname="CSCI5308.GroupFormationTool.Survey.SurveyDBTest" time="0.001"/>
  <testcase name="checkSurveyIsPublished()" classname="CSCI5308.GroupFormationTool.Survey.SurveyDBTest" time="0.0"/>
  <testcase name="createSurvey()" classname="CSCI5308.GroupFormationTool.Survey.SurveyDBTest" time="0.004"/>
  <testcase name="checkSurveyExists()" classname="CSCI5308.GroupFormationTool.Survey.SurveyDBTest" time="0.0"/>
  <testcase name="publishSurvey()" classname="CSCI5308.GroupFormationTool.Survey.SurveyDBTest" time="0.005"/>
  <system-out><![CDATA[]]></system-out>
  <system-err><![CDATA[]]></system-err>
</testsuite>
