<?xml version="1.0" encoding="UTF-8"?>
<testsuite name="CSCI5308.GroupFormationTool.SecurityTest.DefaultPasswordPoliciesTest" tests="7" skipped="0" failures="0" errors="0" timestamp="2020-07-17T01:35:03" hostname="Camp_Nou" time="0.046">
  <properties/>
  <testcase name="passwordCheckHistory()" classname="CSCI5308.GroupFormationTool.SecurityTest.DefaultPasswordPoliciesTest" time="0.007"/>
  <testcase name="passwordCheckMinSpecialCharacter()" classname="CSCI5308.GroupFormationTool.SecurityTest.DefaultPasswordPoliciesTest" time="0.007"/>
  <testcase name="passwordCheckMaxLength()" classname="CSCI5308.GroupFormationTool.SecurityTest.DefaultPasswordPoliciesTest" time="0.007"/>
  <testcase name="passwordCheckMinLowercaseCharacter()" classname="CSCI5308.GroupFormationTool.SecurityTest.DefaultPasswordPoliciesTest" time="0.004"/>
  <testcase name="passwordCheckMinUppercaseCharacter()" classname="CSCI5308.GroupFormationTool.SecurityTest.DefaultPasswordPoliciesTest" time="0.005"/>
  <testcase name="passwordCheckMinLength()" classname="CSCI5308.GroupFormationTool.SecurityTest.DefaultPasswordPoliciesTest" time="0.002"/>
  <testcase name="passwordCheckNotAllowedCharacter()" classname="CSCI5308.GroupFormationTool.SecurityTest.DefaultPasswordPoliciesTest" time="0.004"/>
  <system-out><![CDATA[2020-07-16 22:35:03.649  INFO 16504 --- [    Test worker] .b.t.c.SpringBootTestContextBootstrapper : Neither @ContextConfiguration nor @ContextHierarchy found for test class [CSCI5308.GroupFormationTool.SecurityTest.DefaultPasswordPoliciesTest], using SpringBootContextLoader
2020-07-16 22:35:03.650  INFO 16504 --- [    Test worker] o.s.t.c.support.AbstractContextLoader    : Could not detect default resource locations for test class [CSCI5308.GroupFormationTool.SecurityTest.DefaultPasswordPoliciesTest]: no resource found for suffixes {-context.xml, Context.groovy}.
2020-07-16 22:35:03.650  INFO 16504 --- [    Test worker] t.c.s.AnnotationConfigContextLoaderUtils : Could not detect default configuration classes for test class [CSCI5308.GroupFormationTool.SecurityTest.DefaultPasswordPoliciesTest]: DefaultPasswordPoliciesTest does not declare any static, non-private, non-final, nested classes annotated with @Configuration.
2020-07-16 22:35:03.659  INFO 16504 --- [    Test worker] .b.t.c.SpringBootTestContextBootstrapper : Found @SpringBootConfiguration CSCI5308.GroupFormationTool.GroupFormationToolApplication for test class CSCI5308.GroupFormationTool.SecurityTest.DefaultPasswordPoliciesTest
2020-07-16 22:35:03.661  INFO 16504 --- [    Test worker] .b.t.c.SpringBootTestContextBootstrapper : Loaded default TestExecutionListener class names from location [META-INF/spring.factories]: [org.springframework.security.test.context.support.WithSecurityContextTestExecutionListener, org.springframework.security.test.context.support.ReactorContextTestExecutionListener, org.springframework.boot.test.autoconfigure.restdocs.RestDocsTestExecutionListener, org.springframework.boot.test.autoconfigure.web.client.MockRestServiceServerResetTestExecutionListener, org.springframework.boot.test.autoconfigure.web.servlet.MockMvcPrintOnlyOnFailureTestExecutionListener, org.springframework.boot.test.autoconfigure.web.servlet.WebDriverTestExecutionListener, org.springframework.boot.test.mock.mockito.MockitoTestExecutionListener, org.springframework.boot.test.mock.mockito.ResetMocksTestExecutionListener, org.springframework.test.context.web.ServletTestExecutionListener, org.springframework.test.context.support.DirtiesContextBeforeModesTestExecutionListener, org.springframework.test.context.support.DependencyInjectionTestExecutionListener, org.springframework.test.context.support.DirtiesContextTestExecutionListener, org.springframework.test.context.transaction.TransactionalTestExecutionListener, org.springframework.test.context.jdbc.SqlScriptsTestExecutionListener, org.springframework.test.context.event.EventPublishingTestExecutionListener]
2020-07-16 22:35:03.663  INFO 16504 --- [    Test worker] .b.t.c.SpringBootTestContextBootstrapper : Using TestExecutionListeners: [org.springframework.test.context.web.ServletTestExecutionListener@30f8c62e, org.springframework.test.context.support.DirtiesContextBeforeModesTestExecutionListener@5efe1c26, org.springframework.boot.test.mock.mockito.MockitoTestExecutionListener@6922c7d3, org.springframework.boot.test.autoconfigure.SpringBootDependencyInjectionTestExecutionListener@79b6fed3, org.springframework.test.context.support.DirtiesContextTestExecutionListener@f898e7d, org.springframework.security.test.context.support.WithSecurityContextTestExecutionListener@21b8ac86, org.springframework.test.context.event.EventPublishingTestExecutionListener@5edbfb3d, org.springframework.security.test.context.support.ReactorContextTestExecutionListener@1055c653, org.springframework.boot.test.autoconfigure.restdocs.RestDocsTestExecutionListener@536c5842, org.springframework.boot.test.autoconfigure.web.client.MockRestServiceServerResetTestExecutionListener@37d40235, org.springframework.boot.test.autoconfigure.web.servlet.MockMvcPrintOnlyOnFailureTestExecutionListener@36d705e1, org.springframework.boot.test.autoconfigure.web.servlet.WebDriverTestExecutionListener@80e2a36, org.springframework.boot.test.mock.mockito.ResetMocksTestExecutionListener@3911cd3d]
passwordCheckMinSpecialCharacter
false
false
false
false
true
false
false
true
false
false
true
false
false
false
true
false
true
false
false
false
false
false
false
true
passwordCheckMinUppercaseCharacter
[#, !, @]
]]></system-out>
  <system-err><![CDATA[]]></system-err>
</testsuite>
