<?xml version="1.0" encoding="UTF-8"?>
<testsuite name="CSCI5308.GroupFormationTool.AccessControlTest.UserTest" tests="16" skipped="0" failures="0" errors="0" timestamp="2020-07-17T01:35:01" hostname="Camp_Nou" time="0.299">
  <properties/>
  <testcase name="isEmailValidTest()" classname="CSCI5308.GroupFormationTool.AccessControlTest.UserTest" time="0.202"/>
  <testcase name="getFirstNameTest()" classname="CSCI5308.GroupFormationTool.AccessControlTest.UserTest" time="0.003"/>
  <testcase name="setLastNameTest()" classname="CSCI5308.GroupFormationTool.AccessControlTest.UserTest" time="0.005"/>
  <testcase name="isBannerIDValidTest()" classname="CSCI5308.GroupFormationTool.AccessControlTest.UserTest" time="0.005"/>
  <testcase name="setBannerIDTest()" classname="CSCI5308.GroupFormationTool.AccessControlTest.UserTest" time="0.004"/>
  <testcase name="ConstructorTests()" classname="CSCI5308.GroupFormationTool.AccessControlTest.UserTest" time="0.013"/>
  <testcase name="setEmailTest()" classname="CSCI5308.GroupFormationTool.AccessControlTest.UserTest" time="0.003"/>
  <testcase name="isFirstNameValidTest()" classname="CSCI5308.GroupFormationTool.AccessControlTest.UserTest" time="0.004"/>
  <testcase name="setIDTest()" classname="CSCI5308.GroupFormationTool.AccessControlTest.UserTest" time="0.004"/>
  <testcase name="getIDTest()" classname="CSCI5308.GroupFormationTool.AccessControlTest.UserTest" time="0.004"/>
  <testcase name="setFirstNameTest()" classname="CSCI5308.GroupFormationTool.AccessControlTest.UserTest" time="0.005"/>
  <testcase name="createUser()" classname="CSCI5308.GroupFormationTool.AccessControlTest.UserTest" time="0.006"/>
  <testcase name="isLastNameValidTest()" classname="CSCI5308.GroupFormationTool.AccessControlTest.UserTest" time="0.004"/>
  <testcase name="getLastNameTest()" classname="CSCI5308.GroupFormationTool.AccessControlTest.UserTest" time="0.003"/>
  <testcase name="getBannerIDTest()" classname="CSCI5308.GroupFormationTool.AccessControlTest.UserTest" time="0.003"/>
  <testcase name="getEmailTest()" classname="CSCI5308.GroupFormationTool.AccessControlTest.UserTest" time="0.003"/>
  <system-out><![CDATA[22:34:57.721 [Test worker] DEBUG org.springframework.test.context.BootstrapUtils - Instantiating CacheAwareContextLoaderDelegate from class [org.springframework.test.context.cache.DefaultCacheAwareContextLoaderDelegate]
22:34:57.740 [Test worker] DEBUG org.springframework.test.context.BootstrapUtils - Instantiating BootstrapContext using constructor [public org.springframework.test.context.support.DefaultBootstrapContext(java.lang.Class,org.springframework.test.context.CacheAwareContextLoaderDelegate)]
22:34:57.772 [Test worker] DEBUG org.springframework.test.context.BootstrapUtils - Instantiating TestContextBootstrapper for test class [CSCI5308.GroupFormationTool.AccessControlTest.UserTest] from class [org.springframework.boot.test.context.SpringBootTestContextBootstrapper]
22:34:57.793 [Test worker] INFO org.springframework.boot.test.context.SpringBootTestContextBootstrapper - Neither @ContextConfiguration nor @ContextHierarchy found for test class [CSCI5308.GroupFormationTool.AccessControlTest.UserTest], using SpringBootContextLoader
22:34:57.800 [Test worker] DEBUG org.springframework.test.context.support.AbstractContextLoader - Did not detect default resource location for test class [CSCI5308.GroupFormationTool.AccessControlTest.UserTest]: class path resource [CSCI5308/GroupFormationTool/AccessControlTest/UserTest-context.xml] does not exist
22:34:57.801 [Test worker] DEBUG org.springframework.test.context.support.AbstractContextLoader - Did not detect default resource location for test class [CSCI5308.GroupFormationTool.AccessControlTest.UserTest]: class path resource [CSCI5308/GroupFormationTool/AccessControlTest/UserTestContext.groovy] does not exist
22:34:57.801 [Test worker] INFO org.springframework.test.context.support.AbstractContextLoader - Could not detect default resource locations for test class [CSCI5308.GroupFormationTool.AccessControlTest.UserTest]: no resource found for suffixes {-context.xml, Context.groovy}.
22:34:57.802 [Test worker] INFO org.springframework.test.context.support.AnnotationConfigContextLoaderUtils - Could not detect default configuration classes for test class [CSCI5308.GroupFormationTool.AccessControlTest.UserTest]: UserTest does not declare any static, non-private, non-final, nested classes annotated with @Configuration.
22:34:57.844 [Test worker] DEBUG org.springframework.test.context.support.ActiveProfilesUtils - Could not find an 'annotation declaring class' for annotation type [org.springframework.test.context.ActiveProfiles] and class [CSCI5308.GroupFormationTool.AccessControlTest.UserTest]
22:34:57.930 [Test worker] DEBUG org.springframework.context.annotation.ClassPathScanningCandidateComponentProvider - Identified candidate component class: file [C:\Users\rudra\Desktop\Advanced SDC\Milestone - 3\group-formation-rudra\build\classes\java\main\CSCI5308\GroupFormationTool\GroupFormationToolApplication.class]
22:34:57.932 [Test worker] INFO org.springframework.boot.test.context.SpringBootTestContextBootstrapper - Found @SpringBootConfiguration CSCI5308.GroupFormationTool.GroupFormationToolApplication for test class CSCI5308.GroupFormationTool.AccessControlTest.UserTest
22:34:58.058 [Test worker] DEBUG org.springframework.boot.test.context.SpringBootTestContextBootstrapper - @TestExecutionListeners is not present for class [CSCI5308.GroupFormationTool.AccessControlTest.UserTest]: using defaults.
22:34:58.059 [Test worker] INFO org.springframework.boot.test.context.SpringBootTestContextBootstrapper - Loaded default TestExecutionListener class names from location [META-INF/spring.factories]: [org.springframework.security.test.context.support.WithSecurityContextTestExecutionListener, org.springframework.security.test.context.support.ReactorContextTestExecutionListener, org.springframework.boot.test.autoconfigure.restdocs.RestDocsTestExecutionListener, org.springframework.boot.test.autoconfigure.web.client.MockRestServiceServerResetTestExecutionListener, org.springframework.boot.test.autoconfigure.web.servlet.MockMvcPrintOnlyOnFailureTestExecutionListener, org.springframework.boot.test.autoconfigure.web.servlet.WebDriverTestExecutionListener, org.springframework.boot.test.mock.mockito.MockitoTestExecutionListener, org.springframework.boot.test.mock.mockito.ResetMocksTestExecutionListener, org.springframework.test.context.web.ServletTestExecutionListener, org.springframework.test.context.support.DirtiesContextBeforeModesTestExecutionListener, org.springframework.test.context.support.DependencyInjectionTestExecutionListener, org.springframework.test.context.support.DirtiesContextTestExecutionListener, org.springframework.test.context.transaction.TransactionalTestExecutionListener, org.springframework.test.context.jdbc.SqlScriptsTestExecutionListener, org.springframework.test.context.event.EventPublishingTestExecutionListener]
22:34:58.086 [Test worker] DEBUG org.springframework.boot.test.context.SpringBootTestContextBootstrapper - Skipping candidate TestExecutionListener [org.springframework.test.context.transaction.TransactionalTestExecutionListener] due to a missing dependency. Specify custom listener classes or make the default listener classes and their required dependencies available. Offending class: [org/springframework/transaction/interceptor/TransactionAttributeSource]
22:34:58.087 [Test worker] DEBUG org.springframework.boot.test.context.SpringBootTestContextBootstrapper - Skipping candidate TestExecutionListener [org.springframework.test.context.jdbc.SqlScriptsTestExecutionListener] due to a missing dependency. Specify custom listener classes or make the default listener classes and their required dependencies available. Offending class: [org/springframework/transaction/interceptor/TransactionAttribute]
22:34:58.088 [Test worker] INFO org.springframework.boot.test.context.SpringBootTestContextBootstrapper - Using TestExecutionListeners: [org.springframework.test.context.web.ServletTestExecutionListener@4a81f008, org.springframework.test.context.support.DirtiesContextBeforeModesTestExecutionListener@2249acf, org.springframework.boot.test.mock.mockito.MockitoTestExecutionListener@17571a6d, org.springframework.boot.test.autoconfigure.SpringBootDependencyInjectionTestExecutionListener@5a5b4240, org.springframework.test.context.support.DirtiesContextTestExecutionListener@1f9fe8b3, org.springframework.security.test.context.support.WithSecurityContextTestExecutionListener@39cbfb6d, org.springframework.test.context.event.EventPublishingTestExecutionListener@16e01a4b, org.springframework.security.test.context.support.ReactorContextTestExecutionListener@16a91395, org.springframework.boot.test.autoconfigure.restdocs.RestDocsTestExecutionListener@7693bb83, org.springframework.boot.test.autoconfigure.web.client.MockRestServiceServerResetTestExecutionListener@106526af, org.springframework.boot.test.autoconfigure.web.servlet.MockMvcPrintOnlyOnFailureTestExecutionListener@64154aa, org.springframework.boot.test.autoconfigure.web.servlet.WebDriverTestExecutionListener@582ada4c, org.springframework.boot.test.mock.mockito.ResetMocksTestExecutionListener@330e3d69]
22:34:58.096 [Test worker] DEBUG org.springframework.test.context.support.AbstractDirtiesContextTestExecutionListener - Before test class: context [DefaultTestContext@3f7365b5 testClass = UserTest, testInstance = [null], testMethod = [null], testException = [null], mergedContextConfiguration = [WebMergedContextConfiguration@6258f313 testClass = UserTest, locations = '{}', classes = '{class CSCI5308.GroupFormationTool.GroupFormationToolApplication}', contextInitializerClasses = '[]', activeProfiles = '{}', propertySourceLocations = '{}', propertySourceProperties = '{org.springframework.boot.test.context.SpringBootTestContextBootstrapper=true}', contextCustomizers = set[org.springframework.boot.test.autoconfigure.properties.PropertyMappingContextCustomizer@0, org.springframework.boot.test.autoconfigure.web.servlet.WebDriverContextCustomizerFactory$Customizer@17c8441b, org.springframework.boot.test.context.filter.ExcludeFilterContextCustomizer@5ad3243, org.springframework.boot.test.json.DuplicateJsonObjectContextCustomizerFactory$DuplicateJsonObjectContextCustomizer@153c043c, org.springframework.boot.test.mock.mockito.MockitoContextCustomizer@0, org.springframework.boot.test.web.client.TestRestTemplateContextCustomizer@58ca2359], resourceBasePath = 'src/main/webapp', contextLoader = 'org.springframework.boot.test.context.SpringBootContextLoader', parent = [null]], attributes = map['org.springframework.test.context.web.ServletTestExecutionListener.activateListener' -> true]], class annotated with @DirtiesContext [false] with mode [null].
22:34:58.131 [Test worker] DEBUG org.springframework.test.context.support.TestPropertySourceUtils - Adding inlined properties to environment: {spring.jmx.enabled=false, org.springframework.boot.test.context.SpringBootTestContextBootstrapper=true, server.port=-1}

  .   ____          _            __ _ _
 /\\ / ___'_ __ _ _(_)_ __  __ _ \ \ \ \
( ( )\___ | '_ | '_| | '_ \/ _` | \ \ \ \
 \\/  ___)| |_)| | | | | || (_| |  ) ) ) )
  '  |____| .__|_| |_|_| |_\__, | / / / /
 =========|_|==============|___/=/_/_/_/
 :: Spring Boot ::        (v2.2.4.RELEASE)

2020-07-16 22:34:58.510  INFO 16504 --- [    Test worker] C.G.AccessControlTest.UserTest           : Starting UserTest on Camp_Nou with PID 16504 (started by rudra in C:\Users\rudra\Desktop\Advanced SDC\Milestone - 3\group-formation-rudra)
2020-07-16 22:34:58.512  INFO 16504 --- [    Test worker] C.G.AccessControlTest.UserTest           : No active profile set, falling back to default profiles: default
2020-07-16 22:35:00.036  INFO 16504 --- [    Test worker] o.s.s.web.DefaultSecurityFilterChain     : Creating filter chain: Ant [pattern='/resources/**'], []
2020-07-16 22:35:00.167  INFO 16504 --- [    Test worker] o.s.s.web.DefaultSecurityFilterChain     : Creating filter chain: any request, [org.springframework.security.web.context.request.async.WebAsyncManagerIntegrationFilter@2d80d9b1, org.springframework.security.web.context.SecurityContextPersistenceFilter@353fe147, org.springframework.security.web.header.HeaderWriterFilter@4d84f599, org.springframework.security.web.csrf.CsrfFilter@4e4aadf1, org.springframework.security.web.authentication.logout.LogoutFilter@74aae858, org.springframework.security.web.authentication.UsernamePasswordAuthenticationFilter@4f58c4de, org.springframework.security.web.savedrequest.RequestCacheAwareFilter@6568dd17, org.springframework.security.web.servletapi.SecurityContextHolderAwareRequestFilter@1cd1cc37, org.springframework.security.web.authentication.AnonymousAuthenticationFilter@2e2fb0b2, org.springframework.security.web.session.SessionManagementFilter@260003ba, org.springframework.security.web.access.ExceptionTranslationFilter@36c316f6, org.springframework.security.web.access.intercept.FilterSecurityInterceptor@1937214c]
2020-07-16 22:35:00.608  INFO 16504 --- [    Test worker] o.s.s.concurrent.ThreadPoolTaskExecutor  : Initializing ExecutorService 'applicationTaskExecutor'
2020-07-16 22:35:00.732  INFO 16504 --- [    Test worker] o.s.b.a.w.s.WelcomePageHandlerMapping    : Adding welcome page template: index
2020-07-16 22:35:01.022  INFO 16504 --- [    Test worker] C.G.AccessControlTest.UserTest           : Started UserTest in 2.879 seconds (JVM running for 4.499)
]]></system-out>
  <system-err><![CDATA[]]></system-err>
</testsuite>
