<?xml version="1.0" encoding="UTF-8"?>
<testsuite name="CSCI5308.GroupFormationTool.CoursesTest.CourseUserRelationshipTest" tests="3" skipped="0" failures="0" errors="0" timestamp="2020-07-16T16:34:32" hostname="DESKTOP-U6HMV4A" time="0.142">
  <properties/>
  <testcase name="userHasRoleInCourse()" classname="CSCI5308.GroupFormationTool.CoursesTest.CourseUserRelationshipTest" time="0.133"/>
  <testcase name="enrollUserInCourse()" classname="CSCI5308.GroupFormationTool.CoursesTest.CourseUserRelationshipTest" time="0.003"/>
  <testcase name="loadAllRoluesForUserInCourse()" classname="CSCI5308.GroupFormationTool.CoursesTest.CourseUserRelationshipTest" time="0.003"/>
  <system-out><![CDATA[2020-07-16 13:34:31.989  INFO 12608 --- [    Test worker] .b.t.c.SpringBootTestContextBootstrapper : Neither @ContextConfiguration nor @ContextHierarchy found for test class [CSCI5308.GroupFormationTool.CoursesTest.CourseUserRelationshipTest], using SpringBootContextLoader
2020-07-16 13:34:31.991  INFO 12608 --- [    Test worker] o.s.t.c.support.AbstractContextLoader    : Could not detect default resource locations for test class [CSCI5308.GroupFormationTool.CoursesTest.CourseUserRelationshipTest]: no resource found for suffixes {-context.xml, Context.groovy}.
2020-07-16 13:34:31.994  INFO 12608 --- [    Test worker] t.c.s.AnnotationConfigContextLoaderUtils : Could not detect default configuration classes for test class [CSCI5308.GroupFormationTool.CoursesTest.CourseUserRelationshipTest]: CourseUserRelationshipTest does not declare any static, non-private, non-final, nested classes annotated with @Configuration.
2020-07-16 13:34:31.996  INFO 12608 --- [    Test worker] .b.t.c.SpringBootTestContextBootstrapper : Found @SpringBootConfiguration CSCI5308.GroupFormationTool.GroupFormationToolApplication for test class CSCI5308.GroupFormationTool.CoursesTest.CourseUserRelationshipTest
2020-07-16 13:34:32.003  INFO 12608 --- [    Test worker] .b.t.c.SpringBootTestContextBootstrapper : Loaded default TestExecutionListener class names from location [META-INF/spring.factories]: [org.springframework.security.test.context.support.WithSecurityContextTestExecutionListener, org.springframework.security.test.context.support.ReactorContextTestExecutionListener, org.springframework.boot.test.autoconfigure.restdocs.RestDocsTestExecutionListener, org.springframework.boot.test.autoconfigure.web.client.MockRestServiceServerResetTestExecutionListener, org.springframework.boot.test.autoconfigure.web.servlet.MockMvcPrintOnlyOnFailureTestExecutionListener, org.springframework.boot.test.autoconfigure.web.servlet.WebDriverTestExecutionListener, org.springframework.boot.test.mock.mockito.MockitoTestExecutionListener, org.springframework.boot.test.mock.mockito.ResetMocksTestExecutionListener, org.springframework.test.context.web.ServletTestExecutionListener, org.springframework.test.context.support.DirtiesContextBeforeModesTestExecutionListener, org.springframework.test.context.support.DependencyInjectionTestExecutionListener, org.springframework.test.context.support.DirtiesContextTestExecutionListener, org.springframework.test.context.transaction.TransactionalTestExecutionListener, org.springframework.test.context.jdbc.SqlScriptsTestExecutionListener, org.springframework.test.context.event.EventPublishingTestExecutionListener]
2020-07-16 13:34:32.007  INFO 12608 --- [    Test worker] .b.t.c.SpringBootTestContextBootstrapper : Using TestExecutionListeners: [org.springframework.test.context.web.ServletTestExecutionListener@317a5, org.springframework.test.context.support.DirtiesContextBeforeModesTestExecutionListener@5112d189, org.springframework.boot.test.mock.mockito.MockitoTestExecutionListener@62f35ed1, org.springframework.boot.test.autoconfigure.SpringBootDependencyInjectionTestExecutionListener@4486c1d7, org.springframework.test.context.support.DirtiesContextTestExecutionListener@5ca058dd, org.springframework.security.test.context.support.WithSecurityContextTestExecutionListener@1bf95459, org.springframework.test.context.event.EventPublishingTestExecutionListener@63849421, org.springframework.security.test.context.support.ReactorContextTestExecutionListener@11fe79ff, org.springframework.boot.test.autoconfigure.restdocs.RestDocsTestExecutionListener@4fc6adad, org.springframework.boot.test.autoconfigure.web.client.MockRestServiceServerResetTestExecutionListener@1ecc6390, org.springframework.boot.test.autoconfigure.web.servlet.MockMvcPrintOnlyOnFailureTestExecutionListener@592ed9f4, org.springframework.boot.test.autoconfigure.web.servlet.WebDriverTestExecutionListener@3bfd72af, org.springframework.boot.test.mock.mockito.ResetMocksTestExecutionListener@412c1bb8]
]]></system-out>
  <system-err><![CDATA[]]></system-err>
</testsuite>
