<?xml version="1.0" encoding="UTF-8"?>
<testsuite name="CSCI5308.GroupFormationTool.SecurityTest.DefaultPasswordPoliciesTest" tests="7" skipped="0" failures="0" errors="0" timestamp="2020-07-17T03:33:01" hostname="DESKTOP-U6HMV4A" time="0.043">
  <properties/>
  <testcase name="passwordCheckHistory()" classname="CSCI5308.GroupFormationTool.SecurityTest.DefaultPasswordPoliciesTest" time="0.005"/>
  <testcase name="passwordCheckMinSpecialCharacter()" classname="CSCI5308.GroupFormationTool.SecurityTest.DefaultPasswordPoliciesTest" time="0.009"/>
  <testcase name="passwordCheckMaxLength()" classname="CSCI5308.GroupFormationTool.SecurityTest.DefaultPasswordPoliciesTest" time="0.005"/>
  <testcase name="passwordCheckMinLowercaseCharacter()" classname="CSCI5308.GroupFormationTool.SecurityTest.DefaultPasswordPoliciesTest" time="0.003"/>
  <testcase name="passwordCheckMinUppercaseCharacter()" classname="CSCI5308.GroupFormationTool.SecurityTest.DefaultPasswordPoliciesTest" time="0.004"/>
  <testcase name="passwordCheckMinLength()" classname="CSCI5308.GroupFormationTool.SecurityTest.DefaultPasswordPoliciesTest" time="0.003"/>
  <testcase name="passwordCheckNotAllowedCharacter()" classname="CSCI5308.GroupFormationTool.SecurityTest.DefaultPasswordPoliciesTest" time="0.005"/>
  <system-out><![CDATA[2020-07-17 00:33:01.772 [THREAD -- Test worker] [CLASS -- o.s.t.c.s.AbstractTestContextBootstrapper] INFO  org.springframework.boot.test.context.SpringBootTestContextBootstrapper - Neither @ContextConfiguration nor @ContextHierarchy found for test class [CSCI5308.GroupFormationTool.SecurityTest.DefaultPasswordPoliciesTest], using SpringBootContextLoader
2020-07-17 00:33:01.773 [THREAD -- Test worker] [CLASS -- o.s.t.c.s.AbstractContextLoader] INFO  org.springframework.test.context.support.AbstractContextLoader - Could not detect default resource locations for test class [CSCI5308.GroupFormationTool.SecurityTest.DefaultPasswordPoliciesTest]: no resource found for suffixes {-context.xml, Context.groovy}.
2020-07-17 00:33:01.774 [THREAD -- Test worker] [CLASS -- o.s.t.c.s.AnnotationConfigContextLoaderUtils] INFO  org.springframework.test.context.support.AnnotationConfigContextLoaderUtils - Could not detect default configuration classes for test class [CSCI5308.GroupFormationTool.SecurityTest.DefaultPasswordPoliciesTest]: DefaultPasswordPoliciesTest does not declare any static, non-private, non-final, nested classes annotated with @Configuration.
2020-07-17 00:33:01.780 [THREAD -- Test worker] [CLASS -- o.s.b.t.c.SpringBootTestContextBootstrapper] INFO  org.springframework.boot.test.context.SpringBootTestContextBootstrapper - Found @SpringBootConfiguration CSCI5308.GroupFormationTool.GroupFormationToolApplication for test class CSCI5308.GroupFormationTool.SecurityTest.DefaultPasswordPoliciesTest
2020-07-17 00:33:01.783 [THREAD -- Test worker] [CLASS -- o.s.t.c.s.AbstractTestContextBootstrapper] INFO  org.springframework.boot.test.context.SpringBootTestContextBootstrapper - Loaded default TestExecutionListener class names from location [META-INF/spring.factories]: [org.springframework.security.test.context.support.WithSecurityContextTestExecutionListener, org.springframework.security.test.context.support.ReactorContextTestExecutionListener, org.springframework.boot.test.autoconfigure.restdocs.RestDocsTestExecutionListener, org.springframework.boot.test.autoconfigure.web.client.MockRestServiceServerResetTestExecutionListener, org.springframework.boot.test.autoconfigure.web.servlet.MockMvcPrintOnlyOnFailureTestExecutionListener, org.springframework.boot.test.autoconfigure.web.servlet.WebDriverTestExecutionListener, org.springframework.boot.test.mock.mockito.MockitoTestExecutionListener, org.springframework.boot.test.mock.mockito.ResetMocksTestExecutionListener, org.springframework.test.context.web.ServletTestExecutionListener, org.springframework.test.context.support.DirtiesContextBeforeModesTestExecutionListener, org.springframework.test.context.support.DependencyInjectionTestExecutionListener, org.springframework.test.context.support.DirtiesContextTestExecutionListener, org.springframework.test.context.transaction.TransactionalTestExecutionListener, org.springframework.test.context.jdbc.SqlScriptsTestExecutionListener, org.springframework.test.context.event.EventPublishingTestExecutionListener]
2020-07-17 00:33:01.785 [THREAD -- Test worker] [CLASS -- o.s.t.c.s.AbstractTestContextBootstrapper] INFO  org.springframework.boot.test.context.SpringBootTestContextBootstrapper - Using TestExecutionListeners: [org.springframework.test.context.web.ServletTestExecutionListener@587a8923, org.springframework.test.context.support.DirtiesContextBeforeModesTestExecutionListener@e6169b8, org.springframework.boot.test.mock.mockito.MockitoTestExecutionListener@689c5ddc, org.springframework.boot.test.autoconfigure.SpringBootDependencyInjectionTestExecutionListener@3588ce27, org.springframework.test.context.support.DirtiesContextTestExecutionListener@39376a24, org.springframework.security.test.context.support.WithSecurityContextTestExecutionListener@3c9ef813, org.springframework.test.context.event.EventPublishingTestExecutionListener@36e630e1, org.springframework.security.test.context.support.ReactorContextTestExecutionListener@456c39ec, org.springframework.boot.test.autoconfigure.restdocs.RestDocsTestExecutionListener@47081d2f, org.springframework.boot.test.autoconfigure.web.client.MockRestServiceServerResetTestExecutionListener@c9d2bbd, org.springframework.boot.test.autoconfigure.web.servlet.MockMvcPrintOnlyOnFailureTestExecutionListener@bfb63f7, org.springframework.boot.test.autoconfigure.web.servlet.WebDriverTestExecutionListener@2f7c883d, org.springframework.boot.test.mock.mockito.ResetMocksTestExecutionListener@289a1998]
2020-07-17 00:33:01.797 [THREAD -- Test worker] [CLASS -- C.G.S.DefaultPasswordPolicies] INFO  CSCI5308.GroupFormationTool.GroupFormationToolApplication - Password Check MinSpecialCharacter
false
false
false
false
true
false
false
true
false
false
true
false
false
false
true
false
true
false
false
false
false
false
false
2020-07-17 00:33:01.807 [THREAD -- Test worker] [CLASS -- C.G.S.DefaultPasswordPolicies] INFO  CSCI5308.GroupFormationTool.GroupFormationToolApplication - Password Check MaxLength
2020-07-17 00:33:01.812 [THREAD -- Test worker] [CLASS -- C.G.S.DefaultPasswordPolicies] INFO  CSCI5308.GroupFormationTool.GroupFormationToolApplication - Password Check MinLowercaseCharacter
2020-07-17 00:33:01.817 [THREAD -- Test worker] [CLASS -- C.G.S.DefaultPasswordPolicies] INFO  CSCI5308.GroupFormationTool.GroupFormationToolApplication - Password Check MinUppercaseCharacter
2020-07-17 00:33:01.822 [THREAD -- Test worker] [CLASS -- C.G.S.DefaultPasswordPolicies] INFO  CSCI5308.GroupFormationTool.GroupFormationToolApplication - Password Check MinLength
2020-07-17 00:33:01.829 [THREAD -- Test worker] [CLASS -- C.G.S.DefaultPasswordPolicies] INFO  CSCI5308.GroupFormationTool.GroupFormationToolApplication - Password Check MinSpecialCharacter
[#, !, @]
]]></system-out>
  <system-err><![CDATA[]]></system-err>
</testsuite>
