<?xml version="1.0" encoding="UTF-8"?>
<testsuite name="CSCI5308.GroupFormationTool.CoursesTest.CourseUserRelationshipTest" tests="3" skipped="0" failures="0" errors="0" timestamp="2020-06-18T14:28:50" hostname="Camp_Nou" time="0.137">
  <properties/>
  <testcase name="userHasRoleInCourse()" classname="CSCI5308.GroupFormationTool.CoursesTest.CourseUserRelationshipTest" time="0.126"/>
  <testcase name="enrollUserInCourse()" classname="CSCI5308.GroupFormationTool.CoursesTest.CourseUserRelationshipTest" time="0.005"/>
  <testcase name="loadAllRoluesForUserInCourse()" classname="CSCI5308.GroupFormationTool.CoursesTest.CourseUserRelationshipTest" time="0.004"/>
  <system-out><![CDATA[2020-06-18 11:28:50.570  INFO 13852 --- [    Test worker] .b.t.c.SpringBootTestContextBootstrapper : Neither @ContextConfiguration nor @ContextHierarchy found for test class [CSCI5308.GroupFormationTool.CoursesTest.CourseUserRelationshipTest], using SpringBootContextLoader
2020-06-18 11:28:50.574  INFO 13852 --- [    Test worker] o.s.t.c.support.AbstractContextLoader    : Could not detect default resource locations for test class [CSCI5308.GroupFormationTool.CoursesTest.CourseUserRelationshipTest]: no resource found for suffixes {-context.xml, Context.groovy}.
2020-06-18 11:28:50.574  INFO 13852 --- [    Test worker] t.c.s.AnnotationConfigContextLoaderUtils : Could not detect default configuration classes for test class [CSCI5308.GroupFormationTool.CoursesTest.CourseUserRelationshipTest]: CourseUserRelationshipTest does not declare any static, non-private, non-final, nested classes annotated with @Configuration.
2020-06-18 11:28:50.577  INFO 13852 --- [    Test worker] .b.t.c.SpringBootTestContextBootstrapper : Found @SpringBootConfiguration CSCI5308.GroupFormationTool.GroupFormationToolApplication for test class CSCI5308.GroupFormationTool.CoursesTest.CourseUserRelationshipTest
2020-06-18 11:28:50.580  INFO 13852 --- [    Test worker] .b.t.c.SpringBootTestContextBootstrapper : Loaded default TestExecutionListener class names from location [META-INF/spring.factories]: [org.springframework.security.test.context.support.WithSecurityContextTestExecutionListener, org.springframework.security.test.context.support.ReactorContextTestExecutionListener, org.springframework.boot.test.autoconfigure.restdocs.RestDocsTestExecutionListener, org.springframework.boot.test.autoconfigure.web.client.MockRestServiceServerResetTestExecutionListener, org.springframework.boot.test.autoconfigure.web.servlet.MockMvcPrintOnlyOnFailureTestExecutionListener, org.springframework.boot.test.autoconfigure.web.servlet.WebDriverTestExecutionListener, org.springframework.boot.test.mock.mockito.MockitoTestExecutionListener, org.springframework.boot.test.mock.mockito.ResetMocksTestExecutionListener, org.springframework.test.context.web.ServletTestExecutionListener, org.springframework.test.context.support.DirtiesContextBeforeModesTestExecutionListener, org.springframework.test.context.support.DependencyInjectionTestExecutionListener, org.springframework.test.context.support.DirtiesContextTestExecutionListener, org.springframework.test.context.transaction.TransactionalTestExecutionListener, org.springframework.test.context.jdbc.SqlScriptsTestExecutionListener, org.springframework.test.context.event.EventPublishingTestExecutionListener]
2020-06-18 11:28:50.585  INFO 13852 --- [    Test worker] .b.t.c.SpringBootTestContextBootstrapper : Using TestExecutionListeners: [org.springframework.test.context.web.ServletTestExecutionListener@72370a8e, org.springframework.test.context.support.DirtiesContextBeforeModesTestExecutionListener@229aeaad, org.springframework.boot.test.mock.mockito.MockitoTestExecutionListener@475e03c4, org.springframework.boot.test.autoconfigure.SpringBootDependencyInjectionTestExecutionListener@44501a5c, org.springframework.test.context.support.DirtiesContextTestExecutionListener@e791b22, org.springframework.security.test.context.support.WithSecurityContextTestExecutionListener@7bc347c2, org.springframework.test.context.event.EventPublishingTestExecutionListener@4c343b5d, org.springframework.security.test.context.support.ReactorContextTestExecutionListener@8f24a7d, org.springframework.boot.test.autoconfigure.restdocs.RestDocsTestExecutionListener@4e14e04a, org.springframework.boot.test.autoconfigure.web.client.MockRestServiceServerResetTestExecutionListener@2f08431d, org.springframework.boot.test.autoconfigure.web.servlet.MockMvcPrintOnlyOnFailureTestExecutionListener@420b6b72, org.springframework.boot.test.autoconfigure.web.servlet.WebDriverTestExecutionListener@583060ec, org.springframework.boot.test.mock.mockito.ResetMocksTestExecutionListener@31cfdd10]
]]></system-out>
  <system-err><![CDATA[]]></system-err>
</testsuite>
