<?xml version="1.0" encoding="UTF-8"?>
<testsuite name="CSCI5308.GroupFormationTool.CoursesTest.StudentCSVParserTest" tests="1" skipped="0" failures="0" errors="0" timestamp="2020-06-19T01:48:41" hostname="Camp_Nou" time="0.003">
  <properties/>
  <testcase name="parseCSVFile()" classname="CSCI5308.GroupFormationTool.CoursesTest.StudentCSVParserTest" time="0.003"/>
  <system-out><![CDATA[2020-06-18 22:48:41.519  INFO 14380 --- [    Test worker] .b.t.c.SpringBootTestContextBootstrapper : Neither @ContextConfiguration nor @ContextHierarchy found for test class [CSCI5308.GroupFormationTool.CoursesTest.StudentCSVParserTest], using SpringBootContextLoader
2020-06-18 22:48:41.521  INFO 14380 --- [    Test worker] o.s.t.c.support.AbstractContextLoader    : Could not detect default resource locations for test class [CSCI5308.GroupFormationTool.CoursesTest.StudentCSVParserTest]: no resource found for suffixes {-context.xml, Context.groovy}.
2020-06-18 22:48:41.521  INFO 14380 --- [    Test worker] t.c.s.AnnotationConfigContextLoaderUtils : Could not detect default configuration classes for test class [CSCI5308.GroupFormationTool.CoursesTest.StudentCSVParserTest]: StudentCSVParserTest does not declare any static, non-private, non-final, nested classes annotated with @Configuration.
2020-06-18 22:48:41.523  INFO 14380 --- [    Test worker] .b.t.c.SpringBootTestContextBootstrapper : Found @SpringBootConfiguration CSCI5308.GroupFormationTool.GroupFormationToolApplication for test class CSCI5308.GroupFormationTool.CoursesTest.StudentCSVParserTest
2020-06-18 22:48:41.525  INFO 14380 --- [    Test worker] .b.t.c.SpringBootTestContextBootstrapper : Loaded default TestExecutionListener class names from location [META-INF/spring.factories]: [org.springframework.security.test.context.support.WithSecurityContextTestExecutionListener, org.springframework.security.test.context.support.ReactorContextTestExecutionListener, org.springframework.boot.test.autoconfigure.restdocs.RestDocsTestExecutionListener, org.springframework.boot.test.autoconfigure.web.client.MockRestServiceServerResetTestExecutionListener, org.springframework.boot.test.autoconfigure.web.servlet.MockMvcPrintOnlyOnFailureTestExecutionListener, org.springframework.boot.test.autoconfigure.web.servlet.WebDriverTestExecutionListener, org.springframework.boot.test.mock.mockito.MockitoTestExecutionListener, org.springframework.boot.test.mock.mockito.ResetMocksTestExecutionListener, org.springframework.test.context.web.ServletTestExecutionListener, org.springframework.test.context.support.DirtiesContextBeforeModesTestExecutionListener, org.springframework.test.context.support.DependencyInjectionTestExecutionListener, org.springframework.test.context.support.DirtiesContextTestExecutionListener, org.springframework.test.context.transaction.TransactionalTestExecutionListener, org.springframework.test.context.jdbc.SqlScriptsTestExecutionListener, org.springframework.test.context.event.EventPublishingTestExecutionListener]
2020-06-18 22:48:41.528  INFO 14380 --- [    Test worker] .b.t.c.SpringBootTestContextBootstrapper : Using TestExecutionListeners: [org.springframework.test.context.web.ServletTestExecutionListener@fba0c4c, org.springframework.test.context.support.DirtiesContextBeforeModesTestExecutionListener@54a88c13, org.springframework.boot.test.mock.mockito.MockitoTestExecutionListener@782e9580, org.springframework.boot.test.autoconfigure.SpringBootDependencyInjectionTestExecutionListener@74469717, org.springframework.test.context.support.DirtiesContextTestExecutionListener@2bc13dbf, org.springframework.security.test.context.support.WithSecurityContextTestExecutionListener@3b19f4c0, org.springframework.test.context.event.EventPublishingTestExecutionListener@3717f4b6, org.springframework.security.test.context.support.ReactorContextTestExecutionListener@7729236c, org.springframework.boot.test.autoconfigure.restdocs.RestDocsTestExecutionListener@55a7d4f3, org.springframework.boot.test.autoconfigure.web.client.MockRestServiceServerResetTestExecutionListener@216c9573, org.springframework.boot.test.autoconfigure.web.servlet.MockMvcPrintOnlyOnFailureTestExecutionListener@295667ac, org.springframework.boot.test.autoconfigure.web.servlet.WebDriverTestExecutionListener@17da03a9, org.springframework.boot.test.mock.mockito.ResetMocksTestExecutionListener@7cb14ded]
]]></system-out>
  <system-err><![CDATA[]]></system-err>
</testsuite>
