<?xml version="1.0" encoding="UTF-8"?>
<testsuite name="CSCI5308.GroupFormationTool.CoursesTest.CourseUserRelationshipTest" tests="3" skipped="0" failures="0" errors="0" timestamp="2020-07-17T04:20:11" hostname="DESKTOP-U6HMV4A" time="0.107">
  <properties/>
  <testcase name="userHasRoleInCourse()" classname="CSCI5308.GroupFormationTool.CoursesTest.CourseUserRelationshipTest" time="0.095"/>
  <testcase name="enrollUserInCourse()" classname="CSCI5308.GroupFormationTool.CoursesTest.CourseUserRelationshipTest" time="0.005"/>
  <testcase name="loadAllRoluesForUserInCourse()" classname="CSCI5308.GroupFormationTool.CoursesTest.CourseUserRelationshipTest" time="0.005"/>
  <system-out><![CDATA[2020-07-17 01:20:11.781 [THREAD -- Test worker] [CLASS -- o.s.t.c.s.AbstractTestContextBootstrapper] INFO  org.springframework.boot.test.context.SpringBootTestContextBootstrapper - Neither @ContextConfiguration nor @ContextHierarchy found for test class [CSCI5308.GroupFormationTool.CoursesTest.CourseUserRelationshipTest], using SpringBootContextLoader
2020-07-17 01:20:11.782 [THREAD -- Test worker] [CLASS -- o.s.t.c.s.AbstractContextLoader] INFO  org.springframework.test.context.support.AbstractContextLoader - Could not detect default resource locations for test class [CSCI5308.GroupFormationTool.CoursesTest.CourseUserRelationshipTest]: no resource found for suffixes {-context.xml, Context.groovy}.
2020-07-17 01:20:11.783 [THREAD -- Test worker] [CLASS -- o.s.t.c.s.AnnotationConfigContextLoaderUtils] INFO  org.springframework.test.context.support.AnnotationConfigContextLoaderUtils - Could not detect default configuration classes for test class [CSCI5308.GroupFormationTool.CoursesTest.CourseUserRelationshipTest]: CourseUserRelationshipTest does not declare any static, non-private, non-final, nested classes annotated with @Configuration.
2020-07-17 01:20:11.785 [THREAD -- Test worker] [CLASS -- o.s.b.t.c.SpringBootTestContextBootstrapper] INFO  org.springframework.boot.test.context.SpringBootTestContextBootstrapper - Found @SpringBootConfiguration CSCI5308.GroupFormationTool.GroupFormationToolApplication for test class CSCI5308.GroupFormationTool.CoursesTest.CourseUserRelationshipTest
2020-07-17 01:20:11.789 [THREAD -- Test worker] [CLASS -- o.s.t.c.s.AbstractTestContextBootstrapper] INFO  org.springframework.boot.test.context.SpringBootTestContextBootstrapper - Loaded default TestExecutionListener class names from location [META-INF/spring.factories]: [org.springframework.security.test.context.support.WithSecurityContextTestExecutionListener, org.springframework.security.test.context.support.ReactorContextTestExecutionListener, org.springframework.boot.test.autoconfigure.restdocs.RestDocsTestExecutionListener, org.springframework.boot.test.autoconfigure.web.client.MockRestServiceServerResetTestExecutionListener, org.springframework.boot.test.autoconfigure.web.servlet.MockMvcPrintOnlyOnFailureTestExecutionListener, org.springframework.boot.test.autoconfigure.web.servlet.WebDriverTestExecutionListener, org.springframework.boot.test.mock.mockito.MockitoTestExecutionListener, org.springframework.boot.test.mock.mockito.ResetMocksTestExecutionListener, org.springframework.test.context.web.ServletTestExecutionListener, org.springframework.test.context.support.DirtiesContextBeforeModesTestExecutionListener, org.springframework.test.context.support.DependencyInjectionTestExecutionListener, org.springframework.test.context.support.DirtiesContextTestExecutionListener, org.springframework.test.context.transaction.TransactionalTestExecutionListener, org.springframework.test.context.jdbc.SqlScriptsTestExecutionListener, org.springframework.test.context.event.EventPublishingTestExecutionListener]
2020-07-17 01:20:11.791 [THREAD -- Test worker] [CLASS -- o.s.t.c.s.AbstractTestContextBootstrapper] INFO  org.springframework.boot.test.context.SpringBootTestContextBootstrapper - Using TestExecutionListeners: [org.springframework.test.context.web.ServletTestExecutionListener@2bc448eb, org.springframework.test.context.support.DirtiesContextBeforeModesTestExecutionListener@6bbe99a6, org.springframework.boot.test.mock.mockito.MockitoTestExecutionListener@4c432593, org.springframework.boot.test.autoconfigure.SpringBootDependencyInjectionTestExecutionListener@2ab6af4a, org.springframework.test.context.support.DirtiesContextTestExecutionListener@23bc39e7, org.springframework.security.test.context.support.WithSecurityContextTestExecutionListener@3cd0f79f, org.springframework.test.context.event.EventPublishingTestExecutionListener@69ea322b, org.springframework.security.test.context.support.ReactorContextTestExecutionListener@76b91ca3, org.springframework.boot.test.autoconfigure.restdocs.RestDocsTestExecutionListener@34886092, org.springframework.boot.test.autoconfigure.web.client.MockRestServiceServerResetTestExecutionListener@fdf0593, org.springframework.boot.test.autoconfigure.web.servlet.MockMvcPrintOnlyOnFailureTestExecutionListener@371c1529, org.springframework.boot.test.autoconfigure.web.servlet.WebDriverTestExecutionListener@9fe5b6d, org.springframework.boot.test.mock.mockito.ResetMocksTestExecutionListener@7e052630]
2020-07-17 01:20:11.795 [THREAD -- Test worker] [CLASS -- C.G.A.User] INFO  CSCI5308.GroupFormationTool.GroupFormationToolApplication - setting Defaults to User
2020-07-17 01:20:11.891 [THREAD -- Test worker] [CLASS -- C.G.A.User] INFO  CSCI5308.GroupFormationTool.GroupFormationToolApplication - setting Defaults to User
2020-07-17 01:20:11.898 [THREAD -- Test worker] [CLASS -- C.G.A.User] INFO  CSCI5308.GroupFormationTool.GroupFormationToolApplication - setting Defaults to User
]]></system-out>
  <system-err><![CDATA[]]></system-err>
</testsuite>
