<?xml version="1.0" encoding="UTF-8"?>
<testsuite name="CSCI5308.GroupFormationTool.CoursesTest.StudentCSVImportTest" tests="3" skipped="0" failures="0" errors="0" timestamp="2020-07-17T04:20:11" hostname="DESKTOP-U6HMV4A" time="0.028">
  <properties/>
  <testcase name="getFailureResults()" classname="CSCI5308.GroupFormationTool.CoursesTest.StudentCSVImportTest" time="0.004"/>
  <testcase name="getSuccessResults()" classname="CSCI5308.GroupFormationTool.CoursesTest.StudentCSVImportTest" time="0.002"/>
  <testcase name="enrollStudentFromRecord()" classname="CSCI5308.GroupFormationTool.CoursesTest.StudentCSVImportTest" time="0.02"/>
  <system-out><![CDATA[2020-07-17 01:20:11.904 [THREAD -- Test worker] [CLASS -- o.s.t.c.s.AbstractTestContextBootstrapper] INFO  org.springframework.boot.test.context.SpringBootTestContextBootstrapper - Neither @ContextConfiguration nor @ContextHierarchy found for test class [CSCI5308.GroupFormationTool.CoursesTest.StudentCSVImportTest], using SpringBootContextLoader
2020-07-17 01:20:11.908 [THREAD -- Test worker] [CLASS -- o.s.t.c.s.AbstractContextLoader] INFO  org.springframework.test.context.support.AbstractContextLoader - Could not detect default resource locations for test class [CSCI5308.GroupFormationTool.CoursesTest.StudentCSVImportTest]: no resource found for suffixes {-context.xml, Context.groovy}.
2020-07-17 01:20:11.909 [THREAD -- Test worker] [CLASS -- o.s.t.c.s.AnnotationConfigContextLoaderUtils] INFO  org.springframework.test.context.support.AnnotationConfigContextLoaderUtils - Could not detect default configuration classes for test class [CSCI5308.GroupFormationTool.CoursesTest.StudentCSVImportTest]: StudentCSVImportTest does not declare any static, non-private, non-final, nested classes annotated with @Configuration.
2020-07-17 01:20:11.912 [THREAD -- Test worker] [CLASS -- o.s.b.t.c.SpringBootTestContextBootstrapper] INFO  org.springframework.boot.test.context.SpringBootTestContextBootstrapper - Found @SpringBootConfiguration CSCI5308.GroupFormationTool.GroupFormationToolApplication for test class CSCI5308.GroupFormationTool.CoursesTest.StudentCSVImportTest
2020-07-17 01:20:11.920 [THREAD -- Test worker] [CLASS -- o.s.t.c.s.AbstractTestContextBootstrapper] INFO  org.springframework.boot.test.context.SpringBootTestContextBootstrapper - Loaded default TestExecutionListener class names from location [META-INF/spring.factories]: [org.springframework.security.test.context.support.WithSecurityContextTestExecutionListener, org.springframework.security.test.context.support.ReactorContextTestExecutionListener, org.springframework.boot.test.autoconfigure.restdocs.RestDocsTestExecutionListener, org.springframework.boot.test.autoconfigure.web.client.MockRestServiceServerResetTestExecutionListener, org.springframework.boot.test.autoconfigure.web.servlet.MockMvcPrintOnlyOnFailureTestExecutionListener, org.springframework.boot.test.autoconfigure.web.servlet.WebDriverTestExecutionListener, org.springframework.boot.test.mock.mockito.MockitoTestExecutionListener, org.springframework.boot.test.mock.mockito.ResetMocksTestExecutionListener, org.springframework.test.context.web.ServletTestExecutionListener, org.springframework.test.context.support.DirtiesContextBeforeModesTestExecutionListener, org.springframework.test.context.support.DependencyInjectionTestExecutionListener, org.springframework.test.context.support.DirtiesContextTestExecutionListener, org.springframework.test.context.transaction.TransactionalTestExecutionListener, org.springframework.test.context.jdbc.SqlScriptsTestExecutionListener, org.springframework.test.context.event.EventPublishingTestExecutionListener]
2020-07-17 01:20:11.924 [THREAD -- Test worker] [CLASS -- o.s.t.c.s.AbstractTestContextBootstrapper] INFO  org.springframework.boot.test.context.SpringBootTestContextBootstrapper - Using TestExecutionListeners: [org.springframework.test.context.web.ServletTestExecutionListener@939b005, org.springframework.test.context.support.DirtiesContextBeforeModesTestExecutionListener@6c97f55a, org.springframework.boot.test.mock.mockito.MockitoTestExecutionListener@45936e79, org.springframework.boot.test.autoconfigure.SpringBootDependencyInjectionTestExecutionListener@32871f50, org.springframework.test.context.support.DirtiesContextTestExecutionListener@76fa389d, org.springframework.security.test.context.support.WithSecurityContextTestExecutionListener@25143e3d, org.springframework.test.context.event.EventPublishingTestExecutionListener@7b2a7c40, org.springframework.security.test.context.support.ReactorContextTestExecutionListener@715d81ea, org.springframework.boot.test.autoconfigure.restdocs.RestDocsTestExecutionListener@5644718c, org.springframework.boot.test.autoconfigure.web.client.MockRestServiceServerResetTestExecutionListener@522558af, org.springframework.boot.test.autoconfigure.web.servlet.MockMvcPrintOnlyOnFailureTestExecutionListener@7a45e6d7, org.springframework.boot.test.autoconfigure.web.servlet.WebDriverTestExecutionListener@670a7aa4, org.springframework.boot.test.mock.mockito.ResetMocksTestExecutionListener@1237bfd8]
2020-07-17 01:20:11.939 [THREAD -- Test worker] [CLASS -- C.G.A.User] INFO  CSCI5308.GroupFormationTool.GroupFormationToolApplication - setting Defaults to User
2020-07-17 01:20:11.940 [THREAD -- Test worker] [CLASS -- C.G.A.User] INFO  CSCI5308.GroupFormationTool.GroupFormationToolApplication - Creating new User
2020-07-17 01:20:11.941 [THREAD -- Test worker] [CLASS -- C.G.A.User] ERROR CSCI5308.GroupFormationTool.GroupFormationToolApplication - New User Creation failed
2020-07-17 01:20:11.942 [THREAD -- Test worker] [CLASS -- C.G.D.CallStoredProcedure] INFO  CSCI5308.GroupFormationTool.GroupFormationToolApplication - In Constructor
2020-07-17 01:20:11.942 [THREAD -- Test worker] [CLASS -- C.G.D.ConnectionManager] INFO  CSCI5308.GroupFormationTool.GroupFormationToolApplication - In default Constructor
]]></system-out>
  <system-err><![CDATA[]]></system-err>
</testsuite>
