<?xml version="1.0" encoding="UTF-8"?>
<testsuite name="CSCI5308.GroupFormationTool.CoursesTest.CourseTest" tests="7" skipped="0" failures="0" errors="0" timestamp="2020-07-17T03:32:59" hostname="DESKTOP-U6HMV4A" time="0.03">
  <properties/>
  <testcase name="getTitleTest()" classname="CSCI5308.GroupFormationTool.CoursesTest.CourseTest" time="0.004"/>
  <testcase name="ConstructorTests()" classname="CSCI5308.GroupFormationTool.CoursesTest.CourseTest" time="0.003"/>
  <testcase name="setTitleTest()" classname="CSCI5308.GroupFormationTool.CoursesTest.CourseTest" time="0.002"/>
  <testcase name="createCourseTest()" classname="CSCI5308.GroupFormationTool.CoursesTest.CourseTest" time="0.004"/>
  <testcase name="setIdTest()" classname="CSCI5308.GroupFormationTool.CoursesTest.CourseTest" time="0.003"/>
  <testcase name="getIdTest()" classname="CSCI5308.GroupFormationTool.CoursesTest.CourseTest" time="0.003"/>
  <testcase name="deleteCourseTest()" classname="CSCI5308.GroupFormationTool.CoursesTest.CourseTest" time="0.003"/>
  <system-out><![CDATA[2020-07-17 00:32:59.698 [THREAD -- Test worker] [CLASS -- o.s.t.c.s.AbstractTestContextBootstrapper] INFO  org.springframework.boot.test.context.SpringBootTestContextBootstrapper - Neither @ContextConfiguration nor @ContextHierarchy found for test class [CSCI5308.GroupFormationTool.CoursesTest.CourseTest], using SpringBootContextLoader
2020-07-17 00:32:59.701 [THREAD -- Test worker] [CLASS -- o.s.t.c.s.AbstractContextLoader] INFO  org.springframework.test.context.support.AbstractContextLoader - Could not detect default resource locations for test class [CSCI5308.GroupFormationTool.CoursesTest.CourseTest]: no resource found for suffixes {-context.xml, Context.groovy}.
2020-07-17 00:32:59.702 [THREAD -- Test worker] [CLASS -- o.s.t.c.s.AnnotationConfigContextLoaderUtils] INFO  org.springframework.test.context.support.AnnotationConfigContextLoaderUtils - Could not detect default configuration classes for test class [CSCI5308.GroupFormationTool.CoursesTest.CourseTest]: CourseTest does not declare any static, non-private, non-final, nested classes annotated with @Configuration.
2020-07-17 00:32:59.710 [THREAD -- Test worker] [CLASS -- o.s.b.t.c.SpringBootTestContextBootstrapper] INFO  org.springframework.boot.test.context.SpringBootTestContextBootstrapper - Found @SpringBootConfiguration CSCI5308.GroupFormationTool.GroupFormationToolApplication for test class CSCI5308.GroupFormationTool.CoursesTest.CourseTest
2020-07-17 00:32:59.713 [THREAD -- Test worker] [CLASS -- o.s.t.c.s.AbstractTestContextBootstrapper] INFO  org.springframework.boot.test.context.SpringBootTestContextBootstrapper - Loaded default TestExecutionListener class names from location [META-INF/spring.factories]: [org.springframework.security.test.context.support.WithSecurityContextTestExecutionListener, org.springframework.security.test.context.support.ReactorContextTestExecutionListener, org.springframework.boot.test.autoconfigure.restdocs.RestDocsTestExecutionListener, org.springframework.boot.test.autoconfigure.web.client.MockRestServiceServerResetTestExecutionListener, org.springframework.boot.test.autoconfigure.web.servlet.MockMvcPrintOnlyOnFailureTestExecutionListener, org.springframework.boot.test.autoconfigure.web.servlet.WebDriverTestExecutionListener, org.springframework.boot.test.mock.mockito.MockitoTestExecutionListener, org.springframework.boot.test.mock.mockito.ResetMocksTestExecutionListener, org.springframework.test.context.web.ServletTestExecutionListener, org.springframework.test.context.support.DirtiesContextBeforeModesTestExecutionListener, org.springframework.test.context.support.DependencyInjectionTestExecutionListener, org.springframework.test.context.support.DirtiesContextTestExecutionListener, org.springframework.test.context.transaction.TransactionalTestExecutionListener, org.springframework.test.context.jdbc.SqlScriptsTestExecutionListener, org.springframework.test.context.event.EventPublishingTestExecutionListener]
2020-07-17 00:32:59.715 [THREAD -- Test worker] [CLASS -- o.s.t.c.s.AbstractTestContextBootstrapper] INFO  org.springframework.boot.test.context.SpringBootTestContextBootstrapper - Using TestExecutionListeners: [org.springframework.test.context.web.ServletTestExecutionListener@669bbff9, org.springframework.test.context.support.DirtiesContextBeforeModesTestExecutionListener@469f4c05, org.springframework.boot.test.mock.mockito.MockitoTestExecutionListener@71bcf624, org.springframework.boot.test.autoconfigure.SpringBootDependencyInjectionTestExecutionListener@3f779fac, org.springframework.test.context.support.DirtiesContextTestExecutionListener@4288bcc, org.springframework.security.test.context.support.WithSecurityContextTestExecutionListener@386b1028, org.springframework.test.context.event.EventPublishingTestExecutionListener@2e70dcd7, org.springframework.security.test.context.support.ReactorContextTestExecutionListener@2d79bc4a, org.springframework.boot.test.autoconfigure.restdocs.RestDocsTestExecutionListener@6d4f24c2, org.springframework.boot.test.autoconfigure.web.client.MockRestServiceServerResetTestExecutionListener@d459313, org.springframework.boot.test.autoconfigure.web.servlet.MockMvcPrintOnlyOnFailureTestExecutionListener@25fb7008, org.springframework.boot.test.autoconfigure.web.servlet.WebDriverTestExecutionListener@45801311, org.springframework.boot.test.mock.mockito.ResetMocksTestExecutionListener@51fd4657]
]]></system-out>
  <system-err><![CDATA[]]></system-err>
</testsuite>
