<?xml version="1.0" encoding="UTF-8"?>
<testsuite name="CSCI5308.GroupFormationTool.QuestionsTest.QuestionTest" tests="14" skipped="0" failures="0" errors="0" timestamp="2020-07-17T03:33:01" hostname="DESKTOP-U6HMV4A" time="0.062">
  <properties/>
  <testcase name="getTitleTest()" classname="CSCI5308.GroupFormationTool.QuestionsTest.QuestionTest" time="0.004"/>
  <testcase name="getTypeIDTest()" classname="CSCI5308.GroupFormationTool.QuestionsTest.QuestionTest" time="0.002"/>
  <testcase name="setTypeIDTest()" classname="CSCI5308.GroupFormationTool.QuestionsTest.QuestionTest" time="0.002"/>
  <testcase name="MCQuestionCreationTest()" classname="CSCI5308.GroupFormationTool.QuestionsTest.QuestionTest" time="0.004"/>
  <testcase name="loadQuestionByInstIDTest()" classname="CSCI5308.GroupFormationTool.QuestionsTest.QuestionTest" time="0.004"/>
  <testcase name="setTitleTest()" classname="CSCI5308.GroupFormationTool.QuestionsTest.QuestionTest" time="0.003"/>
  <testcase name="QuestionCreationTest()" classname="CSCI5308.GroupFormationTool.QuestionsTest.QuestionTest" time="0.002"/>
  <testcase name="setIdTest()" classname="CSCI5308.GroupFormationTool.QuestionsTest.QuestionTest" time="0.005"/>
  <testcase name="getIdTest()" classname="CSCI5308.GroupFormationTool.QuestionsTest.QuestionTest" time="0.003"/>
  <testcase name="setTextTest()" classname="CSCI5308.GroupFormationTool.QuestionsTest.QuestionTest" time="0.003"/>
  <testcase name="getTextTest()" classname="CSCI5308.GroupFormationTool.QuestionsTest.QuestionTest" time="0.003"/>
  <testcase name="loadQuestionByQIDTest()" classname="CSCI5308.GroupFormationTool.QuestionsTest.QuestionTest" time="0.004"/>
  <testcase name="ConstructorTest()" classname="CSCI5308.GroupFormationTool.QuestionsTest.QuestionTest" time="0.003"/>
  <testcase name="deleteQuestionByIdTest()" classname="CSCI5308.GroupFormationTool.QuestionsTest.QuestionTest" time="0.004"/>
  <system-out><![CDATA[2020-07-17 00:33:01.691 [THREAD -- Test worker] [CLASS -- o.s.t.c.s.AbstractTestContextBootstrapper] INFO  org.springframework.boot.test.context.SpringBootTestContextBootstrapper - Neither @ContextConfiguration nor @ContextHierarchy found for test class [CSCI5308.GroupFormationTool.QuestionsTest.QuestionTest], using SpringBootContextLoader
2020-07-17 00:33:01.693 [THREAD -- Test worker] [CLASS -- o.s.t.c.s.AbstractContextLoader] INFO  org.springframework.test.context.support.AbstractContextLoader - Could not detect default resource locations for test class [CSCI5308.GroupFormationTool.QuestionsTest.QuestionTest]: no resource found for suffixes {-context.xml, Context.groovy}.
2020-07-17 00:33:01.694 [THREAD -- Test worker] [CLASS -- o.s.t.c.s.AnnotationConfigContextLoaderUtils] INFO  org.springframework.test.context.support.AnnotationConfigContextLoaderUtils - Could not detect default configuration classes for test class [CSCI5308.GroupFormationTool.QuestionsTest.QuestionTest]: QuestionTest does not declare any static, non-private, non-final, nested classes annotated with @Configuration.
2020-07-17 00:33:01.699 [THREAD -- Test worker] [CLASS -- o.s.b.t.c.SpringBootTestContextBootstrapper] INFO  org.springframework.boot.test.context.SpringBootTestContextBootstrapper - Found @SpringBootConfiguration CSCI5308.GroupFormationTool.GroupFormationToolApplication for test class CSCI5308.GroupFormationTool.QuestionsTest.QuestionTest
2020-07-17 00:33:01.701 [THREAD -- Test worker] [CLASS -- o.s.t.c.s.AbstractTestContextBootstrapper] INFO  org.springframework.boot.test.context.SpringBootTestContextBootstrapper - Loaded default TestExecutionListener class names from location [META-INF/spring.factories]: [org.springframework.security.test.context.support.WithSecurityContextTestExecutionListener, org.springframework.security.test.context.support.ReactorContextTestExecutionListener, org.springframework.boot.test.autoconfigure.restdocs.RestDocsTestExecutionListener, org.springframework.boot.test.autoconfigure.web.client.MockRestServiceServerResetTestExecutionListener, org.springframework.boot.test.autoconfigure.web.servlet.MockMvcPrintOnlyOnFailureTestExecutionListener, org.springframework.boot.test.autoconfigure.web.servlet.WebDriverTestExecutionListener, org.springframework.boot.test.mock.mockito.MockitoTestExecutionListener, org.springframework.boot.test.mock.mockito.ResetMocksTestExecutionListener, org.springframework.test.context.web.ServletTestExecutionListener, org.springframework.test.context.support.DirtiesContextBeforeModesTestExecutionListener, org.springframework.test.context.support.DependencyInjectionTestExecutionListener, org.springframework.test.context.support.DirtiesContextTestExecutionListener, org.springframework.test.context.transaction.TransactionalTestExecutionListener, org.springframework.test.context.jdbc.SqlScriptsTestExecutionListener, org.springframework.test.context.event.EventPublishingTestExecutionListener]
2020-07-17 00:33:01.704 [THREAD -- Test worker] [CLASS -- o.s.t.c.s.AbstractTestContextBootstrapper] INFO  org.springframework.boot.test.context.SpringBootTestContextBootstrapper - Using TestExecutionListeners: [org.springframework.test.context.web.ServletTestExecutionListener@2be530ab, org.springframework.test.context.support.DirtiesContextBeforeModesTestExecutionListener@73488884, org.springframework.boot.test.mock.mockito.MockitoTestExecutionListener@343a2f47, org.springframework.boot.test.autoconfigure.SpringBootDependencyInjectionTestExecutionListener@1ed7c089, org.springframework.test.context.support.DirtiesContextTestExecutionListener@1c35db90, org.springframework.security.test.context.support.WithSecurityContextTestExecutionListener@2b8e7c3a, org.springframework.test.context.event.EventPublishingTestExecutionListener@4eab3e1b, org.springframework.security.test.context.support.ReactorContextTestExecutionListener@6e587ccf, org.springframework.boot.test.autoconfigure.restdocs.RestDocsTestExecutionListener@5c03d3cf, org.springframework.boot.test.autoconfigure.web.client.MockRestServiceServerResetTestExecutionListener@4b41bd9, org.springframework.boot.test.autoconfigure.web.servlet.MockMvcPrintOnlyOnFailureTestExecutionListener@1378b6b2, org.springframework.boot.test.autoconfigure.web.servlet.WebDriverTestExecutionListener@3eeb0e16, org.springframework.boot.test.mock.mockito.ResetMocksTestExecutionListener@7c343faf]
2020-07-17 00:33:01.724 [THREAD -- Test worker] [CLASS -- C.G.A.User] INFO  CSCI5308.GroupFormationTool.GroupFormationToolApplication - setting Defaults to User
]]></system-out>
  <system-err><![CDATA[]]></system-err>
</testsuite>
