<?xml version="1.0" encoding="UTF-8"?>
<testsuite name="CSCI5308.GroupFormationTool.CoursesTest.StudentCSVParserTest" tests="1" skipped="0" failures="0" errors="0" timestamp="2020-07-16T16:34:32" hostname="DESKTOP-U6HMV4A" time="0.141">
  <properties/>
  <testcase name="parseCSVFile()" classname="CSCI5308.GroupFormationTool.CoursesTest.StudentCSVParserTest" time="0.141"/>
  <system-out><![CDATA[2020-07-16 13:34:32.222  INFO 12608 --- [    Test worker] .b.t.c.SpringBootTestContextBootstrapper : Neither @ContextConfiguration nor @ContextHierarchy found for test class [CSCI5308.GroupFormationTool.CoursesTest.StudentCSVParserTest], using SpringBootContextLoader
2020-07-16 13:34:32.222  INFO 12608 --- [    Test worker] o.s.t.c.support.AbstractContextLoader    : Could not detect default resource locations for test class [CSCI5308.GroupFormationTool.CoursesTest.StudentCSVParserTest]: no resource found for suffixes {-context.xml, Context.groovy}.
2020-07-16 13:34:32.222  INFO 12608 --- [    Test worker] t.c.s.AnnotationConfigContextLoaderUtils : Could not detect default configuration classes for test class [CSCI5308.GroupFormationTool.CoursesTest.StudentCSVParserTest]: StudentCSVParserTest does not declare any static, non-private, non-final, nested classes annotated with @Configuration.
2020-07-16 13:34:32.230  INFO 12608 --- [    Test worker] .b.t.c.SpringBootTestContextBootstrapper : Found @SpringBootConfiguration CSCI5308.GroupFormationTool.GroupFormationToolApplication for test class CSCI5308.GroupFormationTool.CoursesTest.StudentCSVParserTest
2020-07-16 13:34:32.232  INFO 12608 --- [    Test worker] .b.t.c.SpringBootTestContextBootstrapper : Loaded default TestExecutionListener class names from location [META-INF/spring.factories]: [org.springframework.security.test.context.support.WithSecurityContextTestExecutionListener, org.springframework.security.test.context.support.ReactorContextTestExecutionListener, org.springframework.boot.test.autoconfigure.restdocs.RestDocsTestExecutionListener, org.springframework.boot.test.autoconfigure.web.client.MockRestServiceServerResetTestExecutionListener, org.springframework.boot.test.autoconfigure.web.servlet.MockMvcPrintOnlyOnFailureTestExecutionListener, org.springframework.boot.test.autoconfigure.web.servlet.WebDriverTestExecutionListener, org.springframework.boot.test.mock.mockito.MockitoTestExecutionListener, org.springframework.boot.test.mock.mockito.ResetMocksTestExecutionListener, org.springframework.test.context.web.ServletTestExecutionListener, org.springframework.test.context.support.DirtiesContextBeforeModesTestExecutionListener, org.springframework.test.context.support.DependencyInjectionTestExecutionListener, org.springframework.test.context.support.DirtiesContextTestExecutionListener, org.springframework.test.context.transaction.TransactionalTestExecutionListener, org.springframework.test.context.jdbc.SqlScriptsTestExecutionListener, org.springframework.test.context.event.EventPublishingTestExecutionListener]
2020-07-16 13:34:32.232  INFO 12608 --- [    Test worker] .b.t.c.SpringBootTestContextBootstrapper : Using TestExecutionListeners: [org.springframework.test.context.web.ServletTestExecutionListener@14731bf9, org.springframework.test.context.support.DirtiesContextBeforeModesTestExecutionListener@68c9f2c1, org.springframework.boot.test.mock.mockito.MockitoTestExecutionListener@7c5880a0, org.springframework.boot.test.autoconfigure.SpringBootDependencyInjectionTestExecutionListener@3b944cb3, org.springframework.test.context.support.DirtiesContextTestExecutionListener@373434eb, org.springframework.security.test.context.support.WithSecurityContextTestExecutionListener@104c9736, org.springframework.test.context.event.EventPublishingTestExecutionListener@28a9481f, org.springframework.security.test.context.support.ReactorContextTestExecutionListener@31c1786d, org.springframework.boot.test.autoconfigure.restdocs.RestDocsTestExecutionListener@27c481d2, org.springframework.boot.test.autoconfigure.web.client.MockRestServiceServerResetTestExecutionListener@5345473b, org.springframework.boot.test.autoconfigure.web.servlet.MockMvcPrintOnlyOnFailureTestExecutionListener@314e04fc, org.springframework.boot.test.autoconfigure.web.servlet.WebDriverTestExecutionListener@b7610a8, org.springframework.boot.test.mock.mockito.ResetMocksTestExecutionListener@83fca05]
]]></system-out>
  <system-err><![CDATA[]]></system-err>
</testsuite>
