<?xml version="1.0" encoding="UTF-8"?>
<testsuite name="CSCI5308.GroupFormationTool.QuestionsTest.QuestionTest" tests="14" skipped="0" failures="0" errors="0" timestamp="2020-07-17T02:47:05" hostname="Camp_Nou" time="0.071">
  <properties/>
  <testcase name="getTitleTest()" classname="CSCI5308.GroupFormationTool.QuestionsTest.QuestionTest" time="0.01"/>
  <testcase name="getTypeIDTest()" classname="CSCI5308.GroupFormationTool.QuestionsTest.QuestionTest" time="0.004"/>
  <testcase name="setTypeIDTest()" classname="CSCI5308.GroupFormationTool.QuestionsTest.QuestionTest" time="0.004"/>
  <testcase name="MCQuestionCreationTest()" classname="CSCI5308.GroupFormationTool.QuestionsTest.QuestionTest" time="0.005"/>
  <testcase name="loadQuestionByInstIDTest()" classname="CSCI5308.GroupFormationTool.QuestionsTest.QuestionTest" time="0.004"/>
  <testcase name="setTitleTest()" classname="CSCI5308.GroupFormationTool.QuestionsTest.QuestionTest" time="0.003"/>
  <testcase name="QuestionCreationTest()" classname="CSCI5308.GroupFormationTool.QuestionsTest.QuestionTest" time="0.003"/>
  <testcase name="setIdTest()" classname="CSCI5308.GroupFormationTool.QuestionsTest.QuestionTest" time="0.003"/>
  <testcase name="getIdTest()" classname="CSCI5308.GroupFormationTool.QuestionsTest.QuestionTest" time="0.004"/>
  <testcase name="setTextTest()" classname="CSCI5308.GroupFormationTool.QuestionsTest.QuestionTest" time="0.004"/>
  <testcase name="getTextTest()" classname="CSCI5308.GroupFormationTool.QuestionsTest.QuestionTest" time="0.003"/>
  <testcase name="loadQuestionByQIDTest()" classname="CSCI5308.GroupFormationTool.QuestionsTest.QuestionTest" time="0.002"/>
  <testcase name="ConstructorTest()" classname="CSCI5308.GroupFormationTool.QuestionsTest.QuestionTest" time="0.005"/>
  <testcase name="deleteQuestionByIdTest()" classname="CSCI5308.GroupFormationTool.QuestionsTest.QuestionTest" time="0.003"/>
  <system-out><![CDATA[2020-07-16 23:47:05.175  INFO 5156 --- [    Test worker] .b.t.c.SpringBootTestContextBootstrapper : Neither @ContextConfiguration nor @ContextHierarchy found for test class [CSCI5308.GroupFormationTool.QuestionsTest.QuestionTest], using SpringBootContextLoader
2020-07-16 23:47:05.176  INFO 5156 --- [    Test worker] o.s.t.c.support.AbstractContextLoader    : Could not detect default resource locations for test class [CSCI5308.GroupFormationTool.QuestionsTest.QuestionTest]: no resource found for suffixes {-context.xml, Context.groovy}.
2020-07-16 23:47:05.176  INFO 5156 --- [    Test worker] t.c.s.AnnotationConfigContextLoaderUtils : Could not detect default configuration classes for test class [CSCI5308.GroupFormationTool.QuestionsTest.QuestionTest]: QuestionTest does not declare any static, non-private, non-final, nested classes annotated with @Configuration.
2020-07-16 23:47:05.186  INFO 5156 --- [    Test worker] .b.t.c.SpringBootTestContextBootstrapper : Found @SpringBootConfiguration CSCI5308.GroupFormationTool.GroupFormationToolApplication for test class CSCI5308.GroupFormationTool.QuestionsTest.QuestionTest
2020-07-16 23:47:05.189  INFO 5156 --- [    Test worker] .b.t.c.SpringBootTestContextBootstrapper : Loaded default TestExecutionListener class names from location [META-INF/spring.factories]: [org.springframework.security.test.context.support.WithSecurityContextTestExecutionListener, org.springframework.security.test.context.support.ReactorContextTestExecutionListener, org.springframework.boot.test.autoconfigure.restdocs.RestDocsTestExecutionListener, org.springframework.boot.test.autoconfigure.web.client.MockRestServiceServerResetTestExecutionListener, org.springframework.boot.test.autoconfigure.web.servlet.MockMvcPrintOnlyOnFailureTestExecutionListener, org.springframework.boot.test.autoconfigure.web.servlet.WebDriverTestExecutionListener, org.springframework.boot.test.mock.mockito.MockitoTestExecutionListener, org.springframework.boot.test.mock.mockito.ResetMocksTestExecutionListener, org.springframework.test.context.web.ServletTestExecutionListener, org.springframework.test.context.support.DirtiesContextBeforeModesTestExecutionListener, org.springframework.test.context.support.DependencyInjectionTestExecutionListener, org.springframework.test.context.support.DirtiesContextTestExecutionListener, org.springframework.test.context.transaction.TransactionalTestExecutionListener, org.springframework.test.context.jdbc.SqlScriptsTestExecutionListener, org.springframework.test.context.event.EventPublishingTestExecutionListener]
2020-07-16 23:47:05.192  INFO 5156 --- [    Test worker] .b.t.c.SpringBootTestContextBootstrapper : Using TestExecutionListeners: [org.springframework.test.context.web.ServletTestExecutionListener@4e7ac79c, org.springframework.test.context.support.DirtiesContextBeforeModesTestExecutionListener@508fef0c, org.springframework.boot.test.mock.mockito.MockitoTestExecutionListener@15e4f162, org.springframework.boot.test.autoconfigure.SpringBootDependencyInjectionTestExecutionListener@1c2b995, org.springframework.test.context.support.DirtiesContextTestExecutionListener@199cc816, org.springframework.security.test.context.support.WithSecurityContextTestExecutionListener@36c4a3a6, org.springframework.test.context.event.EventPublishingTestExecutionListener@4192bfd, org.springframework.security.test.context.support.ReactorContextTestExecutionListener@108324fa, org.springframework.boot.test.autoconfigure.restdocs.RestDocsTestExecutionListener@6f208284, org.springframework.boot.test.autoconfigure.web.client.MockRestServiceServerResetTestExecutionListener@7ceac555, org.springframework.boot.test.autoconfigure.web.servlet.MockMvcPrintOnlyOnFailureTestExecutionListener@31e14ff6, org.springframework.boot.test.autoconfigure.web.servlet.WebDriverTestExecutionListener@384c19c4, org.springframework.boot.test.mock.mockito.ResetMocksTestExecutionListener@531388eb]
]]></system-out>
  <system-err><![CDATA[]]></system-err>
</testsuite>
